<?xml version="1.0" encoding="UTF-8"?>
<coverage generated="1784829679555" clover="3.2.0">
  <project timestamp="1784829679580" name="All files">
    <metrics statements="590" coveredstatements="420" conditionals="259" coveredconditionals="131" methods="212" coveredmethods="150" elements="1061" coveredelements="701" complexity="0" loc="590" ncloc="590" packages="25" files="34" classes="34"/>
    <package name="src">
      <metrics statements="18" coveredstatements="18" conditionals="0" coveredconditionals="0" methods="0" coveredmethods="0"/>
      <file name="app.ts" path="\\weg.net\DFSWEG\GROUPS\BR_SC_ITJ_WMO_FABRICACAO_FIOS\FABRICACAO_FIOS\Gustavo dos Santos Fernandes\07 - Projetos\Fieiras\back-end\src\app.ts">
        <metrics statements="18" coveredstatements="18" conditionals="0" coveredconditionals="0" methods="0" coveredmethods="0"/>
        <line num="20" count="1" type="stmt"/>
        <line num="21" count="1" type="stmt"/>
        <line num="23" count="1" type="stmt"/>
        <line num="24" count="1" type="stmt"/>
        <line num="25" count="1" type="stmt"/>
        <line num="26" count="1" type="stmt"/>
        <line num="27" count="1" type="stmt"/>
        <line num="31" count="1" type="stmt"/>
        <line num="35" count="1" type="stmt"/>
        <line num="37" count="1" type="stmt"/>
        <line num="38" count="1" type="stmt"/>
        <line num="39" count="1" type="stmt"/>
        <line num="40" count="1" type="stmt"/>
        <line num="41" count="1" type="stmt"/>
        <line num="44" count="1" type="stmt"/>
        <line num="45" count="1" type="stmt"/>
        <line num="47" count="1" type="stmt"/>
        <line num="57" count="1" type="stmt"/>
      </file>
    </package>
    <package name="src.config">
      <metrics statements="5" coveredstatements="5" conditionals="0" coveredconditionals="0" methods="0" coveredmethods="0"/>
      <file name="db.ts" path="\\weg.net\DFSWEG\GROUPS\BR_SC_ITJ_WMO_FABRICACAO_FIOS\FABRICACAO_FIOS\Gustavo dos Santos Fernandes\07 - Projetos\Fieiras\back-end\src\config\db.ts">
        <metrics statements="5" coveredstatements="5" conditionals="0" coveredconditionals="0" methods="0" coveredmethods="0"/>
        <line num="6" count="1" type="stmt"/>
        <line num="8" count="1" type="stmt"/>
        <line num="10" count="1" type="stmt"/>
        <line num="12" count="1" type="stmt"/>
        <line num="14" count="1" type="stmt"/>
      </file>
    </package>
    <package name="src.core.shared.errors">
      <metrics statements="9" coveredstatements="8" conditionals="4" coveredconditionals="0" methods="4" coveredmethods="3"/>
      <file name="baseError.ts" path="\\weg.net\DFSWEG\GROUPS\BR_SC_ITJ_WMO_FABRICACAO_FIOS\FABRICACAO_FIOS\Gustavo dos Santos Fernandes\07 - Projetos\Fieiras\back-end\src\core\shared\errors\baseError.ts">
        <metrics statements="5" coveredstatements="4" conditionals="2" coveredconditionals="0" methods="2" coveredmethods="1"/>
        <line num="10" count="54" type="stmt"/>
        <line num="11" count="54" type="stmt"/>
        <line num="12" count="54" type="stmt"/>
        <line num="13" count="54" type="stmt"/>
        <line num="17" count="0" type="stmt"/>
      </file>
      <file name="incorrectRequest.ts" path="\\weg.net\DFSWEG\GROUPS\BR_SC_ITJ_WMO_FABRICACAO_FIOS\FABRICACAO_FIOS\Gustavo dos Santos Fernandes\07 - Projetos\Fieiras\back-end\src\core\shared\errors\incorrectRequest.ts">
        <metrics statements="3" coveredstatements="3" conditionals="1" coveredconditionals="0" methods="1" coveredmethods="1"/>
        <line num="8" count="42" type="stmt"/>
        <line num="9" count="42" type="stmt"/>
        <line num="11" count="42" type="stmt"/>
      </file>
      <file name="notFound.ts" path="\\weg.net\DFSWEG\GROUPS\BR_SC_ITJ_WMO_FABRICACAO_FIOS\FABRICACAO_FIOS\Gustavo dos Santos Fernandes\07 - Projetos\Fieiras\back-end\src\core\shared\errors\notFound.ts">
        <metrics statements="1" coveredstatements="1" conditionals="1" coveredconditionals="0" methods="1" coveredmethods="1"/>
        <line num="5" count="12" type="stmt"/>
      </file>
    </package>
    <package name="src.domain.stock.entity">
      <metrics statements="191" coveredstatements="133" conditionals="140" coveredconditionals="84" methods="68" coveredmethods="53"/>
      <file name="stock-history.ts" path="\\weg.net\DFSWEG\GROUPS\BR_SC_ITJ_WMO_FABRICACAO_FIOS\FABRICACAO_FIOS\Gustavo dos Santos Fernandes\07 - Projetos\Fieiras\back-end\src\domain\stock\entity\stock-history.ts">
        <metrics statements="119" coveredstatements="61" conditionals="94" coveredconditionals="39" methods="43" coveredmethods="28"/>
        <line num="17" count="79" type="stmt"/>
        <line num="20" count="79" type="stmt"/>
        <line num="29" count="0" type="cond" truecount="0" falsecount="1"/>
        <line num="36" count="0" type="stmt"/>
        <line num="47" count="28" type="cond" truecount="6" falsecount="0"/>
        <line num="51" count="28" type="cond" truecount="1" falsecount="0"/>
        <line num="56" count="25" type="stmt"/>
        <line num="63" count="0" type="cond" truecount="0" falsecount="1"/>
        <line num="64" count="0" type="stmt"/>
        <line num="71" count="0" type="cond" truecount="0" falsecount="1"/>
        <line num="72" count="0" type="stmt"/>
        <line num="82" count="0" type="cond" truecount="0" falsecount="1"/>
        <line num="83" count="0" type="stmt"/>
        <line num="84" count="0" type="stmt"/>
        <line num="86" count="0" type="cond" truecount="0" falsecount="1"/>
        <line num="87" count="0" type="stmt"/>
        <line num="92" count="0" type="stmt"/>
        <line num="93" count="0" type="stmt"/>
        <line num="95" count="0" type="cond" truecount="0" falsecount="1"/>
        <line num="96" count="0" type="stmt"/>
        <line num="110" count="0" type="cond" truecount="0" falsecount="1"/>
        <line num="111" count="0" type="stmt"/>
        <line num="118" count="0" type="stmt"/>
        <line num="119" count="0" type="stmt"/>
        <line num="122" count="0" type="cond" truecount="0" falsecount="1"/>
        <line num="123" count="0" type="stmt"/>
        <line num="128" count="0" type="stmt"/>
        <line num="129" count="0" type="stmt"/>
        <line num="132" count="0" type="cond" truecount="0" falsecount="1"/>
        <line num="133" count="0" type="stmt"/>
        <line num="146" count="0" type="stmt"/>
        <line num="153" count="0" type="stmt"/>
        <line num="155" count="0" type="cond" truecount="0" falsecount="2"/>
        <line num="157" count="0" type="cond" truecount="0" falsecount="1"/>
        <line num="158" count="0" type="cond" truecount="0" falsecount="1"/>
        <line num="162" count="0" type="stmt"/>
        <line num="177" count="3" type="cond" truecount="1" falsecount="0"/>
        <line num="178" count="3" type="cond" truecount="1" falsecount="0"/>
        <line num="179" count="1" type="stmt"/>
        <line num="185" count="2" type="cond" truecount="0" falsecount="2"/>
        <line num="187" count="0" type="stmt"/>
        <line num="188" count="0" type="stmt"/>
        <line num="191" count="0" type="stmt"/>
        <line num="198" count="0" type="stmt"/>
        <line num="209" count="0" type="cond" truecount="0" falsecount="1"/>
        <line num="210" count="0" type="cond" truecount="0" falsecount="1"/>
        <line num="211" count="0" type="stmt"/>
        <line num="215" count="0" type="cond" truecount="0" falsecount="1"/>
        <line num="216" count="0" type="stmt"/>
        <line num="218" count="0" type="stmt"/>
        <line num="220" count="0" type="cond" truecount="0" falsecount="1"/>
        <line num="221" count="0" type="stmt"/>
        <line num="226" count="0" type="stmt"/>
        <line num="231" count="0" type="cond" truecount="0" falsecount="1"/>
        <line num="232" count="0" type="stmt"/>
        <line num="245" count="3" type="stmt"/>
        <line num="247" count="4" type="cond" truecount="1" falsecount="1"/>
        <line num="253" count="3" type="stmt"/>
        <line num="255" count="0" type="cond" truecount="0" falsecount="2"/>
        <line num="259" count="0" type="stmt"/>
        <line num="268" count="3" type="stmt"/>
        <line num="270" count="3" type="stmt"/>
        <line num="272" count="3" type="cond" truecount="1" falsecount="3"/>
        <line num="273" count="0" type="cond" truecount="0" falsecount="1"/>
        <line num="277" count="0" type="stmt"/>
        <line num="283" count="3" type="cond" truecount="1" falsecount="3"/>
        <line num="284" count="0" type="cond" truecount="0" falsecount="1"/>
        <line num="292" count="0" type="stmt"/>
        <line num="306" count="28" type="cond" truecount="2" falsecount="0"/>
        <line num="308" count="28" type="cond" truecount="4" falsecount="0"/>
        <line num="310" count="28" type="cond" truecount="4" falsecount="0"/>
        <line num="311" count="28" type="cond" truecount="2" falsecount="0"/>
        <line num="313" count="34" type="stmt"/>
        <line num="314" count="57" type="stmt"/>
        <line num="316" count="28" type="stmt"/>
        <line num="317" count="28" type="stmt"/>
        <line num="319" count="28" type="stmt"/>
        <line num="326" count="3" type="stmt"/>
        <line num="333" count="3" type="cond" truecount="1" falsecount="3"/>
        <line num="335" count="0" type="stmt"/>
        <line num="336" count="0" type="stmt"/>
        <line num="339" count="0" type="stmt"/>
        <line num="340" count="0" type="stmt"/>
        <line num="343" count="3" type="stmt"/>
        <line num="351" count="2" type="stmt"/>
        <line num="354" count="0" type="stmt"/>
        <line num="361" count="0" type="stmt"/>
        <line num="364" count="2" type="stmt"/>
        <line num="365" count="2" type="cond" truecount="1" falsecount="1"/>
        <line num="366" count="2" type="cond" truecount="1" falsecount="1"/>
        <line num="367" count="2" type="stmt"/>
        <line num="368" count="2" type="stmt"/>
        <line num="372" count="4" type="cond" truecount="1" falsecount="0"/>
        <line num="373" count="1" type="stmt"/>
        <line num="378" count="7" type="stmt"/>
        <line num="379" count="8" type="stmt"/>
        <line num="380" count="3" type="stmt"/>
        <line num="382" count="3" type="cond" truecount="1" falsecount="0"/>
        <line num="383" count="1" type="stmt"/>
        <line num="384" count="1" type="stmt"/>
        <line num="386" count="1" type="stmt"/>
        <line num="387" count="2" type="stmt"/>
        <line num="389" count="1" type="cond" truecount="2" falsecount="1"/>
        <line num="390" count="1" type="stmt"/>
        <line num="398" count="6" type="stmt"/>
        <line num="402" count="2" type="stmt"/>
        <line num="404" count="2" type="stmt"/>
        <line num="405" count="6" type="stmt"/>
        <line num="410" count="6" type="cond" truecount="2" falsecount="0"/>
        <line num="411" count="6" type="stmt"/>
        <line num="416" count="237" type="stmt"/>
        <line num="420" count="11" type="stmt"/>
        <line num="424" count="21" type="stmt"/>
        <line num="427" count="4" type="stmt"/>
        <line num="430" count="4" type="stmt"/>
        <line num="434" count="9" type="cond" truecount="2" falsecount="0"/>
        <line num="437" count="5" type="cond" truecount="1" falsecount="1"/>
        <line num="440" count="7" type="stmt"/>
        <line num="443" count="3" type="stmt"/>
      </file>
      <file name="stock.ts" path="\\weg.net\DFSWEG\GROUPS\BR_SC_ITJ_WMO_FABRICACAO_FIOS\FABRICACAO_FIOS\Gustavo dos Santos Fernandes\07 - Projetos\Fieiras\back-end\src\domain\stock\entity\stock.ts">
        <metrics statements="72" coveredstatements="72" conditionals="46" coveredconditionals="45" methods="25" coveredmethods="25"/>
        <line num="4" count="10" type="cond" truecount="2" falsecount="0"/>
        <line num="5" count="10" type="stmt"/>
        <line num="6" count="10" type="stmt"/>
        <line num="7" count="10" type="stmt"/>
        <line num="8" count="10" type="stmt"/>
        <line num="31" count="27" type="stmt"/>
        <line num="34" count="17" type="stmt"/>
        <line num="48" count="10" type="stmt"/>
        <line num="52" count="33" type="cond" truecount="1" falsecount="0"/>
        <line num="56" count="1" type="stmt"/>
        <line num="63" count="32" type="cond" truecount="1" falsecount="0"/>
        <line num="67" count="1" type="stmt"/>
        <line num="74" count="31" type="cond" truecount="1" falsecount="0"/>
        <line num="75" count="6" type="cond" truecount="3" falsecount="0"/>
        <line num="76" count="2" type="stmt"/>
        <line num="84" count="35" type="cond" truecount="1" falsecount="0"/>
        <line num="85" count="1" type="stmt"/>
        <line num="92" count="34" type="cond" truecount="3" falsecount="0"/>
        <line num="93" count="1" type="stmt"/>
        <line num="103" count="15" type="cond" truecount="1" falsecount="0"/>
        <line num="104" count="1" type="stmt"/>
        <line num="109" count="14" type="cond" truecount="4" falsecount="0"/>
        <line num="110" count="3" type="stmt"/>
        <line num="115" count="11" type="cond" truecount="1" falsecount="0"/>
        <line num="119" count="1" type="stmt"/>
        <line num="124" count="10" type="cond" truecount="3" falsecount="0"/>
        <line num="125" count="1" type="stmt"/>
        <line num="132" count="15" type="stmt"/>
        <line num="133" count="15" type="stmt"/>
        <line num="134" count="15" type="stmt"/>
        <line num="135" count="15" type="stmt"/>
        <line num="139" count="9" type="stmt"/>
        <line num="140" count="9" type="stmt"/>
        <line num="141" count="9" type="cond" truecount="1" falsecount="1"/>
        <line num="142" count="9" type="stmt"/>
        <line num="146" count="35" type="stmt"/>
        <line num="148" count="34" type="stmt"/>
        <line num="150" count="33" type="stmt"/>
        <line num="152" count="32" type="stmt"/>
        <line num="154" count="31" type="cond" truecount="1" falsecount="0"/>
        <line num="155" count="15" type="stmt"/>
        <line num="158" count="31" type="stmt"/>
        <line num="160" count="29" type="cond" truecount="3" falsecount="0"/>
        <line num="161" count="15" type="stmt"/>
        <line num="162" count="9" type="stmt"/>
        <line num="165" count="23" type="stmt"/>
        <line num="166" count="23" type="stmt"/>
        <line num="170" count="2" type="stmt"/>
        <line num="171" count="2" type="stmt"/>
        <line num="172" count="2" type="stmt"/>
        <line num="173" count="2" type="stmt"/>
        <line num="175" count="3" type="stmt"/>
        <line num="177" count="2" type="stmt"/>
        <line num="178" count="5" type="cond" truecount="1" falsecount="0"/>
        <line num="182" count="1" type="stmt"/>
        <line num="183" count="1" type="stmt"/>
        <line num="185" count="1" type="cond" truecount="3" falsecount="0"/>
        <line num="186" count="1" type="stmt"/>
        <line num="188" count="1" type="cond" truecount="3" falsecount="0"/>
        <line num="189" count="1" type="stmt"/>
        <line num="192" count="1" type="stmt"/>
        <line num="196" count="2" type="stmt"/>
        <line num="200" count="8" type="stmt"/>
        <line num="203" count="6" type="stmt"/>
        <line num="206" count="6" type="stmt"/>
        <line num="209" count="10" type="stmt"/>
        <line num="212" count="8" type="stmt"/>
        <line num="215" count="8" type="stmt"/>
        <line num="219" count="8" type="cond" truecount="2" falsecount="0"/>
        <line num="222" count="8" type="cond" truecount="2" falsecount="0"/>
        <line num="225" count="8" type="stmt"/>
        <line num="228" count="7" type="stmt"/>
      </file>
    </package>
    <package name="src.generated.prisma">
      <metrics statements="3" coveredstatements="3" conditionals="0" coveredconditionals="0" methods="0" coveredmethods="0"/>
      <file name="client.ts" path="\\weg.net\DFSWEG\GROUPS\BR_SC_ITJ_WMO_FABRICACAO_FIOS\FABRICACAO_FIOS\Gustavo dos Santos Fernandes\07 - Projetos\Fieiras\back-end\src\generated\prisma\client.ts">
        <metrics statements="2" coveredstatements="2" conditionals="0" coveredconditionals="0" methods="0" coveredmethods="0"/>
        <line num="16" count="1" type="stmt"/>
        <line num="40" count="1" type="stmt"/>
      </file>
      <file name="enums.ts" path="\\weg.net\DFSWEG\GROUPS\BR_SC_ITJ_WMO_FABRICACAO_FIOS\FABRICACAO_FIOS\Gustavo dos Santos Fernandes\07 - Projetos\Fieiras\back-end\src\generated\prisma\enums.ts">
        <metrics statements="1" coveredstatements="1" conditionals="0" coveredconditionals="0" methods="0" coveredmethods="0"/>
        <line num="12" count="1" type="stmt"/>
      </file>
    </package>
    <package name="src.generated.prisma.internal">
      <metrics statements="42" coveredstatements="42" conditionals="0" coveredconditionals="0" methods="4" coveredmethods="4"/>
      <file name="class.ts" path="\\weg.net\DFSWEG\GROUPS\BR_SC_ITJ_WMO_FABRICACAO_FIOS\FABRICACAO_FIOS\Gustavo dos Santos Fernandes\07 - Projetos\Fieiras\back-end\src\generated\prisma\internal\class.ts">
        <metrics statements="11" coveredstatements="11" conditionals="0" coveredconditionals="0" methods="4" coveredmethods="4"/>
        <line num="18" count="1" type="stmt"/>
        <line num="35" count="1" type="stmt"/>
        <line num="36" count="1" type="stmt"/>
        <line num="42" count="1" type="stmt"/>
        <line num="43" count="1" type="stmt"/>
        <line num="44" count="1" type="stmt"/>
        <line num="47" count="1" type="stmt"/>
        <line num="48" count="1" type="stmt"/>
        <line num="51" count="1" type="stmt"/>
        <line num="52" count="1" type="stmt"/>
        <line num="273" count="1" type="stmt"/>
      </file>
      <file name="prismaNamespace.ts" path="\\weg.net\DFSWEG\GROUPS\BR_SC_ITJ_WMO_FABRICACAO_FIOS\FABRICACAO_FIOS\Gustavo dos Santos Fernandes\07 - Projetos\Fieiras\back-end\src\generated\prisma\internal\prismaNamespace.ts">
        <metrics statements="31" coveredstatements="31" conditionals="0" coveredconditionals="0" methods="0" coveredmethods="0"/>
        <line num="32" count="1" type="stmt"/>
        <line num="35" count="1" type="stmt"/>
        <line num="38" count="1" type="stmt"/>
        <line num="41" count="1" type="stmt"/>
        <line num="44" count="1" type="stmt"/>
        <line num="50" count="1" type="stmt"/>
        <line num="51" count="1" type="stmt"/>
        <line num="52" count="1" type="stmt"/>
        <line num="53" count="1" type="stmt"/>
        <line num="54" count="1" type="stmt"/>
        <line num="62" count="1" type="stmt"/>
        <line num="71" count="1" type="stmt"/>
        <line num="86" count="1" type="stmt"/>
        <line num="104" count="1" type="stmt"/>
        <line num="114" count="1" type="stmt"/>
        <line num="121" count="1" type="stmt"/>
        <line num="128" count="1" type="stmt"/>
        <line num="386" count="1" type="stmt"/>
        <line num="1035" count="1" type="stmt"/>
        <line num="1045" count="1" type="stmt"/>
        <line num="1055" count="1" type="stmt"/>
        <line num="1070" count="1" type="stmt"/>
        <line num="1088" count="1" type="stmt"/>
        <line num="1104" count="1" type="stmt"/>
        <line num="1116" count="1" type="stmt"/>
        <line num="1125" count="1" type="stmt"/>
        <line num="1134" count="1" type="stmt"/>
        <line num="1149" count="1" type="stmt"/>
        <line num="1157" count="1" type="stmt"/>
        <line num="1165" count="1" type="stmt"/>
        <line num="1269" count="1" type="stmt"/>
      </file>
    </package>
    <package name="src.infra.api.express">
      <metrics statements="18" coveredstatements="13" conditionals="2" coveredconditionals="2" methods="9" coveredmethods="5"/>
      <file name="api.express.ts" path="\\weg.net\DFSWEG\GROUPS\BR_SC_ITJ_WMO_FABRICACAO_FIOS\FABRICACAO_FIOS\Gustavo dos Santos Fernandes\07 - Projetos\Fieiras\back-end\src\infra\api\express\api.express.ts">
        <metrics statements="18" coveredstatements="13" conditionals="2" coveredconditionals="2" methods="9" coveredmethods="5"/>
        <line num="12" count="1" type="stmt"/>
        <line num="13" count="1" type="stmt"/>
        <line num="14" count="1" type="stmt"/>
        <line num="15" count="1" type="stmt"/>
        <line num="16" count="1" type="stmt"/>
        <line num="20" count="1" type="stmt"/>
        <line num="24" count="1" type="stmt"/>
        <line num="25" count="7" type="stmt"/>
        <line num="26" count="7" type="stmt"/>
        <line num="27" count="7" type="cond" truecount="2" falsecount="0"/>
        <line num="28" count="7" type="stmt"/>
        <line num="30" count="7" type="stmt"/>
        <line num="35" count="0" type="stmt"/>
        <line num="36" count="0" type="stmt"/>
        <line num="37" count="0" type="stmt"/>
        <line num="42" count="0" type="stmt"/>
        <line num="47" count="0" type="stmt"/>
        <line num="51" count="1" type="stmt"/>
      </file>
    </package>
    <package name="src.infra.api.express.routes">
      <metrics statements="1" coveredstatements="1" conditionals="0" coveredconditionals="0" methods="0" coveredmethods="0"/>
      <file name="route.ts" path="\\weg.net\DFSWEG\GROUPS\BR_SC_ITJ_WMO_FABRICACAO_FIOS\FABRICACAO_FIOS\Gustavo dos Santos Fernandes\07 - Projetos\Fieiras\back-end\src\infra\api\express\routes\route.ts">
        <metrics statements="1" coveredstatements="1" conditionals="0" coveredconditionals="0" methods="0" coveredmethods="0"/>
        <line num="6" count="1" type="stmt"/>
      </file>
    </package>
    <package name="src.infra.api.express.routes.stock-history">
      <metrics statements="29" coveredstatements="16" conditionals="10" coveredconditionals="0" methods="15" coveredmethods="11"/>
      <file name="delete-stock-history.express.route.ts" path="\\weg.net\DFSWEG\GROUPS\BR_SC_ITJ_WMO_FABRICACAO_FIOS\FABRICACAO_FIOS\Gustavo dos Santos Fernandes\07 - Projetos\Fieiras\back-end\src\infra\api\express\routes\stock-history\delete-stock-history.express.route.ts">
        <metrics statements="13" coveredstatements="7" conditionals="0" coveredconditionals="0" methods="7" coveredmethods="5"/>
        <line num="21" count="1" type="stmt"/>
        <line num="22" count="1" type="stmt"/>
        <line num="23" count="1" type="stmt"/>
        <line num="27" count="1" type="stmt"/>
        <line num="35" count="1" type="stmt"/>
        <line num="36" count="0" type="stmt"/>
        <line num="38" count="0" type="stmt"/>
        <line num="42" count="0" type="stmt"/>
        <line num="44" count="0" type="stmt"/>
        <line num="46" count="0" type="stmt"/>
        <line num="51" count="1" type="stmt"/>
        <line num="55" count="1" type="stmt"/>
        <line num="61" count="0" type="stmt"/>
      </file>
      <file name="update-stock-history.express.route.ts" path="\\weg.net\DFSWEG\GROUPS\BR_SC_ITJ_WMO_FABRICACAO_FIOS\FABRICACAO_FIOS\Gustavo dos Santos Fernandes\07 - Projetos\Fieiras\back-end\src\infra\api\express\routes\stock-history\update-stock-history.express.route.ts">
        <metrics statements="16" coveredstatements="9" conditionals="10" coveredconditionals="0" methods="8" coveredmethods="6"/>
        <line num="24" count="1" type="stmt"/>
        <line num="25" count="1" type="stmt"/>
        <line num="26" count="1" type="stmt"/>
        <line num="30" count="1" type="stmt"/>
        <line num="38" count="1" type="stmt"/>
        <line num="39" count="0" type="stmt"/>
        <line num="41" count="0" type="stmt"/>
        <line num="43" count="0" type="stmt"/>
        <line num="61" count="0" type="stmt"/>
        <line num="63" count="0" type="stmt"/>
        <line num="65" count="0" type="stmt"/>
        <line num="70" count="1" type="stmt"/>
        <line num="74" count="1" type="stmt"/>
        <line num="78" count="1" type="stmt"/>
        <line num="80" count="1" type="stmt"/>
        <line num="86" count="0" type="stmt"/>
      </file>
    </package>
    <package name="src.infra.api.express.routes.stock.create">
      <metrics statements="14" coveredstatements="11" conditionals="0" coveredconditionals="0" methods="8" coveredmethods="7"/>
      <file name="create-stock.express.route.ts" path="\\weg.net\DFSWEG\GROUPS\BR_SC_ITJ_WMO_FABRICACAO_FIOS\FABRICACAO_FIOS\Gustavo dos Santos Fernandes\07 - Projetos\Fieiras\back-end\src\infra\api\express\routes\stock\create\create-stock.express.route.ts">
        <metrics statements="14" coveredstatements="11" conditionals="0" coveredconditionals="0" methods="8" coveredmethods="7"/>
        <line num="21" count="1" type="stmt"/>
        <line num="22" count="1" type="stmt"/>
        <line num="23" count="1" type="stmt"/>
        <line num="27" count="1" type="stmt"/>
        <line num="31" count="1" type="stmt"/>
        <line num="32" count="1" type="stmt"/>
        <line num="38" count="1" type="stmt"/>
        <line num="40" count="0" type="stmt"/>
        <line num="42" count="0" type="stmt"/>
        <line num="47" count="1" type="stmt"/>
        <line num="51" count="1" type="stmt"/>
        <line num="55" count="1" type="stmt"/>
        <line num="57" count="1" type="stmt"/>
        <line num="61" count="0" type="stmt"/>
      </file>
    </package>
    <package name="src.infra.api.express.routes.stock.delete">
      <metrics statements="13" coveredstatements="7" conditionals="0" coveredconditionals="0" methods="7" coveredmethods="5"/>
      <file name="delete-stock.express.route.ts" path="\\weg.net\DFSWEG\GROUPS\BR_SC_ITJ_WMO_FABRICACAO_FIOS\FABRICACAO_FIOS\Gustavo dos Santos Fernandes\07 - Projetos\Fieiras\back-end\src\infra\api\express\routes\stock\delete\delete-stock.express.route.ts">
        <metrics statements="13" coveredstatements="7" conditionals="0" coveredconditionals="0" methods="7" coveredmethods="5"/>
        <line num="24" count="1" type="stmt"/>
        <line num="25" count="1" type="stmt"/>
        <line num="26" count="1" type="stmt"/>
        <line num="30" count="1" type="stmt"/>
        <line num="34" count="1" type="stmt"/>
        <line num="35" count="0" type="stmt"/>
        <line num="37" count="0" type="stmt"/>
        <line num="41" count="0" type="stmt"/>
        <line num="43" count="0" type="stmt"/>
        <line num="45" count="0" type="stmt"/>
        <line num="50" count="1" type="stmt"/>
        <line num="54" count="1" type="stmt"/>
        <line num="58" count="0" type="stmt"/>
      </file>
    </package>
    <package name="src.infra.api.express.routes.stock.find-by-id">
      <metrics statements="14" coveredstatements="7" conditionals="3" coveredconditionals="0" methods="6" coveredmethods="5"/>
      <file name="find-stock-by-id.express.route.ts" path="\\weg.net\DFSWEG\GROUPS\BR_SC_ITJ_WMO_FABRICACAO_FIOS\FABRICACAO_FIOS\Gustavo dos Santos Fernandes\07 - Projetos\Fieiras\back-end\src\infra\api\express\routes\stock\find-by-id\find-stock-by-id.express.route.ts">
        <metrics statements="14" coveredstatements="7" conditionals="3" coveredconditionals="0" methods="6" coveredmethods="5"/>
        <line num="8" count="1" type="stmt"/>
        <line num="9" count="1" type="stmt"/>
        <line num="10" count="1" type="stmt"/>
        <line num="14" count="1" type="stmt"/>
        <line num="18" count="1" type="stmt"/>
        <line num="19" count="0" type="stmt"/>
        <line num="20" count="0" type="stmt"/>
        <line num="22" count="0" type="cond" truecount="0" falsecount="1"/>
        <line num="23" count="0" type="stmt"/>
        <line num="28" count="0" type="stmt"/>
        <line num="30" count="0" type="stmt"/>
        <line num="32" count="0" type="cond" truecount="0" falsecount="2"/>
        <line num="38" count="1" type="stmt"/>
        <line num="42" count="1" type="stmt"/>
      </file>
    </package>
    <package name="src.infra.api.express.routes.stock.list">
      <metrics statements="13" coveredstatements="7" conditionals="0" coveredconditionals="0" methods="8" coveredmethods="5"/>
      <file name="list-stock.express.route.ts" path="\\weg.net\DFSWEG\GROUPS\BR_SC_ITJ_WMO_FABRICACAO_FIOS\FABRICACAO_FIOS\Gustavo dos Santos Fernandes\07 - Projetos\Fieiras\back-end\src\infra\api\express\routes\stock\list\list-stock.express.route.ts">
        <metrics statements="13" coveredstatements="7" conditionals="0" coveredconditionals="0" methods="8" coveredmethods="5"/>
        <line num="26" count="1" type="stmt"/>
        <line num="27" count="1" type="stmt"/>
        <line num="28" count="1" type="stmt"/>
        <line num="32" count="1" type="stmt"/>
        <line num="36" count="1" type="stmt"/>
        <line num="37" count="0" type="stmt"/>
        <line num="39" count="0" type="stmt"/>
        <line num="41" count="0" type="stmt"/>
        <line num="46" count="1" type="stmt"/>
        <line num="50" count="1" type="stmt"/>
        <line num="54" count="0" type="stmt"/>
        <line num="55" count="0" type="stmt"/>
        <line num="69" count="0" type="stmt"/>
      </file>
    </package>
    <package name="src.infra.api.express.routes.stock.update">
      <metrics statements="18" coveredstatements="9" conditionals="15" coveredconditionals="0" methods="8" coveredmethods="6"/>
      <file name="update-stock.express.route.ts" path="\\weg.net\DFSWEG\GROUPS\BR_SC_ITJ_WMO_FABRICACAO_FIOS\FABRICACAO_FIOS\Gustavo dos Santos Fernandes\07 - Projetos\Fieiras\back-end\src\infra\api\express\routes\stock\update\update-stock.express.route.ts">
        <metrics statements="18" coveredstatements="9" conditionals="15" coveredconditionals="0" methods="8" coveredmethods="6"/>
        <line num="27" count="1" type="stmt"/>
        <line num="28" count="1" type="stmt"/>
        <line num="29" count="1" type="stmt"/>
        <line num="33" count="1" type="stmt"/>
        <line num="37" count="1" type="stmt"/>
        <line num="39" count="0" type="stmt"/>
        <line num="41" count="0" type="stmt"/>
        <line num="52" count="0" type="cond" truecount="0" falsecount="3"/>
        <line num="53" count="0" type="stmt"/>
        <line num="56" count="0" type="stmt"/>
        <line num="58" count="0" type="stmt"/>
        <line num="60" count="0" type="stmt"/>
        <line num="65" count="1" type="stmt"/>
        <line num="69" count="1" type="stmt"/>
        <line num="73" count="1" type="stmt"/>
        <line num="75" count="1" type="stmt"/>
        <line num="79" count="0" type="stmt"/>
        <line num="92" count="0" type="stmt"/>
      </file>
    </package>
    <package name="src.infra.api.express.validators.stock">
      <metrics statements="14" coveredstatements="7" conditionals="6" coveredconditionals="0" methods="8" coveredmethods="3"/>
      <file name="create-stock.zod.validator.ts" path="\\weg.net\DFSWEG\GROUPS\BR_SC_ITJ_WMO_FABRICACAO_FIOS\FABRICACAO_FIOS\Gustavo dos Santos Fernandes\07 - Projetos\Fieiras\back-end\src\infra\api\express\validators\stock\create-stock.zod.validator.ts">
        <metrics statements="5" coveredstatements="4" conditionals="0" coveredconditionals="0" methods="3" coveredmethods="2"/>
        <line num="5" count="1" type="stmt"/>
        <line num="12" count="1" type="stmt"/>
        <line num="29" count="0" type="stmt"/>
        <line num="39" count="1" type="stmt"/>
        <line num="43" count="1" type="stmt"/>
      </file>
      <file name="update-stock.zod.validator.ts" path="\\weg.net\DFSWEG\GROUPS\BR_SC_ITJ_WMO_FABRICACAO_FIOS\FABRICACAO_FIOS\Gustavo dos Santos Fernandes\07 - Projetos\Fieiras\back-end\src\infra\api\express\validators\stock\update-stock.zod.validator.ts">
        <metrics statements="9" coveredstatements="3" conditionals="6" coveredconditionals="0" methods="5" coveredmethods="1"/>
        <line num="5" count="1" type="stmt"/>
        <line num="12" count="1" type="stmt"/>
        <line num="30" count="0" type="stmt"/>
        <line num="33" count="0" type="stmt"/>
        <line num="53" count="0" type="cond" truecount="0" falsecount="1"/>
        <line num="57" count="0" type="stmt"/>
        <line num="64" count="0" type="stmt"/>
        <line num="77" count="1" type="stmt"/>
        <line num="81" count="0" type="stmt"/>
      </file>
    </package>
    <package name="src.infra.api.express.validators.stock-history">
      <metrics statements="6" coveredstatements="3" conditionals="0" coveredconditionals="0" methods="4" coveredmethods="1"/>
      <file name="correct-stock-history.zod.validator.ts" path="\\weg.net\DFSWEG\GROUPS\BR_SC_ITJ_WMO_FABRICACAO_FIOS\FABRICACAO_FIOS\Gustavo dos Santos Fernandes\07 - Projetos\Fieiras\back-end\src\infra\api\express\validators\stock-history\correct-stock-history.zod.validator.ts">
        <metrics statements="6" coveredstatements="3" conditionals="0" coveredconditionals="0" methods="4" coveredmethods="1"/>
        <line num="5" count="1" type="stmt"/>
        <line num="12" count="1" type="stmt"/>
        <line num="15" count="0" type="stmt"/>
        <line num="18" count="0" type="stmt"/>
        <line num="44" count="1" type="stmt"/>
        <line num="48" count="0" type="stmt"/>
      </file>
    </package>
    <package name="src.infra.middlewares">
      <metrics statements="31" coveredstatements="11" conditionals="20" coveredconditionals="6" methods="5" coveredmethods="4"/>
      <file name="errorHandler.ts" path="\\weg.net\DFSWEG\GROUPS\BR_SC_ITJ_WMO_FABRICACAO_FIOS\FABRICACAO_FIOS\Gustavo dos Santos Fernandes\07 - Projetos\Fieiras\back-end\src\infra\middlewares\errorHandler.ts">
        <metrics statements="21" coveredstatements="7" conditionals="18" coveredconditionals="6" methods="2" coveredmethods="2"/>
        <line num="11" count="1" type="cond" truecount="3" falsecount="0"/>
        <line num="20" count="1" type="cond" truecount="0" falsecount="1"/>
        <line num="21" count="0" type="stmt"/>
        <line num="24" count="1" type="cond" truecount="0" falsecount="1"/>
        <line num="25" count="0" type="cond" truecount="0" falsecount="4"/>
        <line num="27" count="0" type="stmt"/>
        <line num="29" count="0" type="stmt"/>
        <line num="31" count="0" type="stmt"/>
        <line num="33" count="0" type="stmt"/>
        <line num="37" count="1" type="cond" truecount="1" falsecount="0"/>
        <line num="38" count="1" type="stmt"/>
        <line num="40" count="1" type="cond" truecount="2" falsecount="1"/>
        <line num="41" count="1" type="stmt"/>
        <line num="47" count="0" type="cond" truecount="0" falsecount="3"/>
        <line num="48" count="0" type="stmt"/>
        <line num="54" count="0" type="cond" truecount="0" falsecount="1"/>
        <line num="55" count="0" type="stmt"/>
        <line num="63" count="0" type="cond" truecount="0" falsecount="1"/>
        <line num="64" count="0" type="stmt"/>
        <line num="67" count="0" type="stmt"/>
        <line num="68" count="0" type="stmt"/>
      </file>
      <file name="validationStock.ts" path="\\weg.net\DFSWEG\GROUPS\BR_SC_ITJ_WMO_FABRICACAO_FIOS\FABRICACAO_FIOS\Gustavo dos Santos Fernandes\07 - Projetos\Fieiras\back-end\src\infra\middlewares\validationStock.ts">
        <metrics statements="10" coveredstatements="4" conditionals="2" coveredconditionals="0" methods="3" coveredmethods="2"/>
        <line num="7" count="3" type="stmt"/>
        <line num="8" count="1" type="stmt"/>
        <line num="9" count="1" type="stmt"/>
        <line num="10" count="1" type="stmt"/>
        <line num="12" count="0" type="cond" truecount="0" falsecount="1"/>
        <line num="13" count="0" type="stmt"/>
        <line num="18" count="0" type="stmt"/>
        <line num="21" count="0" type="cond" truecount="0" falsecount="1"/>
        <line num="22" count="0" type="stmt"/>
        <line num="24" count="0" type="stmt"/>
      </file>
    </package>
    <package name="src.infra.repositories.stock.prisma">
      <metrics statements="39" coveredstatements="11" conditionals="13" coveredconditionals="2" methods="27" coveredmethods="8"/>
      <file name="stock-history.repository.prisma.ts" path="\\weg.net\DFSWEG\GROUPS\BR_SC_ITJ_WMO_FABRICACAO_FIOS\FABRICACAO_FIOS\Gustavo dos Santos Fernandes\07 - Projetos\Fieiras\back-end\src\infra\repositories\stock\prisma\stock-history.repository.prisma.ts">
        <metrics statements="17" coveredstatements="2" conditionals="4" coveredconditionals="0" methods="12" coveredmethods="2"/>
        <line num="9" count="1" type="stmt"/>
        <line num="12" count="1" type="stmt"/>
        <line num="16" count="0" type="cond" truecount="0" falsecount="2"/>
        <line num="20" count="0" type="stmt"/>
        <line num="34" count="0" type="stmt"/>
        <line num="47" count="0" type="stmt"/>
        <line num="51" count="0" type="cond" truecount="0" falsecount="1"/>
        <line num="53" count="0" type="stmt"/>
        <line num="57" count="0" type="cond" truecount="0" falsecount="1"/>
        <line num="59" count="0" type="stmt"/>
        <line num="66" count="0" type="stmt"/>
        <line num="70" count="0" type="stmt"/>
        <line num="72" count="0" type="stmt"/>
        <line num="76" count="0" type="stmt"/>
        <line num="82" count="0" type="stmt"/>
        <line num="83" count="0" type="stmt"/>
        <line num="88" count="0" type="stmt"/>
      </file>
      <file name="stock.repository.prisma.ts" path="\\weg.net\DFSWEG\GROUPS\BR_SC_ITJ_WMO_FABRICACAO_FIOS\FABRICACAO_FIOS\Gustavo dos Santos Fernandes\07 - Projetos\Fieiras\back-end\src\infra\repositories\stock\prisma\stock.repository.prisma.ts">
        <metrics statements="22" coveredstatements="9" conditionals="9" coveredconditionals="2" methods="15" coveredmethods="6"/>
        <line num="13" count="1" type="stmt"/>
        <line num="16" count="1" type="stmt"/>
        <line num="20" count="2" type="cond" truecount="1" falsecount="1"/>
        <line num="35" count="1" type="stmt"/>
        <line num="50" count="0" type="stmt"/>
        <line num="64" count="0" type="stmt"/>
        <line num="75" count="0" type="stmt"/>
        <line num="81" count="0" type="stmt"/>
        <line num="83" count="0" type="stmt"/>
        <line num="85" count="0" type="stmt"/>
        <line num="89" count="1" type="stmt"/>
        <line num="93" count="1" type="cond" truecount="0" falsecount="1"/>
        <line num="95" count="1" type="stmt"/>
        <line num="99" count="1" type="stmt"/>
        <line num="103" count="1" type="cond" truecount="1" falsecount="1"/>
        <line num="107" count="0" type="cond" truecount="0" falsecount="1"/>
        <line num="109" count="0" type="stmt"/>
        <line num="116" count="0" type="stmt"/>
        <line num="120" count="0" type="cond" truecount="0" falsecount="1"/>
        <line num="122" count="0" type="stmt"/>
        <line num="126" count="0" type="stmt"/>
        <line num="132" count="0" type="stmt"/>
      </file>
    </package>
    <package name="src.usecases.stock-history.correct-stock-history">
      <metrics statements="20" coveredstatements="20" conditionals="11" coveredconditionals="7" methods="4" coveredmethods="4"/>
      <file name="correct-stock-history.usecase.ts" path="\\weg.net\DFSWEG\GROUPS\BR_SC_ITJ_WMO_FABRICACAO_FIOS\FABRICACAO_FIOS\Gustavo dos Santos Fernandes\07 - Projetos\Fieiras\back-end\src\usecases\stock-history\correct-stock-history\correct-stock-history.usecase.ts">
        <metrics statements="20" coveredstatements="20" conditionals="11" coveredconditionals="7" methods="4" coveredmethods="4"/>
        <line num="32" count="5" type="stmt"/>
        <line num="33" count="5" type="stmt"/>
        <line num="40" count="5" type="stmt"/>
        <line num="44" count="4" type="stmt"/>
        <line num="46" count="4" type="cond" truecount="1" falsecount="0"/>
        <line num="47" count="1" type="stmt"/>
        <line num="52" count="3" type="stmt"/>
        <line num="56" count="3" type="cond" truecount="1" falsecount="0"/>
        <line num="57" count="1" type="stmt"/>
        <line num="60" count="2" type="stmt"/>
        <line num="68" count="2" type="stmt"/>
        <line num="70" count="2" type="stmt"/>
        <line num="72" count="2" type="cond" truecount="1" falsecount="0"/>
        <line num="73" count="1" type="stmt"/>
        <line num="76" count="1" type="stmt"/>
        <line num="78" count="1" type="stmt"/>
        <line num="80" count="1" type="stmt"/>
        <line num="82" count="1" type="stmt"/>
        <line num="86" count="1" type="stmt"/>
        <line num="97" count="1" type="stmt"/>
      </file>
    </package>
    <package name="src.usecases.stock-history.delete-stock-history">
      <metrics statements="25" coveredstatements="25" conditionals="3" coveredconditionals="3" methods="6" coveredmethods="6"/>
      <file name="delete-stock-history.usecase.ts" path="\\weg.net\DFSWEG\GROUPS\BR_SC_ITJ_WMO_FABRICACAO_FIOS\FABRICACAO_FIOS\Gustavo dos Santos Fernandes\07 - Projetos\Fieiras\back-end\src\usecases\stock-history\delete-stock-history\delete-stock-history.usecase.ts">
        <metrics statements="25" coveredstatements="25" conditionals="3" coveredconditionals="3" methods="6" coveredmethods="6"/>
        <line num="28" count="5" type="stmt"/>
        <line num="29" count="5" type="stmt"/>
        <line num="36" count="5" type="stmt"/>
        <line num="42" count="4" type="stmt"/>
        <line num="44" count="4" type="cond" truecount="1" falsecount="0"/>
        <line num="45" count="1" type="stmt"/>
        <line num="50" count="3" type="stmt"/>
        <line num="54" count="3" type="cond" truecount="1" falsecount="0"/>
        <line num="55" count="1" type="stmt"/>
        <line num="58" count="2" type="stmt"/>
        <line num="60" count="2" type="stmt"/>
        <line num="62" count="2" type="stmt"/>
        <line num="63" count="6" type="stmt"/>
        <line num="66" count="2" type="stmt"/>
        <line num="68" count="2" type="stmt"/>
        <line num="72" count="2" type="cond" truecount="1" falsecount="0"/>
        <line num="73" count="1" type="stmt"/>
        <line num="76" count="1" type="stmt"/>
        <line num="78" count="1" type="stmt"/>
        <line num="80" count="1" type="stmt"/>
        <line num="82" count="1" type="stmt"/>
        <line num="84" count="1" type="stmt"/>
        <line num="86" count="1" type="stmt"/>
        <line num="90" count="1" type="stmt"/>
        <line num="101" count="1" type="stmt"/>
      </file>
    </package>
    <package name="src.usecases.stock.create-stock">
      <metrics statements="18" coveredstatements="18" conditionals="3" coveredconditionals="3" methods="4" coveredmethods="4"/>
      <file name="create-stock.usecase.ts" path="\\weg.net\DFSWEG\GROUPS\BR_SC_ITJ_WMO_FABRICACAO_FIOS\FABRICACAO_FIOS\Gustavo dos Santos Fernandes\07 - Projetos\Fieiras\back-end\src\usecases\stock\create-stock\create-stock.usecase.ts">
        <metrics statements="18" coveredstatements="18" conditionals="3" coveredconditionals="3" methods="4" coveredmethods="4"/>
        <line num="24" count="5" type="stmt"/>
        <line num="27" count="5" type="stmt"/>
        <line num="31" count="5" type="stmt"/>
        <line num="33" count="5" type="cond" truecount="1" falsecount="0"/>
        <line num="34" count="1" type="stmt"/>
        <line num="37" count="4" type="stmt"/>
        <line num="39" count="4" type="cond" truecount="1" falsecount="0"/>
        <line num="40" count="2" type="stmt"/>
        <line num="45" count="2" type="stmt"/>
        <line num="47" count="2" type="stmt"/>
        <line num="49" count="2" type="stmt"/>
        <line num="51" count="2" type="cond" truecount="1" falsecount="0"/>
        <line num="52" count="1" type="stmt"/>
        <line num="57" count="1" type="stmt"/>
        <line num="66" count="1" type="stmt"/>
        <line num="68" count="1" type="stmt"/>
        <line num="72" count="1" type="stmt"/>
        <line num="80" count="1" type="stmt"/>
      </file>
    </package>
    <package name="src.usecases.stock.delete-stock">
      <metrics statements="9" coveredstatements="5" conditionals="1" coveredconditionals="1" methods="4" coveredmethods="3"/>
      <file name="delete-stock.usecase.ts" path="\\weg.net\DFSWEG\GROUPS\BR_SC_ITJ_WMO_FABRICACAO_FIOS\FABRICACAO_FIOS\Gustavo dos Santos Fernandes\07 - Projetos\Fieiras\back-end\src\usecases\stock\delete-stock\delete-stock.usecase.ts">
        <metrics statements="9" coveredstatements="5" conditionals="1" coveredconditionals="1" methods="4" coveredmethods="3"/>
        <line num="27" count="3" type="stmt"/>
        <line num="30" count="3" type="stmt"/>
        <line num="34" count="2" type="stmt"/>
        <line num="36" count="2" type="cond" truecount="1" falsecount="0"/>
        <line num="38" count="1" type="stmt"/>
        <line num="40" count="0" type="stmt"/>
        <line num="42" count="0" type="stmt"/>
        <line num="46" count="0" type="stmt"/>
        <line num="58" count="0" type="stmt"/>
      </file>
    </package>
    <package name="src.usecases.stock.find-stock-by-id">
      <metrics statements="9" coveredstatements="9" conditionals="5" coveredconditionals="3" methods="4" coveredmethods="4"/>
      <file name="find-stock-by-id.usecase.ts" path="\\weg.net\DFSWEG\GROUPS\BR_SC_ITJ_WMO_FABRICACAO_FIOS\FABRICACAO_FIOS\Gustavo dos Santos Fernandes\07 - Projetos\Fieiras\back-end\src\usecases\stock\find-stock-by-id\find-stock-by-id.usecase.ts">
        <metrics statements="9" coveredstatements="9" conditionals="5" coveredconditionals="3" methods="4" coveredmethods="4"/>
        <line num="23" count="3" type="stmt"/>
        <line num="26" count="3" type="stmt"/>
        <line num="30" count="2" type="stmt"/>
        <line num="32" count="2" type="cond" truecount="1" falsecount="0"/>
        <line num="33" count="1" type="stmt"/>
        <line num="38" count="1" type="stmt"/>
        <line num="40" count="1" type="stmt"/>
        <line num="44" count="1" type="stmt"/>
        <line num="57" count="1" type="stmt"/>
      </file>
    </package>
    <package name="src.usecases.stock.list-estoque">
      <metrics statements="7" coveredstatements="7" conditionals="8" coveredconditionals="6" methods="5" coveredmethods="5"/>
      <file name="list-stock.usecase.ts" path="\\weg.net\DFSWEG\GROUPS\BR_SC_ITJ_WMO_FABRICACAO_FIOS\FABRICACAO_FIOS\Gustavo dos Santos Fernandes\07 - Projetos\Fieiras\back-end\src\usecases\stock\list-estoque\list-stock.usecase.ts">
        <metrics statements="7" coveredstatements="7" conditionals="8" coveredconditionals="6" methods="5" coveredmethods="5"/>
        <line num="23" count="3" type="stmt"/>
        <line num="26" count="3" type="stmt"/>
        <line num="30" count="2" type="stmt"/>
        <line num="32" count="2" type="stmt"/>
        <line num="34" count="2" type="stmt"/>
        <line num="38" count="2" type="stmt"/>
        <line num="40" count="1" type="stmt"/>
      </file>
    </package>
    <package name="src.usecases.stock.update-stock">
      <metrics statements="24" coveredstatements="24" conditionals="15" coveredconditionals="14" methods="4" coveredmethods="4"/>
      <file name="update-stock.usecase.ts" path="\\weg.net\DFSWEG\GROUPS\BR_SC_ITJ_WMO_FABRICACAO_FIOS\FABRICACAO_FIOS\Gustavo dos Santos Fernandes\07 - Projetos\Fieiras\back-end\src\usecases\stock\update-stock\update-stock.usecase.ts">
        <metrics statements="24" coveredstatements="24" conditionals="15" coveredconditionals="14" methods="4" coveredmethods="4"/>
        <line num="33" count="5" type="stmt"/>
        <line num="36" count="5" type="stmt"/>
        <line num="40" count="4" type="stmt"/>
        <line num="42" count="4" type="cond" truecount="1" falsecount="0"/>
        <line num="43" count="1" type="stmt"/>
        <line num="46" count="3" type="stmt"/>
        <line num="48" count="3" type="cond" truecount="1" falsecount="0"/>
        <line num="49" count="1" type="stmt"/>
        <line num="54" count="2" type="stmt"/>
        <line num="57" count="2" type="cond" truecount="6" falsecount="0"/>
        <line num="68" count="2" type="stmt"/>
        <line num="70" count="2" type="stmt"/>
        <line num="72" count="2" type="cond" truecount="2" falsecount="0"/>
        <line num="73" count="1" type="stmt"/>
        <line num="81" count="1" type="cond" truecount="1" falsecount="0"/>
        <line num="82" count="1" type="stmt"/>
        <line num="92" count="2" type="stmt"/>
        <line num="94" count="2" type="stmt"/>
        <line num="98" count="2" type="stmt"/>
        <line num="109" count="2" type="cond" truecount="1" falsecount="0"/>
        <line num="110" count="1" type="stmt"/>
        <line num="113" count="2" type="cond" truecount="1" falsecount="0"/>
        <line num="114" count="1" type="stmt"/>
        <line num="117" count="2" type="stmt"/>
      </file>
    </package>
  </project>
</coverage>
