{"\\\\weg.net\\DFSWEG\\GROUPS\\BR_SC_ITJ_WMO_FABRICACAO_FIOS\\FABRICACAO_FIOS\\Gustavo dos Santos Fernandes\\07 - Projetos\\Fieiras\\back-end\\src\\app.ts": {"path":"\\\\weg.net\\DFSWEG\\GROUPS\\BR_SC_ITJ_WMO_FABRICACAO_FIOS\\FABRICACAO_FIOS\\Gustavo dos Santos Fernandes\\07 - Projetos\\Fieiras\\back-end\\src\\app.ts","statementMap":{"0":{"start":{"line":20,"column":24},"end":{"line":20,"column":60}},"1":{"start":{"line":21,"column":31},"end":{"line":21,"column":73}},"2":{"start":{"line":23,"column":27},"end":{"line":23,"column":69}},"3":{"start":{"line":24,"column":25},"end":{"line":24,"column":65}},"4":{"start":{"line":25,"column":29},"end":{"line":25,"column":73}},"5":{"start":{"line":26,"column":27},"end":{"line":26,"column":69}},"6":{"start":{"line":27,"column":35},"end":{"line":29,"column":null}},"7":{"start":{"line":31,"column":34},"end":{"line":33,"column":null}},"8":{"start":{"line":35,"column":27},"end":{"line":35,"column":69}},"9":{"start":{"line":37,"column":25},"end":{"line":37,"column":68}},"10":{"start":{"line":38,"column":23},"end":{"line":38,"column":62}},"11":{"start":{"line":39,"column":27},"end":{"line":39,"column":74}},"12":{"start":{"line":40,"column":25},"end":{"line":40,"column":68}},"13":{"start":{"line":41,"column":33},"end":{"line":42,"column":null}},"14":{"start":{"line":44,"column":32},"end":{"line":44,"column":89}},"15":{"start":{"line":45,"column":25},"end":{"line":45,"column":68}},"16":{"start":{"line":47,"column":12},"end":{"line":55,"column":2}},"17":{"start":{"line":57,"column":19},"end":{"line":57,"column":31}}},"fnMap":{},"branchMap":{},"s":{"0":1,"1":1,"2":1,"3":1,"4":1,"5":1,"6":1,"7":1,"8":1,"9":1,"10":1,"11":1,"12":1,"13":1,"14":1,"15":1,"16":1,"17":1},"f":{},"b":{}}
,"\\\\weg.net\\DFSWEG\\GROUPS\\BR_SC_ITJ_WMO_FABRICACAO_FIOS\\FABRICACAO_FIOS\\Gustavo dos Santos Fernandes\\07 - Projetos\\Fieiras\\back-end\\src\\config\\db.ts": {"path":"\\\\weg.net\\DFSWEG\\GROUPS\\BR_SC_ITJ_WMO_FABRICACAO_FIOS\\FABRICACAO_FIOS\\Gustavo dos Santos Fernandes\\07 - Projetos\\Fieiras\\back-end\\src\\config\\db.ts","statementMap":{"0":{"start":{"line":6,"column":0},"end":{"line":6,"column":16}},"1":{"start":{"line":8,"column":25},"end":{"line":8,"column":49}},"2":{"start":{"line":10,"column":13},"end":{"line":10,"column":43}},"3":{"start":{"line":12,"column":16},"end":{"line":12,"column":34}},"4":{"start":{"line":14,"column":15},"end":{"line":14,"column":44}}},"fnMap":{},"branchMap":{},"s":{"0":1,"1":1,"2":1,"3":1,"4":1},"f":{},"b":{}}
,"\\\\weg.net\\DFSWEG\\GROUPS\\BR_SC_ITJ_WMO_FABRICACAO_FIOS\\FABRICACAO_FIOS\\Gustavo dos Santos Fernandes\\07 - Projetos\\Fieiras\\back-end\\src\\core\\shared\\errors\\baseError.ts": {"path":"\\\\weg.net\\DFSWEG\\GROUPS\\BR_SC_ITJ_WMO_FABRICACAO_FIOS\\FABRICACAO_FIOS\\Gustavo dos Santos Fernandes\\07 - Projetos\\Fieiras\\back-end\\src\\core\\shared\\errors\\baseError.ts","statementMap":{"0":{"start":{"line":10,"column":8},"end":{"line":10,"column":23}},"1":{"start":{"line":11,"column":8},"end":{"line":11,"column":31}},"2":{"start":{"line":12,"column":8},"end":{"line":12,"column":37}},"3":{"start":{"line":13,"column":8},"end":{"line":13,"column":33}},"4":{"start":{"line":17,"column":8},"end":{"line":21,"column":10}}},"fnMap":{"0":{"name":"(anonymous_0)","decl":{"start":{"line":5,"column":4},"end":{"line":5,"column":null}},"loc":{"start":{"line":8,"column":56},"end":{"line":14,"column":5}}},"1":{"name":"(anonymous_1)","decl":{"start":{"line":16,"column":4},"end":{"line":16,"column":10}},"loc":{"start":{"line":16,"column":10},"end":{"line":22,"column":5}}}},"branchMap":{"0":{"loc":{"start":{"line":6,"column":8},"end":{"line":6,"column":52}},"type":"default-arg","locations":[{"start":{"line":6,"column":26},"end":{"line":6,"column":52}}]},"1":{"loc":{"start":{"line":7,"column":8},"end":{"line":7,"column":32}},"type":"default-arg","locations":[{"start":{"line":7,"column":29},"end":{"line":7,"column":32}}]}},"s":{"0":54,"1":54,"2":54,"3":54,"4":0},"f":{"0":54,"1":0},"b":{"0":[0],"1":[0]}}
,"\\\\weg.net\\DFSWEG\\GROUPS\\BR_SC_ITJ_WMO_FABRICACAO_FIOS\\FABRICACAO_FIOS\\Gustavo dos Santos Fernandes\\07 - Projetos\\Fieiras\\back-end\\src\\core\\shared\\errors\\incorrectRequest.ts": {"path":"\\\\weg.net\\DFSWEG\\GROUPS\\BR_SC_ITJ_WMO_FABRICACAO_FIOS\\FABRICACAO_FIOS\\Gustavo dos Santos Fernandes\\07 - Projetos\\Fieiras\\back-end\\src\\core\\shared\\errors\\incorrectRequest.ts","statementMap":{"0":{"start":{"line":8,"column":8},"end":{"line":8,"column":39}},"1":{"start":{"line":9,"column":8},"end":{"line":9,"column":43}},"2":{"start":{"line":11,"column":8},"end":{"line":11,"column":64}}},"fnMap":{"0":{"name":"(anonymous_0)","decl":{"start":{"line":4,"column":4},"end":{"line":4,"column":null}},"loc":{"start":{"line":6,"column":56},"end":{"line":12,"column":5}}}},"branchMap":{"0":{"loc":{"start":{"line":5,"column":8},"end":{"line":5,"column":49}},"type":"default-arg","locations":[{"start":{"line":5,"column":27},"end":{"line":5,"column":49}}]}},"s":{"0":42,"1":42,"2":42},"f":{"0":42},"b":{"0":[0]}}
,"\\\\weg.net\\DFSWEG\\GROUPS\\BR_SC_ITJ_WMO_FABRICACAO_FIOS\\FABRICACAO_FIOS\\Gustavo dos Santos Fernandes\\07 - Projetos\\Fieiras\\back-end\\src\\core\\shared\\errors\\notFound.ts": {"path":"\\\\weg.net\\DFSWEG\\GROUPS\\BR_SC_ITJ_WMO_FABRICACAO_FIOS\\FABRICACAO_FIOS\\Gustavo dos Santos Fernandes\\07 - Projetos\\Fieiras\\back-end\\src\\core\\shared\\errors\\notFound.ts","statementMap":{"0":{"start":{"line":5,"column":8},"end":{"line":5,"column":28}}},"fnMap":{"0":{"name":"(anonymous_0)","decl":{"start":{"line":4,"column":4},"end":{"line":4,"column":16}},"loc":{"start":{"line":4,"column":50},"end":{"line":6,"column":5}}}},"branchMap":{"0":{"loc":{"start":{"line":4,"column":16},"end":{"line":4,"column":50}},"type":"default-arg","locations":[{"start":{"line":4,"column":34},"end":{"line":4,"column":50}}]}},"s":{"0":12},"f":{"0":12},"b":{"0":[0]}}
,"\\\\weg.net\\DFSWEG\\GROUPS\\BR_SC_ITJ_WMO_FABRICACAO_FIOS\\FABRICACAO_FIOS\\Gustavo dos Santos Fernandes\\07 - Projetos\\Fieiras\\back-end\\src\\domain\\stock\\entity\\stock-history.ts": {"path":"\\\\weg.net\\DFSWEG\\GROUPS\\BR_SC_ITJ_WMO_FABRICACAO_FIOS\\FABRICACAO_FIOS\\Gustavo dos Santos Fernandes\\07 - Projetos\\Fieiras\\back-end\\src\\domain\\stock\\entity\\stock-history.ts","statementMap":{"0":{"start":{"line":17,"column":41},"end":{"line":17,"column":65}},"1":{"start":{"line":20,"column":8},"end":{"line":20,"column":39}},"2":{"start":{"line":29,"column":8},"end":{"line":37,"column":9}},"3":{"start":{"line":36,"column":12},"end":{"line":36,"column":48}},"4":{"start":{"line":47,"column":12},"end":{"line":49,"column":84}},"5":{"start":{"line":51,"column":8},"end":{"line":59,"column":9}},"6":{"start":{"line":56,"column":12},"end":{"line":58,"column":14}},"7":{"start":{"line":63,"column":8},"end":{"line":67,"column":9}},"8":{"start":{"line":64,"column":12},"end":{"line":66,"column":14}},"9":{"start":{"line":71,"column":8},"end":{"line":75,"column":9}},"10":{"start":{"line":72,"column":12},"end":{"line":74,"column":14}},"11":{"start":{"line":82,"column":8},"end":{"line":100,"column":9}},"12":{"start":{"line":83,"column":38},"end":{"line":84,"column":null}},"13":{"start":{"line":84,"column":23},"end":{"line":84,"column":57}},"14":{"start":{"line":86,"column":12},"end":{"line":90,"column":13}},"15":{"start":{"line":87,"column":16},"end":{"line":89,"column":18}},"16":{"start":{"line":92,"column":33},"end":{"line":93,"column":null}},"17":{"start":{"line":93,"column":23},"end":{"line":93,"column":52}},"18":{"start":{"line":95,"column":12},"end":{"line":99,"column":13}},"19":{"start":{"line":96,"column":16},"end":{"line":98,"column":18}},"20":{"start":{"line":110,"column":8},"end":{"line":137,"column":9}},"21":{"start":{"line":111,"column":12},"end":{"line":116,"column":14}},"22":{"start":{"line":118,"column":37},"end":{"line":119,"column":null}},"23":{"start":{"line":119,"column":23},"end":{"line":119,"column":57}},"24":{"start":{"line":122,"column":12},"end":{"line":126,"column":13}},"25":{"start":{"line":123,"column":16},"end":{"line":125,"column":18}},"26":{"start":{"line":128,"column":33},"end":{"line":129,"column":null}},"27":{"start":{"line":129,"column":23},"end":{"line":129,"column":53}},"28":{"start":{"line":132,"column":12},"end":{"line":136,"column":13}},"29":{"start":{"line":133,"column":16},"end":{"line":135,"column":18}},"30":{"start":{"line":146,"column":8},"end":{"line":151,"column":10}},"31":{"start":{"line":153,"column":33},"end":{"line":155,"column":66}},"32":{"start":{"line":155,"column":25},"end":{"line":155,"column":65}},"33":{"start":{"line":157,"column":8},"end":{"line":166,"column":9}},"34":{"start":{"line":158,"column":12},"end":{"line":165,"column":13}},"35":{"start":{"line":162,"column":16},"end":{"line":164,"column":18}},"36":{"start":{"line":177,"column":8},"end":{"line":183,"column":9}},"37":{"start":{"line":178,"column":12},"end":{"line":182,"column":13}},"38":{"start":{"line":179,"column":16},"end":{"line":181,"column":18}},"39":{"start":{"line":185,"column":8},"end":{"line":199,"column":9}},"40":{"start":{"line":187,"column":16},"end":{"line":187,"column":76}},"41":{"start":{"line":188,"column":16},"end":{"line":188,"column":22}},"42":{"start":{"line":191,"column":16},"end":{"line":197,"column":18}},"43":{"start":{"line":198,"column":16},"end":{"line":198,"column":22}},"44":{"start":{"line":209,"column":8},"end":{"line":239,"column":9}},"45":{"start":{"line":210,"column":12},"end":{"line":214,"column":13}},"46":{"start":{"line":211,"column":16},"end":{"line":213,"column":18}},"47":{"start":{"line":215,"column":12},"end":{"line":229,"column":13}},"48":{"start":{"line":216,"column":41},"end":{"line":218,"column":80}},"49":{"start":{"line":218,"column":39},"end":{"line":218,"column":79}},"50":{"start":{"line":220,"column":16},"end":{"line":224,"column":17}},"51":{"start":{"line":221,"column":20},"end":{"line":223,"column":22}},"52":{"start":{"line":226,"column":16},"end":{"line":228,"column":18}},"53":{"start":{"line":231,"column":12},"end":{"line":238,"column":13}},"54":{"start":{"line":232,"column":16},"end":{"line":237,"column":18}},"55":{"start":{"line":245,"column":8},"end":{"line":247,"column":85}},"56":{"start":{"line":247,"column":31},"end":{"line":247,"column":83}},"57":{"start":{"line":253,"column":8},"end":{"line":255,"column":85}},"58":{"start":{"line":255,"column":31},"end":{"line":255,"column":83}},"59":{"start":{"line":259,"column":8},"end":{"line":259,"column":29}},"60":{"start":{"line":268,"column":21},"end":{"line":268,"column":68}},"61":{"start":{"line":270,"column":21},"end":{"line":270,"column":64}},"62":{"start":{"line":272,"column":8},"end":{"line":281,"column":9}},"63":{"start":{"line":273,"column":12},"end":{"line":280,"column":13}},"64":{"start":{"line":277,"column":16},"end":{"line":279,"column":18}},"65":{"start":{"line":283,"column":8},"end":{"line":296,"column":9}},"66":{"start":{"line":284,"column":12},"end":{"line":295,"column":13}},"67":{"start":{"line":292,"column":16},"end":{"line":294,"column":18}},"68":{"start":{"line":306,"column":29},"end":{"line":306,"column":59}},"69":{"start":{"line":308,"column":12},"end":{"line":308,"column":86}},"70":{"start":{"line":310,"column":12},"end":{"line":310,"column":74}},"71":{"start":{"line":311,"column":33},"end":{"line":311,"column":71}},"72":{"start":{"line":313,"column":31},"end":{"line":313,"column":74}},"73":{"start":{"line":313,"column":60},"end":{"line":313,"column":73}},"74":{"start":{"line":314,"column":29},"end":{"line":314,"column":78}},"75":{"start":{"line":314,"column":61},"end":{"line":314,"column":77}},"76":{"start":{"line":316,"column":34},"end":{"line":316,"column":71}},"77":{"start":{"line":317,"column":30},"end":{"line":317,"column":68}},"78":{"start":{"line":319,"column":8},"end":{"line":324,"column":10}},"79":{"start":{"line":326,"column":8},"end":{"line":331,"column":10}},"80":{"start":{"line":333,"column":8},"end":{"line":362,"column":9}},"81":{"start":{"line":335,"column":16},"end":{"line":335,"column":53}},"82":{"start":{"line":336,"column":16},"end":{"line":336,"column":22}},"83":{"start":{"line":339,"column":16},"end":{"line":339,"column":35}},"84":{"start":{"line":340,"column":16},"end":{"line":340,"column":22}},"85":{"start":{"line":343,"column":16},"end":{"line":350,"column":18}},"86":{"start":{"line":351,"column":16},"end":{"line":351,"column":22}},"87":{"start":{"line":354,"column":16},"end":{"line":360,"column":18}},"88":{"start":{"line":361,"column":16},"end":{"line":361,"column":22}},"89":{"start":{"line":364,"column":8},"end":{"line":364,"column":41}},"90":{"start":{"line":365,"column":8},"end":{"line":365,"column":55}},"91":{"start":{"line":366,"column":8},"end":{"line":366,"column":47}},"92":{"start":{"line":367,"column":8},"end":{"line":367,"column":49}},"93":{"start":{"line":368,"column":8},"end":{"line":368,"column":42}},"94":{"start":{"line":372,"column":8},"end":{"line":376,"column":9}},"95":{"start":{"line":373,"column":12},"end":{"line":375,"column":14}},"96":{"start":{"line":378,"column":31},"end":{"line":378,"column":74}},"97":{"start":{"line":378,"column":60},"end":{"line":378,"column":73}},"98":{"start":{"line":379,"column":29},"end":{"line":379,"column":78}},"99":{"start":{"line":379,"column":61},"end":{"line":379,"column":77}},"100":{"start":{"line":380,"column":30},"end":{"line":380,"column":68}},"101":{"start":{"line":382,"column":8},"end":{"line":394,"column":9}},"102":{"start":{"line":383,"column":37},"end":{"line":384,"column":null}},"103":{"start":{"line":384,"column":23},"end":{"line":384,"column":57}},"104":{"start":{"line":386,"column":33},"end":{"line":387,"column":null}},"105":{"start":{"line":387,"column":23},"end":{"line":387,"column":53}},"106":{"start":{"line":389,"column":12},"end":{"line":393,"column":13}},"107":{"start":{"line":390,"column":16},"end":{"line":392,"column":18}},"108":{"start":{"line":398,"column":8},"end":{"line":398,"column":48}},"109":{"start":{"line":402,"column":33},"end":{"line":402,"column":34}},"110":{"start":{"line":404,"column":8},"end":{"line":412,"column":11}},"111":{"start":{"line":405,"column":39},"end":{"line":408,"column":38}},"112":{"start":{"line":410,"column":26},"end":{"line":410,"column":71}},"113":{"start":{"line":411,"column":12},"end":{"line":411,"column":45}},"114":{"start":{"line":416,"column":8},"end":{"line":416,"column":29}},"115":{"start":{"line":420,"column":8},"end":{"line":420,"column":40}},"116":{"start":{"line":424,"column":8},"end":{"line":424,"column":33}},"117":{"start":{"line":427,"column":8},"end":{"line":427,"column":36}},"118":{"start":{"line":430,"column":8},"end":{"line":430,"column":36}},"119":{"start":{"line":434,"column":8},"end":{"line":434,"column":44}},"120":{"start":{"line":437,"column":8},"end":{"line":437,"column":40}},"121":{"start":{"line":440,"column":8},"end":{"line":440,"column":38}},"122":{"start":{"line":443,"column":8},"end":{"line":443,"column":37}}},"fnMap":{"0":{"name":"(anonymous_0)","decl":{"start":{"line":17,"column":4},"end":{"line":17,"column":41}},"loc":{"start":{"line":17,"column":65},"end":{"line":17,"column":69}}},"1":{"name":"(anonymous_1)","decl":{"start":{"line":19,"column":11},"end":{"line":19,"column":17}},"loc":{"start":{"line":19,"column":50},"end":{"line":21,"column":5}}},"2":{"name":"(anonymous_2)","decl":{"start":{"line":23,"column":12},"end":{"line":23,"column":28}},"loc":{"start":{"line":27,"column":23},"end":{"line":38,"column":5}}},"3":{"name":"(anonymous_3)","decl":{"start":{"line":40,"column":12},"end":{"line":40,"column":32}},"loc":{"start":{"line":44,"column":36},"end":{"line":60,"column":5}}},"4":{"name":"(anonymous_4)","decl":{"start":{"line":62,"column":12},"end":{"line":62,"column":29}},"loc":{"start":{"line":62,"column":56},"end":{"line":68,"column":5}}},"5":{"name":"(anonymous_5)","decl":{"start":{"line":70,"column":12},"end":{"line":70,"column":23}},"loc":{"start":{"line":70,"column":23},"end":{"line":76,"column":5}}},"6":{"name":"(anonymous_6)","decl":{"start":{"line":78,"column":12},"end":{"line":78,"column":33}},"loc":{"start":{"line":80,"column":41},"end":{"line":101,"column":5}}},"7":{"name":"(anonymous_7)","decl":{"start":{"line":84,"column":16},"end":{"line":84,"column":17}},"loc":{"start":{"line":84,"column":23},"end":{"line":84,"column":57}}},"8":{"name":"(anonymous_8)","decl":{"start":{"line":93,"column":16},"end":{"line":93,"column":17}},"loc":{"start":{"line":93,"column":23},"end":{"line":93,"column":52}}},"9":{"name":"(anonymous_9)","decl":{"start":{"line":103,"column":12},"end":{"line":103,"column":34}},"loc":{"start":{"line":108,"column":37},"end":{"line":138,"column":5}}},"10":{"name":"(anonymous_10)","decl":{"start":{"line":119,"column":16},"end":{"line":119,"column":17}},"loc":{"start":{"line":119,"column":23},"end":{"line":119,"column":57}}},"11":{"name":"(anonymous_11)","decl":{"start":{"line":129,"column":16},"end":{"line":129,"column":17}},"loc":{"start":{"line":129,"column":23},"end":{"line":129,"column":53}}},"12":{"name":"(anonymous_12)","decl":{"start":{"line":140,"column":12},"end":{"line":140,"column":34}},"loc":{"start":{"line":144,"column":41},"end":{"line":167,"column":5}}},"13":{"name":"(anonymous_13)","decl":{"start":{"line":155,"column":18},"end":{"line":155,"column":19}},"loc":{"start":{"line":155,"column":25},"end":{"line":155,"column":65}}},"14":{"name":"(anonymous_14)","decl":{"start":{"line":169,"column":12},"end":{"line":169,"column":28}},"loc":{"start":{"line":175,"column":37},"end":{"line":200,"column":5}}},"15":{"name":"(anonymous_15)","decl":{"start":{"line":202,"column":12},"end":{"line":202,"column":24}},"loc":{"start":{"line":207,"column":41},"end":{"line":240,"column":5}}},"16":{"name":"(anonymous_16)","decl":{"start":{"line":218,"column":26},"end":{"line":218,"column":27}},"loc":{"start":{"line":218,"column":39},"end":{"line":218,"column":79}}},"17":{"name":"(anonymous_17)","decl":{"start":{"line":242,"column":12},"end":{"line":242,"column":35}},"loc":{"start":{"line":243,"column":41},"end":{"line":248,"column":5}}},"18":{"name":"(anonymous_18)","decl":{"start":{"line":247,"column":18},"end":{"line":247,"column":19}},"loc":{"start":{"line":247,"column":31},"end":{"line":247,"column":83}}},"19":{"name":"(anonymous_19)","decl":{"start":{"line":250,"column":12},"end":{"line":250,"column":35}},"loc":{"start":{"line":251,"column":37},"end":{"line":256,"column":5}}},"20":{"name":"(anonymous_20)","decl":{"start":{"line":255,"column":18},"end":{"line":255,"column":19}},"loc":{"start":{"line":255,"column":31},"end":{"line":255,"column":83}}},"21":{"name":"(anonymous_21)","decl":{"start":{"line":258,"column":12},"end":{"line":258,"column":20}},"loc":{"start":{"line":258,"column":53},"end":{"line":260,"column":5}}},"22":{"name":"(anonymous_22)","decl":{"start":{"line":262,"column":12},"end":{"line":262,"column":44}},"loc":{"start":{"line":266,"column":37},"end":{"line":297,"column":5}}},"23":{"name":"(anonymous_23)","decl":{"start":{"line":299,"column":11},"end":{"line":299,"column":26}},"loc":{"start":{"line":304,"column":30},"end":{"line":369,"column":5}}},"24":{"name":"(anonymous_24)","decl":{"start":{"line":313,"column":50},"end":{"line":313,"column":51}},"loc":{"start":{"line":313,"column":60},"end":{"line":313,"column":73}}},"25":{"name":"(anonymous_25)","decl":{"start":{"line":314,"column":54},"end":{"line":314,"column":55}},"loc":{"start":{"line":314,"column":61},"end":{"line":314,"column":77}}},"26":{"name":"(anonymous_26)","decl":{"start":{"line":371,"column":11},"end":{"line":371,"column":25}},"loc":{"start":{"line":371,"column":50},"end":{"line":395,"column":5}}},"27":{"name":"(anonymous_27)","decl":{"start":{"line":378,"column":50},"end":{"line":378,"column":51}},"loc":{"start":{"line":378,"column":60},"end":{"line":378,"column":73}}},"28":{"name":"(anonymous_28)","decl":{"start":{"line":379,"column":54},"end":{"line":379,"column":55}},"loc":{"start":{"line":379,"column":61},"end":{"line":379,"column":77}}},"29":{"name":"(anonymous_29)","decl":{"start":{"line":384,"column":16},"end":{"line":384,"column":17}},"loc":{"start":{"line":384,"column":23},"end":{"line":384,"column":57}}},"30":{"name":"(anonymous_30)","decl":{"start":{"line":387,"column":16},"end":{"line":387,"column":17}},"loc":{"start":{"line":387,"column":23},"end":{"line":387,"column":53}}},"31":{"name":"(anonymous_31)","decl":{"start":{"line":397,"column":12},"end":{"line":397,"column":29}},"loc":{"start":{"line":397,"column":52},"end":{"line":399,"column":5}}},"32":{"name":"(anonymous_32)","decl":{"start":{"line":401,"column":11},"end":{"line":401,"column":29}},"loc":{"start":{"line":401,"column":54},"end":{"line":413,"column":5}}},"33":{"name":"(anonymous_33)","decl":{"start":{"line":404,"column":25},"end":{"line":404,"column":26}},"loc":{"start":{"line":404,"column":37},"end":{"line":412,"column":9}}},"34":{"name":"(anonymous_34)","decl":{"start":{"line":415,"column":4},"end":{"line":415,"column":15}},"loc":{"start":{"line":415,"column":17},"end":{"line":417,"column":5}}},"35":{"name":"(anonymous_35)","decl":{"start":{"line":419,"column":4},"end":{"line":419,"column":15}},"loc":{"start":{"line":419,"column":28},"end":{"line":421,"column":5}}},"36":{"name":"(anonymous_36)","decl":{"start":{"line":423,"column":4},"end":{"line":423,"column":15}},"loc":{"start":{"line":423,"column":21},"end":{"line":425,"column":5}}},"37":{"name":"(anonymous_37)","decl":{"start":{"line":426,"column":4},"end":{"line":426,"column":15}},"loc":{"start":{"line":426,"column":24},"end":{"line":428,"column":5}}},"38":{"name":"(anonymous_38)","decl":{"start":{"line":429,"column":4},"end":{"line":429,"column":15}},"loc":{"start":{"line":429,"column":24},"end":{"line":431,"column":5}}},"39":{"name":"(anonymous_39)","decl":{"start":{"line":433,"column":4},"end":{"line":433,"column":15}},"loc":{"start":{"line":433,"column":24},"end":{"line":435,"column":5}}},"40":{"name":"(anonymous_40)","decl":{"start":{"line":436,"column":4},"end":{"line":436,"column":15}},"loc":{"start":{"line":436,"column":20},"end":{"line":438,"column":5}}},"41":{"name":"(anonymous_41)","decl":{"start":{"line":439,"column":4},"end":{"line":439,"column":15}},"loc":{"start":{"line":439,"column":26},"end":{"line":441,"column":5}}},"42":{"name":"(anonymous_42)","decl":{"start":{"line":442,"column":4},"end":{"line":442,"column":15}},"loc":{"start":{"line":442,"column":25},"end":{"line":444,"column":5}}}},"branchMap":{"0":{"loc":{"start":{"line":29,"column":8},"end":{"line":37,"column":9}},"type":"if","locations":[{"start":{"line":29,"column":8},"end":{"line":37,"column":9}}]},"1":{"loc":{"start":{"line":30,"column":12},"end":{"line":34,"column":28}},"type":"binary-expr","locations":[{"start":{"line":30,"column":12},"end":{"line":30,"column":33}},{"start":{"line":31,"column":12},"end":{"line":31,"column":35}},{"start":{"line":32,"column":12},"end":{"line":32,"column":32}},{"start":{"line":33,"column":12},"end":{"line":33,"column":31}},{"start":{"line":34,"column":12},"end":{"line":34,"column":28}}]},"2":{"loc":{"start":{"line":47,"column":12},"end":{"line":49,"column":84}},"type":"binary-expr","locations":[{"start":{"line":47,"column":13},"end":{"line":47,"column":39}},{"start":{"line":47,"column":43},"end":{"line":47,"column":80}},{"start":{"line":48,"column":13},"end":{"line":48,"column":35}},{"start":{"line":48,"column":39},"end":{"line":48,"column":68}},{"start":{"line":49,"column":13},"end":{"line":49,"column":40}},{"start":{"line":49,"column":44},"end":{"line":49,"column":83}}]},"3":{"loc":{"start":{"line":51,"column":8},"end":{"line":59,"column":9}},"type":"if","locations":[{"start":{"line":51,"column":8},"end":{"line":59,"column":9}}]},"4":{"loc":{"start":{"line":52,"column":12},"end":{"line":54,"column":27}},"type":"binary-expr","locations":[{"start":{"line":52,"column":12},"end":{"line":52,"column":35}},{"start":{"line":53,"column":12},"end":{"line":53,"column":43}},{"start":{"line":54,"column":12},"end":{"line":54,"column":27}}]},"5":{"loc":{"start":{"line":63,"column":8},"end":{"line":67,"column":9}},"type":"if","locations":[{"start":{"line":63,"column":8},"end":{"line":67,"column":9}}]},"6":{"loc":{"start":{"line":71,"column":8},"end":{"line":75,"column":9}},"type":"if","locations":[{"start":{"line":71,"column":8},"end":{"line":75,"column":9}}]},"7":{"loc":{"start":{"line":82,"column":8},"end":{"line":100,"column":9}},"type":"if","locations":[{"start":{"line":82,"column":8},"end":{"line":100,"column":9}}]},"8":{"loc":{"start":{"line":86,"column":12},"end":{"line":90,"column":13}},"type":"if","locations":[{"start":{"line":86,"column":12},"end":{"line":90,"column":13}}]},"9":{"loc":{"start":{"line":95,"column":12},"end":{"line":99,"column":13}},"type":"if","locations":[{"start":{"line":95,"column":12},"end":{"line":99,"column":13}}]},"10":{"loc":{"start":{"line":110,"column":8},"end":{"line":137,"column":9}},"type":"if","locations":[{"start":{"line":110,"column":8},"end":{"line":137,"column":9}}]},"11":{"loc":{"start":{"line":122,"column":12},"end":{"line":126,"column":13}},"type":"if","locations":[{"start":{"line":122,"column":12},"end":{"line":126,"column":13}}]},"12":{"loc":{"start":{"line":132,"column":12},"end":{"line":136,"column":13}},"type":"if","locations":[{"start":{"line":132,"column":12},"end":{"line":136,"column":13}}]},"13":{"loc":{"start":{"line":155,"column":25},"end":{"line":155,"column":65}},"type":"binary-expr","locations":[{"start":{"line":155,"column":25},"end":{"line":155,"column":45}},{"start":{"line":155,"column":49},"end":{"line":155,"column":65}}]},"14":{"loc":{"start":{"line":157,"column":8},"end":{"line":166,"column":9}},"type":"if","locations":[{"start":{"line":157,"column":8},"end":{"line":166,"column":9}}]},"15":{"loc":{"start":{"line":158,"column":12},"end":{"line":165,"column":13}},"type":"if","locations":[{"start":{"line":158,"column":12},"end":{"line":165,"column":13}}]},"16":{"loc":{"start":{"line":159,"column":16},"end":{"line":160,"column":54}},"type":"binary-expr","locations":[{"start":{"line":159,"column":16},"end":{"line":159,"column":62}},{"start":{"line":160,"column":16},"end":{"line":160,"column":54}}]},"17":{"loc":{"start":{"line":177,"column":8},"end":{"line":183,"column":9}},"type":"if","locations":[{"start":{"line":177,"column":8},"end":{"line":183,"column":9}}]},"18":{"loc":{"start":{"line":178,"column":12},"end":{"line":182,"column":13}},"type":"if","locations":[{"start":{"line":178,"column":12},"end":{"line":182,"column":13}}]},"19":{"loc":{"start":{"line":185,"column":8},"end":{"line":199,"column":9}},"type":"switch","locations":[{"start":{"line":186,"column":12},"end":{"line":188,"column":22}},{"start":{"line":190,"column":12},"end":{"line":198,"column":22}}]},"20":{"loc":{"start":{"line":209,"column":8},"end":{"line":239,"column":9}},"type":"if","locations":[{"start":{"line":209,"column":8},"end":{"line":239,"column":9}}]},"21":{"loc":{"start":{"line":210,"column":12},"end":{"line":214,"column":13}},"type":"if","locations":[{"start":{"line":210,"column":12},"end":{"line":214,"column":13}}]},"22":{"loc":{"start":{"line":215,"column":12},"end":{"line":229,"column":13}},"type":"if","locations":[{"start":{"line":215,"column":12},"end":{"line":229,"column":13}}]},"23":{"loc":{"start":{"line":220,"column":16},"end":{"line":224,"column":17}},"type":"if","locations":[{"start":{"line":220,"column":16},"end":{"line":224,"column":17}}]},"24":{"loc":{"start":{"line":231,"column":12},"end":{"line":238,"column":13}},"type":"if","locations":[{"start":{"line":231,"column":12},"end":{"line":238,"column":13}}]},"25":{"loc":{"start":{"line":247,"column":31},"end":{"line":247,"column":83}},"type":"binary-expr","locations":[{"start":{"line":247,"column":31},"end":{"line":247,"column":57}},{"start":{"line":247,"column":61},"end":{"line":247,"column":83}}]},"26":{"loc":{"start":{"line":255,"column":31},"end":{"line":255,"column":83}},"type":"binary-expr","locations":[{"start":{"line":255,"column":31},"end":{"line":255,"column":57}},{"start":{"line":255,"column":61},"end":{"line":255,"column":83}}]},"27":{"loc":{"start":{"line":272,"column":8},"end":{"line":281,"column":9}},"type":"if","locations":[{"start":{"line":272,"column":8},"end":{"line":281,"column":9}}]},"28":{"loc":{"start":{"line":272,"column":12},"end":{"line":272,"column":66}},"type":"binary-expr","locations":[{"start":{"line":272,"column":12},"end":{"line":272,"column":16}},{"start":{"line":272,"column":20},"end":{"line":272,"column":43}},{"start":{"line":272,"column":47},"end":{"line":272,"column":66}}]},"29":{"loc":{"start":{"line":273,"column":12},"end":{"line":280,"column":13}},"type":"if","locations":[{"start":{"line":273,"column":12},"end":{"line":280,"column":13}}]},"30":{"loc":{"start":{"line":274,"column":16},"end":{"line":275,"column":72}},"type":"binary-expr","locations":[{"start":{"line":274,"column":17},"end":{"line":274,"column":47}},{"start":{"line":274,"column":51},"end":{"line":274,"column":83}},{"start":{"line":275,"column":17},"end":{"line":275,"column":43}},{"start":{"line":275,"column":47},"end":{"line":275,"column":71}}]},"31":{"loc":{"start":{"line":283,"column":8},"end":{"line":296,"column":9}},"type":"if","locations":[{"start":{"line":283,"column":8},"end":{"line":296,"column":9}}]},"32":{"loc":{"start":{"line":283,"column":12},"end":{"line":283,"column":66}},"type":"binary-expr","locations":[{"start":{"line":283,"column":12},"end":{"line":283,"column":16}},{"start":{"line":283,"column":20},"end":{"line":283,"column":43}},{"start":{"line":283,"column":47},"end":{"line":283,"column":66}}]},"33":{"loc":{"start":{"line":284,"column":12},"end":{"line":295,"column":13}},"type":"if","locations":[{"start":{"line":284,"column":12},"end":{"line":295,"column":13}}]},"34":{"loc":{"start":{"line":285,"column":16},"end":{"line":290,"column":45}},"type":"binary-expr","locations":[{"start":{"line":285,"column":17},"end":{"line":285,"column":41}},{"start":{"line":286,"column":20},"end":{"line":286,"column":49}},{"start":{"line":287,"column":20},"end":{"line":287,"column":52}},{"start":{"line":288,"column":17},"end":{"line":288,"column":37}},{"start":{"line":289,"column":20},"end":{"line":289,"column":45}},{"start":{"line":290,"column":20},"end":{"line":290,"column":44}}]},"35":{"loc":{"start":{"line":306,"column":29},"end":{"line":306,"column":59}},"type":"binary-expr","locations":[{"start":{"line":306,"column":29},"end":{"line":306,"column":38}},{"start":{"line":306,"column":42},"end":{"line":306,"column":59}}]},"36":{"loc":{"start":{"line":308,"column":12},"end":{"line":308,"column":86}},"type":"cond-expr","locations":[{"start":{"line":308,"column":41},"end":{"line":308,"column":53}},{"start":{"line":308,"column":57},"end":{"line":308,"column":85}}]},"37":{"loc":{"start":{"line":308,"column":57},"end":{"line":308,"column":85}},"type":"binary-expr","locations":[{"start":{"line":308,"column":57},"end":{"line":308,"column":77}},{"start":{"line":308,"column":81},"end":{"line":308,"column":85}}]},"38":{"loc":{"start":{"line":310,"column":12},"end":{"line":310,"column":74}},"type":"cond-expr","locations":[{"start":{"line":310,"column":37},"end":{"line":310,"column":45}},{"start":{"line":310,"column":49},"end":{"line":310,"column":73}}]},"39":{"loc":{"start":{"line":310,"column":49},"end":{"line":310,"column":73}},"type":"binary-expr","locations":[{"start":{"line":310,"column":49},"end":{"line":310,"column":65}},{"start":{"line":310,"column":69},"end":{"line":310,"column":73}}]},"40":{"loc":{"start":{"line":311,"column":33},"end":{"line":311,"column":71}},"type":"binary-expr","locations":[{"start":{"line":311,"column":33},"end":{"line":311,"column":46}},{"start":{"line":311,"column":50},"end":{"line":311,"column":71}}]},"41":{"loc":{"start":{"line":333,"column":8},"end":{"line":362,"column":9}},"type":"switch","locations":[{"start":{"line":334,"column":12},"end":{"line":336,"column":22}},{"start":{"line":338,"column":12},"end":{"line":340,"column":22}},{"start":{"line":342,"column":12},"end":{"line":351,"column":22}},{"start":{"line":353,"column":12},"end":{"line":361,"column":22}}]},"42":{"loc":{"start":{"line":365,"column":31},"end":{"line":365,"column":54}},"type":"binary-expr","locations":[{"start":{"line":365,"column":31},"end":{"line":365,"column":46}},{"start":{"line":365,"column":50},"end":{"line":365,"column":54}}]},"43":{"loc":{"start":{"line":366,"column":27},"end":{"line":366,"column":46}},"type":"binary-expr","locations":[{"start":{"line":366,"column":27},"end":{"line":366,"column":38}},{"start":{"line":366,"column":42},"end":{"line":366,"column":46}}]},"44":{"loc":{"start":{"line":372,"column":8},"end":{"line":376,"column":9}},"type":"if","locations":[{"start":{"line":372,"column":8},"end":{"line":376,"column":9}}]},"45":{"loc":{"start":{"line":382,"column":8},"end":{"line":394,"column":9}},"type":"if","locations":[{"start":{"line":382,"column":8},"end":{"line":394,"column":9}}]},"46":{"loc":{"start":{"line":389,"column":12},"end":{"line":393,"column":13}},"type":"if","locations":[{"start":{"line":389,"column":12},"end":{"line":393,"column":13}}]},"47":{"loc":{"start":{"line":389,"column":16},"end":{"line":389,"column":48}},"type":"binary-expr","locations":[{"start":{"line":389,"column":16},"end":{"line":389,"column":32}},{"start":{"line":389,"column":36},"end":{"line":389,"column":48}}]},"48":{"loc":{"start":{"line":410,"column":26},"end":{"line":410,"column":71}},"type":"cond-expr","locations":[{"start":{"line":410,"column":47},"end":{"line":410,"column":67}},{"start":{"line":410,"column":70},"end":{"line":410,"column":71}}]},"49":{"loc":{"start":{"line":434,"column":15},"end":{"line":434,"column":43}},"type":"binary-expr","locations":[{"start":{"line":434,"column":15},"end":{"line":434,"column":35}},{"start":{"line":434,"column":39},"end":{"line":434,"column":43}}]},"50":{"loc":{"start":{"line":437,"column":15},"end":{"line":437,"column":39}},"type":"binary-expr","locations":[{"start":{"line":437,"column":15},"end":{"line":437,"column":31}},{"start":{"line":437,"column":35},"end":{"line":437,"column":39}}]}},"s":{"0":79,"1":79,"2":0,"3":0,"4":28,"5":28,"6":25,"7":0,"8":0,"9":0,"10":0,"11":0,"12":0,"13":0,"14":0,"15":0,"16":0,"17":0,"18":0,"19":0,"20":0,"21":0,"22":0,"23":0,"24":0,"25":0,"26":0,"27":0,"28":0,"29":0,"30":0,"31":0,"32":0,"33":0,"34":0,"35":0,"36":3,"37":3,"38":1,"39":2,"40":0,"41":0,"42":0,"43":0,"44":0,"45":0,"46":0,"47":0,"48":0,"49":0,"50":0,"51":0,"52":0,"53":0,"54":0,"55":3,"56":4,"57":3,"58":0,"59":0,"60":3,"61":3,"62":3,"63":0,"64":0,"65":3,"66":0,"67":0,"68":28,"69":28,"70":28,"71":28,"72":28,"73":34,"74":28,"75":57,"76":28,"77":28,"78":28,"79":3,"80":3,"81":0,"82":0,"83":0,"84":0,"85":3,"86":2,"87":0,"88":0,"89":2,"90":2,"91":2,"92":2,"93":2,"94":4,"95":1,"96":3,"97":7,"98":3,"99":8,"100":3,"101":3,"102":1,"103":1,"104":1,"105":2,"106":1,"107":1,"108":6,"109":2,"110":2,"111":6,"112":6,"113":6,"114":237,"115":11,"116":21,"117":4,"118":4,"119":9,"120":5,"121":7,"122":3},"f":{"0":79,"1":79,"2":0,"3":28,"4":0,"5":0,"6":0,"7":0,"8":0,"9":0,"10":0,"11":0,"12":0,"13":0,"14":3,"15":0,"16":0,"17":3,"18":4,"19":3,"20":0,"21":0,"22":3,"23":28,"24":34,"25":57,"26":4,"27":7,"28":8,"29":1,"30":2,"31":6,"32":2,"33":6,"34":237,"35":11,"36":21,"37":4,"38":4,"39":9,"40":5,"41":7,"42":3},"b":{"0":[0],"1":[0,0,0,0,0],"2":[28,28,27,27,25,25],"3":[25],"4":[28,28,28],"5":[0],"6":[0],"7":[0],"8":[0],"9":[0],"10":[0],"11":[0],"12":[0],"13":[0,0],"14":[0],"15":[0],"16":[0,0],"17":[3],"18":[1],"19":[0,0],"20":[0],"21":[0],"22":[0],"23":[0],"24":[0],"25":[4,0],"26":[0,0],"27":[0],"28":[3,0,0],"29":[0],"30":[0,0,0,0],"31":[0],"32":[3,0,0],"33":[0],"34":[0,0,0,0,0,0],"35":[28,26],"36":[2,26],"37":[26,1],"38":[2,26],"39":[26,1],"40":[28,26],"41":[0,0,3,0],"42":[2,0],"43":[2,0],"44":[1],"45":[1],"46":[1],"47":[1,0],"48":[2,4],"49":[9,4],"50":[5,0]}}
,"\\\\weg.net\\DFSWEG\\GROUPS\\BR_SC_ITJ_WMO_FABRICACAO_FIOS\\FABRICACAO_FIOS\\Gustavo dos Santos Fernandes\\07 - Projetos\\Fieiras\\back-end\\src\\domain\\stock\\entity\\stock.ts": {"path":"\\\\weg.net\\DFSWEG\\GROUPS\\BR_SC_ITJ_WMO_FABRICACAO_FIOS\\FABRICACAO_FIOS\\Gustavo dos Santos Fernandes\\07 - Projetos\\Fieiras\\back-end\\src\\domain\\stock\\entity\\stock.ts","statementMap":{"0":{"start":{"line":4,"column":0},"end":{"line":4,"column":null}},"1":{"start":{"line":5,"column":4},"end":{"line":5,"column":null}},"2":{"start":{"line":6,"column":4},"end":{"line":6,"column":null}},"3":{"start":{"line":7,"column":4},"end":{"line":7,"column":null}},"4":{"start":{"line":8,"column":4},"end":{"line":8,"column":null}},"5":{"start":{"line":31,"column":41},"end":{"line":31,"column":58}},"6":{"start":{"line":34,"column":8},"end":{"line":44,"column":11}},"7":{"start":{"line":48,"column":8},"end":{"line":48,"column":32}},"8":{"start":{"line":52,"column":8},"end":{"line":59,"column":9}},"9":{"start":{"line":56,"column":12},"end":{"line":58,"column":14}},"10":{"start":{"line":63,"column":8},"end":{"line":70,"column":9}},"11":{"start":{"line":67,"column":12},"end":{"line":69,"column":14}},"12":{"start":{"line":74,"column":8},"end":{"line":80,"column":9}},"13":{"start":{"line":75,"column":12},"end":{"line":79,"column":13}},"14":{"start":{"line":76,"column":16},"end":{"line":78,"column":18}},"15":{"start":{"line":84,"column":8},"end":{"line":88,"column":9}},"16":{"start":{"line":85,"column":12},"end":{"line":87,"column":14}},"17":{"start":{"line":92,"column":8},"end":{"line":96,"column":9}},"18":{"start":{"line":93,"column":12},"end":{"line":95,"column":14}},"19":{"start":{"line":103,"column":8},"end":{"line":107,"column":9}},"20":{"start":{"line":104,"column":12},"end":{"line":106,"column":14}},"21":{"start":{"line":109,"column":8},"end":{"line":113,"column":9}},"22":{"start":{"line":110,"column":12},"end":{"line":112,"column":14}},"23":{"start":{"line":115,"column":8},"end":{"line":122,"column":9}},"24":{"start":{"line":119,"column":12},"end":{"line":121,"column":14}},"25":{"start":{"line":124,"column":8},"end":{"line":128,"column":9}},"26":{"start":{"line":125,"column":12},"end":{"line":127,"column":14}},"27":{"start":{"line":132,"column":8},"end":{"line":132,"column":34}},"28":{"start":{"line":133,"column":8},"end":{"line":133,"column":35}},"29":{"start":{"line":134,"column":8},"end":{"line":134,"column":43}},"30":{"start":{"line":135,"column":8},"end":{"line":135,"column":39}},"31":{"start":{"line":139,"column":8},"end":{"line":139,"column":56}},"32":{"start":{"line":140,"column":8},"end":{"line":140,"column":48}},"33":{"start":{"line":141,"column":8},"end":{"line":141,"column":82}},"34":{"start":{"line":142,"column":8},"end":{"line":142,"column":60}},"35":{"start":{"line":146,"column":8},"end":{"line":146,"column":28}},"36":{"start":{"line":148,"column":8},"end":{"line":148,"column":43}},"37":{"start":{"line":150,"column":8},"end":{"line":150,"column":42}},"38":{"start":{"line":152,"column":8},"end":{"line":152,"column":36}},"39":{"start":{"line":154,"column":8},"end":{"line":156,"column":9}},"40":{"start":{"line":155,"column":12},"end":{"line":155,"column":34}},"41":{"start":{"line":158,"column":8},"end":{"line":158,"column":41}},"42":{"start":{"line":160,"column":8},"end":{"line":163,"column":9}},"43":{"start":{"line":161,"column":12},"end":{"line":161,"column":63}},"44":{"start":{"line":162,"column":12},"end":{"line":162,"column":43}},"45":{"start":{"line":165,"column":8},"end":{"line":165,"column":38}},"46":{"start":{"line":166,"column":8},"end":{"line":166,"column":42}},"47":{"start":{"line":170,"column":8},"end":{"line":170,"column":34}},"48":{"start":{"line":171,"column":8},"end":{"line":171,"column":35}},"49":{"start":{"line":172,"column":8},"end":{"line":172,"column":43}},"50":{"start":{"line":173,"column":8},"end":{"line":173,"column":39}},"51":{"start":{"line":175,"column":31},"end":{"line":175,"column":72}},"52":{"start":{"line":175,"column":60},"end":{"line":175,"column":71}},"53":{"start":{"line":177,"column":8},"end":{"line":194,"column":9}},"54":{"start":{"line":178,"column":12},"end":{"line":193,"column":13}},"55":{"start":{"line":182,"column":16},"end":{"line":182,"column":60}},"56":{"start":{"line":183,"column":16},"end":{"line":183,"column":61}},"57":{"start":{"line":185,"column":16},"end":{"line":187,"column":17}},"58":{"start":{"line":186,"column":20},"end":{"line":186,"column":68}},"59":{"start":{"line":188,"column":16},"end":{"line":190,"column":17}},"60":{"start":{"line":189,"column":20},"end":{"line":189,"column":60}},"61":{"start":{"line":192,"column":16},"end":{"line":192,"column":51}},"62":{"start":{"line":196,"column":8},"end":{"line":196,"column":42}},"63":{"start":{"line":200,"column":8},"end":{"line":200,"column":29}},"64":{"start":{"line":203,"column":8},"end":{"line":203,"column":35}},"65":{"start":{"line":206,"column":8},"end":{"line":206,"column":31}},"66":{"start":{"line":209,"column":8},"end":{"line":209,"column":33}},"67":{"start":{"line":212,"column":8},"end":{"line":212,"column":36}},"68":{"start":{"line":215,"column":8},"end":{"line":215,"column":36}},"69":{"start":{"line":219,"column":8},"end":{"line":219,"column":51}},"70":{"start":{"line":222,"column":8},"end":{"line":222,"column":47}},"71":{"start":{"line":225,"column":8},"end":{"line":225,"column":38}},"72":{"start":{"line":228,"column":8},"end":{"line":228,"column":37}}},"fnMap":{"0":{"name":"(anonymous_0)","decl":{"start":{"line":4,"column":0},"end":{"line":4,"column":6}},"loc":{"start":{"line":4,"column":24},"end":{"line":9,"column":1}}},"1":{"name":"(anonymous_1)","decl":{"start":{"line":31,"column":4},"end":{"line":31,"column":41}},"loc":{"start":{"line":31,"column":58},"end":{"line":31,"column":62}}},"2":{"name":"(anonymous_2)","decl":{"start":{"line":33,"column":11},"end":{"line":33,"column":17}},"loc":{"start":{"line":33,"column":55},"end":{"line":45,"column":5}}},"3":{"name":"(anonymous_3)","decl":{"start":{"line":47,"column":11},"end":{"line":47,"column":17}},"loc":{"start":{"line":47,"column":43},"end":{"line":49,"column":5}}},"4":{"name":"(anonymous_4)","decl":{"start":{"line":51,"column":12},"end":{"line":51,"column":29}},"loc":{"start":{"line":51,"column":53},"end":{"line":60,"column":5}}},"5":{"name":"(anonymous_5)","decl":{"start":{"line":62,"column":12},"end":{"line":62,"column":23}},"loc":{"start":{"line":62,"column":47},"end":{"line":71,"column":5}}},"6":{"name":"(anonymous_6)","decl":{"start":{"line":73,"column":12},"end":{"line":73,"column":28}},"loc":{"start":{"line":73,"column":52},"end":{"line":81,"column":5}}},"7":{"name":"(anonymous_7)","decl":{"start":{"line":83,"column":12},"end":{"line":83,"column":24}},"loc":{"start":{"line":83,"column":24},"end":{"line":89,"column":5}}},"8":{"name":"(anonymous_8)","decl":{"start":{"line":91,"column":12},"end":{"line":91,"column":30}},"loc":{"start":{"line":91,"column":54},"end":{"line":97,"column":5}}},"9":{"name":"(anonymous_9)","decl":{"start":{"line":99,"column":12},"end":{"line":99,"column":37}},"loc":{"start":{"line":101,"column":31},"end":{"line":129,"column":5}}},"10":{"name":"(anonymous_10)","decl":{"start":{"line":131,"column":12},"end":{"line":131,"column":26}},"loc":{"start":{"line":131,"column":26},"end":{"line":136,"column":5}}},"11":{"name":"(anonymous_11)","decl":{"start":{"line":138,"column":12},"end":{"line":138,"column":27}},"loc":{"start":{"line":138,"column":50},"end":{"line":143,"column":5}}},"12":{"name":"(anonymous_12)","decl":{"start":{"line":145,"column":11},"end":{"line":145,"column":17}},"loc":{"start":{"line":145,"column":66},"end":{"line":167,"column":5}}},"13":{"name":"(anonymous_13)","decl":{"start":{"line":169,"column":11},"end":{"line":169,"column":33}},"loc":{"start":{"line":169,"column":58},"end":{"line":197,"column":5}}},"14":{"name":"(anonymous_14)","decl":{"start":{"line":175,"column":50},"end":{"line":175,"column":51}},"loc":{"start":{"line":175,"column":60},"end":{"line":175,"column":71}}},"15":{"name":"(anonymous_15)","decl":{"start":{"line":199,"column":4},"end":{"line":199,"column":15}},"loc":{"start":{"line":199,"column":17},"end":{"line":201,"column":5}}},"16":{"name":"(anonymous_16)","decl":{"start":{"line":202,"column":4},"end":{"line":202,"column":15}},"loc":{"start":{"line":202,"column":23},"end":{"line":204,"column":5}}},"17":{"name":"(anonymous_17)","decl":{"start":{"line":205,"column":4},"end":{"line":205,"column":15}},"loc":{"start":{"line":205,"column":19},"end":{"line":207,"column":5}}},"18":{"name":"(anonymous_18)","decl":{"start":{"line":208,"column":4},"end":{"line":208,"column":15}},"loc":{"start":{"line":208,"column":21},"end":{"line":210,"column":5}}},"19":{"name":"(anonymous_19)","decl":{"start":{"line":211,"column":4},"end":{"line":211,"column":15}},"loc":{"start":{"line":211,"column":24},"end":{"line":213,"column":5}}},"20":{"name":"(anonymous_20)","decl":{"start":{"line":214,"column":4},"end":{"line":214,"column":15}},"loc":{"start":{"line":214,"column":24},"end":{"line":216,"column":5}}},"21":{"name":"(anonymous_21)","decl":{"start":{"line":218,"column":4},"end":{"line":218,"column":15}},"loc":{"start":{"line":218,"column":31},"end":{"line":220,"column":5}}},"22":{"name":"(anonymous_22)","decl":{"start":{"line":221,"column":4},"end":{"line":221,"column":15}},"loc":{"start":{"line":221,"column":27},"end":{"line":223,"column":5}}},"23":{"name":"(anonymous_23)","decl":{"start":{"line":224,"column":4},"end":{"line":224,"column":15}},"loc":{"start":{"line":224,"column":26},"end":{"line":226,"column":5}}},"24":{"name":"(anonymous_24)","decl":{"start":{"line":227,"column":4},"end":{"line":227,"column":15}},"loc":{"start":{"line":227,"column":25},"end":{"line":229,"column":5}}}},"branchMap":{"0":{"loc":{"start":{"line":4,"column":12},"end":{"line":4,"column":null}},"type":"binary-expr","locations":[{"start":{"line":4,"column":12},"end":{"line":4,"column":24}},{"start":{"line":4,"column":12},"end":{"line":4,"column":null}}]},"1":{"loc":{"start":{"line":52,"column":8},"end":{"line":59,"column":9}},"type":"if","locations":[{"start":{"line":52,"column":8},"end":{"line":59,"column":9}}]},"2":{"loc":{"start":{"line":53,"column":12},"end":{"line":54,"column":42}},"type":"binary-expr","locations":[{"start":{"line":53,"column":12},"end":{"line":53,"column":56}},{"start":{"line":54,"column":12},"end":{"line":54,"column":42}}]},"3":{"loc":{"start":{"line":63,"column":8},"end":{"line":70,"column":9}},"type":"if","locations":[{"start":{"line":63,"column":8},"end":{"line":70,"column":9}}]},"4":{"loc":{"start":{"line":64,"column":12},"end":{"line":65,"column":48}},"type":"binary-expr","locations":[{"start":{"line":64,"column":12},"end":{"line":64,"column":50}},{"start":{"line":65,"column":12},"end":{"line":65,"column":48}}]},"5":{"loc":{"start":{"line":74,"column":8},"end":{"line":80,"column":9}},"type":"if","locations":[{"start":{"line":74,"column":8},"end":{"line":80,"column":9}}]},"6":{"loc":{"start":{"line":75,"column":12},"end":{"line":79,"column":13}},"type":"if","locations":[{"start":{"line":75,"column":12},"end":{"line":79,"column":13}}]},"7":{"loc":{"start":{"line":75,"column":16},"end":{"line":75,"column":86}},"type":"binary-expr","locations":[{"start":{"line":75,"column":16},"end":{"line":75,"column":46}},{"start":{"line":75,"column":50},"end":{"line":75,"column":86}}]},"8":{"loc":{"start":{"line":84,"column":8},"end":{"line":88,"column":9}},"type":"if","locations":[{"start":{"line":84,"column":8},"end":{"line":88,"column":9}}]},"9":{"loc":{"start":{"line":92,"column":8},"end":{"line":96,"column":9}},"type":"if","locations":[{"start":{"line":92,"column":8},"end":{"line":96,"column":9}}]},"10":{"loc":{"start":{"line":92,"column":12},"end":{"line":92,"column":82}},"type":"binary-expr","locations":[{"start":{"line":92,"column":12},"end":{"line":92,"column":43}},{"start":{"line":92,"column":47},"end":{"line":92,"column":82}}]},"11":{"loc":{"start":{"line":103,"column":8},"end":{"line":107,"column":9}},"type":"if","locations":[{"start":{"line":103,"column":8},"end":{"line":107,"column":9}}]},"12":{"loc":{"start":{"line":109,"column":8},"end":{"line":113,"column":9}},"type":"if","locations":[{"start":{"line":109,"column":8},"end":{"line":113,"column":9}}]},"13":{"loc":{"start":{"line":109,"column":12},"end":{"line":109,"column":83}},"type":"binary-expr","locations":[{"start":{"line":109,"column":12},"end":{"line":109,"column":34}},{"start":{"line":109,"column":38},"end":{"line":109,"column":56}},{"start":{"line":109,"column":60},"end":{"line":109,"column":83}}]},"14":{"loc":{"start":{"line":115,"column":8},"end":{"line":122,"column":9}},"type":"if","locations":[{"start":{"line":115,"column":8},"end":{"line":122,"column":9}}]},"15":{"loc":{"start":{"line":116,"column":12},"end":{"line":117,"column":59}},"type":"binary-expr","locations":[{"start":{"line":116,"column":12},"end":{"line":116,"column":39}},{"start":{"line":117,"column":12},"end":{"line":117,"column":59}}]},"16":{"loc":{"start":{"line":124,"column":8},"end":{"line":128,"column":9}},"type":"if","locations":[{"start":{"line":124,"column":8},"end":{"line":128,"column":9}}]},"17":{"loc":{"start":{"line":124,"column":12},"end":{"line":124,"column":78}},"type":"binary-expr","locations":[{"start":{"line":124,"column":12},"end":{"line":124,"column":35}},{"start":{"line":124,"column":39},"end":{"line":124,"column":78}}]},"18":{"loc":{"start":{"line":141,"column":33},"end":{"line":141,"column":59}},"type":"binary-expr","locations":[{"start":{"line":141,"column":33},"end":{"line":141,"column":54}},{"start":{"line":141,"column":58},"end":{"line":141,"column":59}}]},"19":{"loc":{"start":{"line":154,"column":8},"end":{"line":156,"column":9}},"type":"if","locations":[{"start":{"line":154,"column":8},"end":{"line":156,"column":9}}]},"20":{"loc":{"start":{"line":160,"column":8},"end":{"line":163,"column":9}},"type":"if","locations":[{"start":{"line":160,"column":8},"end":{"line":163,"column":9}}]},"21":{"loc":{"start":{"line":160,"column":12},"end":{"line":160,"column":82}},"type":"binary-expr","locations":[{"start":{"line":160,"column":12},"end":{"line":160,"column":43}},{"start":{"line":160,"column":47},"end":{"line":160,"column":82}}]},"22":{"loc":{"start":{"line":178,"column":12},"end":{"line":193,"column":13}},"type":"if","locations":[{"start":{"line":178,"column":12},"end":{"line":193,"column":13}}]},"23":{"loc":{"start":{"line":179,"column":16},"end":{"line":180,"column":52}},"type":"binary-expr","locations":[{"start":{"line":179,"column":16},"end":{"line":179,"column":56}},{"start":{"line":180,"column":16},"end":{"line":180,"column":52}}]},"24":{"loc":{"start":{"line":185,"column":16},"end":{"line":187,"column":17}},"type":"if","locations":[{"start":{"line":185,"column":16},"end":{"line":187,"column":17}}]},"25":{"loc":{"start":{"line":185,"column":20},"end":{"line":185,"column":81}},"type":"binary-expr","locations":[{"start":{"line":185,"column":20},"end":{"line":185,"column":51}},{"start":{"line":185,"column":55},"end":{"line":185,"column":81}}]},"26":{"loc":{"start":{"line":188,"column":16},"end":{"line":190,"column":17}},"type":"if","locations":[{"start":{"line":188,"column":16},"end":{"line":190,"column":17}}]},"27":{"loc":{"start":{"line":188,"column":20},"end":{"line":188,"column":73}},"type":"binary-expr","locations":[{"start":{"line":188,"column":20},"end":{"line":188,"column":47}},{"start":{"line":188,"column":51},"end":{"line":188,"column":73}}]},"28":{"loc":{"start":{"line":219,"column":15},"end":{"line":219,"column":50}},"type":"binary-expr","locations":[{"start":{"line":219,"column":15},"end":{"line":219,"column":42}},{"start":{"line":219,"column":46},"end":{"line":219,"column":50}}]},"29":{"loc":{"start":{"line":222,"column":15},"end":{"line":222,"column":46}},"type":"binary-expr","locations":[{"start":{"line":222,"column":15},"end":{"line":222,"column":38}},{"start":{"line":222,"column":42},"end":{"line":222,"column":46}}]}},"s":{"0":10,"1":10,"2":10,"3":10,"4":10,"5":27,"6":17,"7":10,"8":33,"9":1,"10":32,"11":1,"12":31,"13":6,"14":2,"15":35,"16":1,"17":34,"18":1,"19":15,"20":1,"21":14,"22":3,"23":11,"24":1,"25":10,"26":1,"27":15,"28":15,"29":15,"30":15,"31":9,"32":9,"33":9,"34":9,"35":35,"36":34,"37":33,"38":32,"39":31,"40":15,"41":31,"42":29,"43":15,"44":9,"45":23,"46":23,"47":2,"48":2,"49":2,"50":2,"51":2,"52":3,"53":2,"54":5,"55":1,"56":1,"57":1,"58":1,"59":1,"60":1,"61":1,"62":2,"63":8,"64":6,"65":6,"66":10,"67":8,"68":8,"69":8,"70":8,"71":8,"72":7},"f":{"0":10,"1":27,"2":17,"3":10,"4":33,"5":32,"6":31,"7":35,"8":34,"9":15,"10":15,"11":9,"12":35,"13":2,"14":3,"15":8,"16":6,"17":6,"18":10,"19":8,"20":8,"21":8,"22":8,"23":8,"24":7},"b":{"0":[10,10],"1":[1],"2":[33,15],"3":[1],"4":[32,12],"5":[6],"6":[2],"7":[6,5],"8":[1],"9":[1],"10":[34,4],"11":[1],"12":[3],"13":[14,13,12],"14":[1],"15":[11,4],"16":[1],"17":[10,3],"18":[9,0],"19":[15],"20":[15],"21":[29,28],"22":[1],"23":[5,4],"24":[1],"25":[1,1],"26":[1],"27":[1,1],"28":[8,5],"29":[8,5]}}
,"\\\\weg.net\\DFSWEG\\GROUPS\\BR_SC_ITJ_WMO_FABRICACAO_FIOS\\FABRICACAO_FIOS\\Gustavo dos Santos Fernandes\\07 - Projetos\\Fieiras\\back-end\\src\\generated\\prisma\\client.ts": {"path":"\\\\weg.net\\DFSWEG\\GROUPS\\BR_SC_ITJ_WMO_FABRICACAO_FIOS\\FABRICACAO_FIOS\\Gustavo dos Santos Fernandes\\07 - Projetos\\Fieiras\\back-end\\src\\generated\\prisma\\client.ts","statementMap":{"0":{"start":{"line":16,"column":0},"end":{"line":16,"column":null}},"1":{"start":{"line":40,"column":28},"end":{"line":40,"column":57}}},"fnMap":{},"branchMap":{},"s":{"0":1,"1":1},"f":{},"b":{}}
,"\\\\weg.net\\DFSWEG\\GROUPS\\BR_SC_ITJ_WMO_FABRICACAO_FIOS\\FABRICACAO_FIOS\\Gustavo dos Santos Fernandes\\07 - Projetos\\Fieiras\\back-end\\src\\generated\\prisma\\enums.ts": {"path":"\\\\weg.net\\DFSWEG\\GROUPS\\BR_SC_ITJ_WMO_FABRICACAO_FIOS\\FABRICACAO_FIOS\\Gustavo dos Santos Fernandes\\07 - Projetos\\Fieiras\\back-end\\src\\generated\\prisma\\enums.ts","statementMap":{"0":{"start":{"line":12,"column":28},"end":{"line":17,"column":null}}},"fnMap":{},"branchMap":{},"s":{"0":1},"f":{},"b":{}}
,"\\\\weg.net\\DFSWEG\\GROUPS\\BR_SC_ITJ_WMO_FABRICACAO_FIOS\\FABRICACAO_FIOS\\Gustavo dos Santos Fernandes\\07 - Projetos\\Fieiras\\back-end\\src\\generated\\prisma\\internal\\class.ts": {"path":"\\\\weg.net\\DFSWEG\\GROUPS\\BR_SC_ITJ_WMO_FABRICACAO_FIOS\\FABRICACAO_FIOS\\Gustavo dos Santos Fernandes\\07 - Projetos\\Fieiras\\back-end\\src\\generated\\prisma\\internal\\class.ts","statementMap":{"0":{"start":{"line":18,"column":46},"end":{"line":33,"column":null}},"1":{"start":{"line":35,"column":0},"end":{"line":35,"column":null}},"2":{"start":{"line":36,"column":0},"end":{"line":39,"column":null}},"3":{"start":{"line":42,"column":21},"end":{"line":42,"column":48}},"4":{"start":{"line":43,"column":20},"end":{"line":43,"column":53}},"5":{"start":{"line":44,"column":2},"end":{"line":44,"column":null}},"6":{"start":{"line":47,"column":0},"end":{"line":56,"column":null}},"7":{"start":{"line":48,"column":26},"end":{"line":48,"column":102}},"8":{"start":{"line":51,"column":21},"end":{"line":51,"column":109}},"9":{"start":{"line":52,"column":4},"end":{"line":52,"column":null}},"10":{"start":{"line":273,"column":2},"end":{"line":273,"column":null}}},"fnMap":{"0":{"name":"decodeBase64AsWasm","decl":{"start":{"line":41,"column":15},"end":{"line":41,"column":33}},"loc":{"start":{"line":41,"column":52},"end":{"line":45,"column":1}}},"1":{"name":"(anonymous_1)","decl":{"start":{"line":48,"column":14},"end":{"line":48,"column":19}},"loc":{"start":{"line":48,"column":26},"end":{"line":48,"column":102}}},"2":{"name":"(anonymous_2)","decl":{"start":{"line":50,"column":30},"end":{"line":50,"column":35}},"loc":{"start":{"line":50,"column":41},"end":{"line":53,"column":3}}},"3":{"name":"getPrismaClientClass","decl":{"start":{"line":272,"column":16},"end":{"line":272,"column":36}},"loc":{"start":{"line":272,"column":36},"end":{"line":274,"column":1}}}},"branchMap":{},"s":{"0":1,"1":1,"2":1,"3":1,"4":1,"5":1,"6":1,"7":1,"8":1,"9":1,"10":1},"f":{"0":1,"1":1,"2":1,"3":1},"b":{}}
,"\\\\weg.net\\DFSWEG\\GROUPS\\BR_SC_ITJ_WMO_FABRICACAO_FIOS\\FABRICACAO_FIOS\\Gustavo dos Santos Fernandes\\07 - Projetos\\Fieiras\\back-end\\src\\generated\\prisma\\internal\\prismaNamespace.ts": {"path":"\\\\weg.net\\DFSWEG\\GROUPS\\BR_SC_ITJ_WMO_FABRICACAO_FIOS\\FABRICACAO_FIOS\\Gustavo dos Santos Fernandes\\07 - Projetos\\Fieiras\\back-end\\src\\generated\\prisma\\internal\\prismaNamespace.ts","statementMap":{"0":{"start":{"line":32,"column":45},"end":{"line":32,"column":82}},"1":{"start":{"line":35,"column":47},"end":{"line":35,"column":86}},"2":{"start":{"line":38,"column":42},"end":{"line":38,"column":76}},"3":{"start":{"line":41,"column":47},"end":{"line":41,"column":86}},"4":{"start":{"line":44,"column":43},"end":{"line":44,"column":78}},"5":{"start":{"line":50,"column":19},"end":{"line":50,"column":33}},"6":{"start":{"line":51,"column":21},"end":{"line":51,"column":34}},"7":{"start":{"line":52,"column":20},"end":{"line":52,"column":32}},"8":{"start":{"line":53,"column":19},"end":{"line":53,"column":30}},"9":{"start":{"line":54,"column":19},"end":{"line":54,"column":30}},"10":{"start":{"line":62,"column":23},"end":{"line":62,"column":38}},"11":{"start":{"line":71,"column":35},"end":{"line":71,"column":73}},"12":{"start":{"line":86,"column":44},"end":{"line":89,"column":null}},"13":{"start":{"line":104,"column":25},"end":{"line":108,"column":null}},"14":{"start":{"line":114,"column":22},"end":{"line":114,"column":36}},"15":{"start":{"line":121,"column":24},"end":{"line":121,"column":40}},"16":{"start":{"line":128,"column":23},"end":{"line":128,"column":38}},"17":{"start":{"line":386,"column":25},"end":{"line":395,"column":null}},"18":{"start":{"line":1035,"column":41},"end":{"line":1040,"column":11}},"19":{"start":{"line":1045,"column":38},"end":{"line":1050,"column":null}},"20":{"start":{"line":1055,"column":37},"end":{"line":1065,"column":null}},"21":{"start":{"line":1070,"column":44},"end":{"line":1083,"column":null}},"22":{"start":{"line":1088,"column":42},"end":{"line":1099,"column":null}},"23":{"start":{"line":1104,"column":42},"end":{"line":1111,"column":null}},"24":{"start":{"line":1116,"column":46},"end":{"line":1120,"column":null}},"25":{"start":{"line":1125,"column":48},"end":{"line":1129,"column":null}},"26":{"start":{"line":1134,"column":49},"end":{"line":1144,"column":null}},"27":{"start":{"line":1149,"column":25},"end":{"line":1152,"column":null}},"28":{"start":{"line":1157,"column":25},"end":{"line":1160,"column":null}},"29":{"start":{"line":1165,"column":26},"end":{"line":1168,"column":null}},"30":{"start":{"line":1269,"column":31},"end":{"line":1269,"column":175}}},"fnMap":{},"branchMap":{},"s":{"0":1,"1":1,"2":1,"3":1,"4":1,"5":1,"6":1,"7":1,"8":1,"9":1,"10":1,"11":1,"12":1,"13":1,"14":1,"15":1,"16":1,"17":1,"18":1,"19":1,"20":1,"21":1,"22":1,"23":1,"24":1,"25":1,"26":1,"27":1,"28":1,"29":1,"30":1},"f":{},"b":{}}
,"\\\\weg.net\\DFSWEG\\GROUPS\\BR_SC_ITJ_WMO_FABRICACAO_FIOS\\FABRICACAO_FIOS\\Gustavo dos Santos Fernandes\\07 - Projetos\\Fieiras\\back-end\\src\\infra\\api\\express\\api.express.ts": {"path":"\\\\weg.net\\DFSWEG\\GROUPS\\BR_SC_ITJ_WMO_FABRICACAO_FIOS\\FABRICACAO_FIOS\\Gustavo dos Santos Fernandes\\07 - Projetos\\Fieiras\\back-end\\src\\infra\\api\\express\\api.express.ts","statementMap":{"0":{"start":{"line":12,"column":8},"end":{"line":12,"column":29}},"1":{"start":{"line":13,"column":8},"end":{"line":13,"column":37}},"2":{"start":{"line":14,"column":8},"end":{"line":14,"column":29}},"3":{"start":{"line":15,"column":8},"end":{"line":15,"column":25}},"4":{"start":{"line":16,"column":8},"end":{"line":16,"column":35}},"5":{"start":{"line":20,"column":8},"end":{"line":20,"column":38}},"6":{"start":{"line":24,"column":8},"end":{"line":31,"column":11}},"7":{"start":{"line":25,"column":25},"end":{"line":25,"column":40}},"8":{"start":{"line":26,"column":27},"end":{"line":26,"column":64}},"9":{"start":{"line":27,"column":32},"end":{"line":27,"column":82}},"10":{"start":{"line":28,"column":28},"end":{"line":28,"column":46}},"11":{"start":{"line":30,"column":13},"end":{"line":30,"column":69}},"12":{"start":{"line":35,"column":8},"end":{"line":38,"column":11}},"13":{"start":{"line":36,"column":12},"end":{"line":36,"column":61}},"14":{"start":{"line":37,"column":12},"end":{"line":37,"column":30}},"15":{"start":{"line":42,"column":29},"end":{"line":45,"column":11}},"16":{"start":{"line":42,"column":57},"end":{"line":45,"column":10}},"17":{"start":{"line":47,"column":8},"end":{"line":47,"column":36}},"18":{"start":{"line":51,"column":8},"end":{"line":51,"column":24}}},"fnMap":{"0":{"name":"(anonymous_0)","decl":{"start":{"line":11,"column":4},"end":{"line":11,"column":24}},"loc":{"start":{"line":11,"column":39},"end":{"line":17,"column":5}}},"1":{"name":"(anonymous_1)","decl":{"start":{"line":19,"column":11},"end":{"line":19,"column":17}},"loc":{"start":{"line":19,"column":40},"end":{"line":21,"column":5}}},"2":{"name":"(anonymous_2)","decl":{"start":{"line":23,"column":12},"end":{"line":23,"column":21}},"loc":{"start":{"line":23,"column":21},"end":{"line":32,"column":5}}},"3":{"name":"(anonymous_3)","decl":{"start":{"line":24,"column":28},"end":{"line":24,"column":29}},"loc":{"start":{"line":24,"column":38},"end":{"line":31,"column":9}}},"4":{"name":"(anonymous_4)","decl":{"start":{"line":34,"column":11},"end":{"line":34,"column":16}},"loc":{"start":{"line":34,"column":29},"end":{"line":39,"column":5}}},"5":{"name":"(anonymous_5)","decl":{"start":{"line":35,"column":30},"end":{"line":35,"column":33}},"loc":{"start":{"line":35,"column":35},"end":{"line":38,"column":9}}},"6":{"name":"(anonymous_6)","decl":{"start":{"line":41,"column":11},"end":{"line":41,"column":21}},"loc":{"start":{"line":41,"column":21},"end":{"line":48,"column":5}}},"7":{"name":"(anonymous_7)","decl":{"start":{"line":42,"column":45},"end":{"line":42,"column":46}},"loc":{"start":{"line":42,"column":57},"end":{"line":45,"column":10}}},"8":{"name":"(anonymous_8)","decl":{"start":{"line":50,"column":11},"end":{"line":50,"column":17}},"loc":{"start":{"line":50,"column":17},"end":{"line":52,"column":5}}}},"branchMap":{"0":{"loc":{"start":{"line":27,"column":32},"end":{"line":27,"column":82}},"type":"cond-expr","locations":[{"start":{"line":27,"column":55},"end":{"line":27,"column":77}},{"start":{"line":27,"column":80},"end":{"line":27,"column":82}}]}},"s":{"0":1,"1":1,"2":1,"3":1,"4":1,"5":1,"6":1,"7":7,"8":7,"9":7,"10":7,"11":7,"12":0,"13":0,"14":0,"15":0,"16":0,"17":0,"18":1},"f":{"0":1,"1":1,"2":1,"3":7,"4":0,"5":0,"6":0,"7":0,"8":1},"b":{"0":[3,4]}}
,"\\\\weg.net\\DFSWEG\\GROUPS\\BR_SC_ITJ_WMO_FABRICACAO_FIOS\\FABRICACAO_FIOS\\Gustavo dos Santos Fernandes\\07 - Projetos\\Fieiras\\back-end\\src\\infra\\api\\express\\routes\\route.ts": {"path":"\\\\weg.net\\DFSWEG\\GROUPS\\BR_SC_ITJ_WMO_FABRICACAO_FIOS\\FABRICACAO_FIOS\\Gustavo dos Santos Fernandes\\07 - Projetos\\Fieiras\\back-end\\src\\infra\\api\\express\\routes\\route.ts","statementMap":{"0":{"start":{"line":6,"column":26},"end":{"line":12,"column":11}}},"fnMap":{},"branchMap":{},"s":{"0":1},"f":{},"b":{}}
,"\\\\weg.net\\DFSWEG\\GROUPS\\BR_SC_ITJ_WMO_FABRICACAO_FIOS\\FABRICACAO_FIOS\\Gustavo dos Santos Fernandes\\07 - Projetos\\Fieiras\\back-end\\src\\infra\\api\\express\\routes\\stock-history\\delete-stock-history.express.route.ts": {"path":"\\\\weg.net\\DFSWEG\\GROUPS\\BR_SC_ITJ_WMO_FABRICACAO_FIOS\\FABRICACAO_FIOS\\Gustavo dos Santos Fernandes\\07 - Projetos\\Fieiras\\back-end\\src\\infra\\api\\express\\routes\\stock-history\\delete-stock-history.express.route.ts","statementMap":{"0":{"start":{"line":21,"column":25},"end":{"line":21,"column":37}},"1":{"start":{"line":22,"column":25},"end":{"line":22,"column":43}},"2":{"start":{"line":23,"column":25},"end":{"line":23,"column":72}},"3":{"start":{"line":27,"column":8},"end":{"line":31,"column":10}},"4":{"start":{"line":35,"column":8},"end":{"line":47,"column":10}},"5":{"start":{"line":36,"column":27},"end":{"line":36,"column":41}},"6":{"start":{"line":38,"column":54},"end":{"line":40,"column":14}},"7":{"start":{"line":42,"column":27},"end":{"line":42,"column":73}},"8":{"start":{"line":44,"column":33},"end":{"line":44,"column":59}},"9":{"start":{"line":46,"column":12},"end":{"line":46,"column":52}},"10":{"start":{"line":51,"column":8},"end":{"line":51,"column":27}},"11":{"start":{"line":55,"column":8},"end":{"line":55,"column":25}},"12":{"start":{"line":61,"column":8},"end":{"line":69,"column":10}}},"fnMap":{"0":{"name":"(anonymous_0)","decl":{"start":{"line":20,"column":4},"end":{"line":20,"column":null}},"loc":{"start":{"line":23,"column":72},"end":{"line":24,"column":8}}},"1":{"name":"(anonymous_1)","decl":{"start":{"line":26,"column":11},"end":{"line":26,"column":17}},"loc":{"start":{"line":26,"column":72},"end":{"line":32,"column":5}}},"2":{"name":"(anonymous_2)","decl":{"start":{"line":34,"column":11},"end":{"line":34,"column":21}},"loc":{"start":{"line":34,"column":21},"end":{"line":48,"column":5}}},"3":{"name":"(anonymous_3)","decl":{"start":{"line":35,"column":15},"end":{"line":35,"column":20}},"loc":{"start":{"line":35,"column":62},"end":{"line":47,"column":9}}},"4":{"name":"(anonymous_4)","decl":{"start":{"line":50,"column":11},"end":{"line":50,"column":20}},"loc":{"start":{"line":50,"column":20},"end":{"line":52,"column":5}}},"5":{"name":"(anonymous_5)","decl":{"start":{"line":54,"column":11},"end":{"line":54,"column":18}},"loc":{"start":{"line":54,"column":18},"end":{"line":56,"column":5}}},"6":{"name":"(anonymous_6)","decl":{"start":{"line":58,"column":12},"end":{"line":58,"column":25}},"loc":{"start":{"line":59,"column":46},"end":{"line":70,"column":5}}}},"branchMap":{},"s":{"0":1,"1":1,"2":1,"3":1,"4":1,"5":0,"6":0,"7":0,"8":0,"9":0,"10":1,"11":1,"12":0},"f":{"0":1,"1":1,"2":1,"3":0,"4":1,"5":1,"6":0},"b":{}}
,"\\\\weg.net\\DFSWEG\\GROUPS\\BR_SC_ITJ_WMO_FABRICACAO_FIOS\\FABRICACAO_FIOS\\Gustavo dos Santos Fernandes\\07 - Projetos\\Fieiras\\back-end\\src\\infra\\api\\express\\routes\\stock-history\\update-stock-history.express.route.ts": {"path":"\\\\weg.net\\DFSWEG\\GROUPS\\BR_SC_ITJ_WMO_FABRICACAO_FIOS\\FABRICACAO_FIOS\\Gustavo dos Santos Fernandes\\07 - Projetos\\Fieiras\\back-end\\src\\infra\\api\\express\\routes\\stock-history\\update-stock-history.express.route.ts","statementMap":{"0":{"start":{"line":24,"column":25},"end":{"line":24,"column":37}},"1":{"start":{"line":25,"column":25},"end":{"line":25,"column":43}},"2":{"start":{"line":26,"column":25},"end":{"line":26,"column":73}},"3":{"start":{"line":30,"column":8},"end":{"line":34,"column":10}},"4":{"start":{"line":38,"column":8},"end":{"line":66,"column":10}},"5":{"start":{"line":39,"column":27},"end":{"line":39,"column":41}},"6":{"start":{"line":41,"column":61},"end":{"line":41,"column":73}},"7":{"start":{"line":43,"column":55},"end":{"line":59,"column":14}},"8":{"start":{"line":61,"column":27},"end":{"line":61,"column":73}},"9":{"start":{"line":63,"column":33},"end":{"line":63,"column":53}},"10":{"start":{"line":65,"column":12},"end":{"line":65,"column":52}},"11":{"start":{"line":70,"column":8},"end":{"line":70,"column":27}},"12":{"start":{"line":74,"column":8},"end":{"line":74,"column":25}},"13":{"start":{"line":78,"column":37},"end":{"line":78,"column":76}},"14":{"start":{"line":80,"column":8},"end":{"line":80,"column":55}},"15":{"start":{"line":86,"column":8},"end":{"line":95,"column":10}}},"fnMap":{"0":{"name":"(anonymous_0)","decl":{"start":{"line":23,"column":4},"end":{"line":23,"column":null}},"loc":{"start":{"line":26,"column":73},"end":{"line":27,"column":8}}},"1":{"name":"(anonymous_1)","decl":{"start":{"line":29,"column":11},"end":{"line":29,"column":17}},"loc":{"start":{"line":29,"column":73},"end":{"line":35,"column":5}}},"2":{"name":"(anonymous_2)","decl":{"start":{"line":37,"column":11},"end":{"line":37,"column":21}},"loc":{"start":{"line":37,"column":21},"end":{"line":67,"column":5}}},"3":{"name":"(anonymous_3)","decl":{"start":{"line":38,"column":15},"end":{"line":38,"column":20}},"loc":{"start":{"line":38,"column":62},"end":{"line":66,"column":9}}},"4":{"name":"(anonymous_4)","decl":{"start":{"line":69,"column":11},"end":{"line":69,"column":20}},"loc":{"start":{"line":69,"column":20},"end":{"line":71,"column":5}}},"5":{"name":"(anonymous_5)","decl":{"start":{"line":73,"column":11},"end":{"line":73,"column":18}},"loc":{"start":{"line":73,"column":18},"end":{"line":75,"column":5}}},"6":{"name":"(anonymous_6)","decl":{"start":{"line":77,"column":11},"end":{"line":77,"column":25}},"loc":{"start":{"line":77,"column":25},"end":{"line":81,"column":5}}},"7":{"name":"(anonymous_7)","decl":{"start":{"line":83,"column":12},"end":{"line":83,"column":19}},"loc":{"start":{"line":84,"column":47},"end":{"line":96,"column":5}}}},"branchMap":{"0":{"loc":{"start":{"line":47,"column":20},"end":{"line":51,"column":35}},"type":"cond-expr","locations":[{"start":{"line":48,"column":26},"end":{"line":50,"column":47}},{"start":{"line":51,"column":26},"end":{"line":51,"column":35}}]},"1":{"loc":{"start":{"line":48,"column":26},"end":{"line":50,"column":47}},"type":"cond-expr","locations":[{"start":{"line":49,"column":30},"end":{"line":49,"column":34}},{"start":{"line":50,"column":30},"end":{"line":50,"column":47}}]},"2":{"loc":{"start":{"line":53,"column":20},"end":{"line":57,"column":35}},"type":"cond-expr","locations":[{"start":{"line":54,"column":26},"end":{"line":56,"column":43}},{"start":{"line":57,"column":26},"end":{"line":57,"column":35}}]},"3":{"loc":{"start":{"line":54,"column":26},"end":{"line":56,"column":43}},"type":"cond-expr","locations":[{"start":{"line":55,"column":30},"end":{"line":55,"column":34}},{"start":{"line":56,"column":30},"end":{"line":56,"column":43}}]},"4":{"loc":{"start":{"line":58,"column":28},"end":{"line":58,"column":85}},"type":"cond-expr","locations":[{"start":{"line":58,"column":55},"end":{"line":58,"column":73}},{"start":{"line":58,"column":76},"end":{"line":58,"column":85}}]}},"s":{"0":1,"1":1,"2":1,"3":1,"4":1,"5":0,"6":0,"7":0,"8":0,"9":0,"10":0,"11":1,"12":1,"13":1,"14":1,"15":0},"f":{"0":1,"1":1,"2":1,"3":0,"4":1,"5":1,"6":1,"7":0},"b":{"0":[0,0],"1":[0,0],"2":[0,0],"3":[0,0],"4":[0,0]}}
,"\\\\weg.net\\DFSWEG\\GROUPS\\BR_SC_ITJ_WMO_FABRICACAO_FIOS\\FABRICACAO_FIOS\\Gustavo dos Santos Fernandes\\07 - Projetos\\Fieiras\\back-end\\src\\infra\\api\\express\\routes\\stock\\create\\create-stock.express.route.ts": {"path":"\\\\weg.net\\DFSWEG\\GROUPS\\BR_SC_ITJ_WMO_FABRICACAO_FIOS\\FABRICACAO_FIOS\\Gustavo dos Santos Fernandes\\07 - Projetos\\Fieiras\\back-end\\src\\infra\\api\\express\\routes\\stock\\create\\create-stock.express.route.ts","statementMap":{"0":{"start":{"line":21,"column":25},"end":{"line":21,"column":37}},"1":{"start":{"line":22,"column":25},"end":{"line":22,"column":43}},"2":{"start":{"line":23,"column":25},"end":{"line":23,"column":63}},"3":{"start":{"line":27,"column":8},"end":{"line":27,"column":83}},"4":{"start":{"line":31,"column":8},"end":{"line":43,"column":10}},"5":{"start":{"line":32,"column":47},"end":{"line":35,"column":14}},"6":{"start":{"line":38,"column":16},"end":{"line":38,"column":60}},"7":{"start":{"line":40,"column":33},"end":{"line":40,"column":53}},"8":{"start":{"line":42,"column":12},"end":{"line":42,"column":52}},"9":{"start":{"line":47,"column":8},"end":{"line":47,"column":25}},"10":{"start":{"line":51,"column":8},"end":{"line":51,"column":27}},"11":{"start":{"line":55,"column":31},"end":{"line":55,"column":62}},"12":{"start":{"line":57,"column":8},"end":{"line":57,"column":49}},"13":{"start":{"line":61,"column":8},"end":{"line":67,"column":10}}},"fnMap":{"0":{"name":"(anonymous_0)","decl":{"start":{"line":20,"column":4},"end":{"line":20,"column":null}},"loc":{"start":{"line":23,"column":63},"end":{"line":24,"column":8}}},"1":{"name":"(anonymous_1)","decl":{"start":{"line":26,"column":11},"end":{"line":26,"column":17}},"loc":{"start":{"line":26,"column":63},"end":{"line":28,"column":5}}},"2":{"name":"(anonymous_2)","decl":{"start":{"line":30,"column":11},"end":{"line":30,"column":21}},"loc":{"start":{"line":30,"column":21},"end":{"line":44,"column":5}}},"3":{"name":"(anonymous_3)","decl":{"start":{"line":31,"column":15},"end":{"line":31,"column":20}},"loc":{"start":{"line":31,"column":62},"end":{"line":43,"column":9}}},"4":{"name":"(anonymous_4)","decl":{"start":{"line":46,"column":11},"end":{"line":46,"column":18}},"loc":{"start":{"line":46,"column":18},"end":{"line":48,"column":5}}},"5":{"name":"(anonymous_5)","decl":{"start":{"line":50,"column":11},"end":{"line":50,"column":20}},"loc":{"start":{"line":50,"column":20},"end":{"line":52,"column":5}}},"6":{"name":"(anonymous_6)","decl":{"start":{"line":54,"column":11},"end":{"line":54,"column":25}},"loc":{"start":{"line":54,"column":25},"end":{"line":58,"column":5}}},"7":{"name":"(anonymous_7)","decl":{"start":{"line":60,"column":12},"end":{"line":60,"column":19}},"loc":{"start":{"line":60,"column":48},"end":{"line":68,"column":5}}}},"branchMap":{},"s":{"0":1,"1":1,"2":1,"3":1,"4":1,"5":1,"6":1,"7":0,"8":0,"9":1,"10":1,"11":1,"12":1,"13":0},"f":{"0":1,"1":1,"2":1,"3":1,"4":1,"5":1,"6":1,"7":0},"b":{}}
,"\\\\weg.net\\DFSWEG\\GROUPS\\BR_SC_ITJ_WMO_FABRICACAO_FIOS\\FABRICACAO_FIOS\\Gustavo dos Santos Fernandes\\07 - Projetos\\Fieiras\\back-end\\src\\infra\\api\\express\\routes\\stock\\delete\\delete-stock.express.route.ts": {"path":"\\\\weg.net\\DFSWEG\\GROUPS\\BR_SC_ITJ_WMO_FABRICACAO_FIOS\\FABRICACAO_FIOS\\Gustavo dos Santos Fernandes\\07 - Projetos\\Fieiras\\back-end\\src\\infra\\api\\express\\routes\\stock\\delete\\delete-stock.express.route.ts","statementMap":{"0":{"start":{"line":24,"column":25},"end":{"line":24,"column":37}},"1":{"start":{"line":25,"column":25},"end":{"line":25,"column":43}},"2":{"start":{"line":26,"column":25},"end":{"line":26,"column":58}},"3":{"start":{"line":30,"column":8},"end":{"line":30,"column":84}},"4":{"start":{"line":34,"column":8},"end":{"line":46,"column":10}},"5":{"start":{"line":35,"column":27},"end":{"line":35,"column":41}},"6":{"start":{"line":37,"column":47},"end":{"line":39,"column":14}},"7":{"start":{"line":41,"column":27},"end":{"line":41,"column":66}},"8":{"start":{"line":43,"column":33},"end":{"line":43,"column":59}},"9":{"start":{"line":45,"column":12},"end":{"line":45,"column":52}},"10":{"start":{"line":50,"column":8},"end":{"line":50,"column":27}},"11":{"start":{"line":54,"column":8},"end":{"line":54,"column":25}},"12":{"start":{"line":58,"column":8},"end":{"line":69,"column":10}}},"fnMap":{"0":{"name":"(anonymous_0)","decl":{"start":{"line":23,"column":4},"end":{"line":23,"column":null}},"loc":{"start":{"line":26,"column":58},"end":{"line":27,"column":8}}},"1":{"name":"(anonymous_1)","decl":{"start":{"line":29,"column":11},"end":{"line":29,"column":17}},"loc":{"start":{"line":29,"column":58},"end":{"line":31,"column":5}}},"2":{"name":"(anonymous_2)","decl":{"start":{"line":33,"column":11},"end":{"line":33,"column":21}},"loc":{"start":{"line":33,"column":21},"end":{"line":47,"column":5}}},"3":{"name":"(anonymous_3)","decl":{"start":{"line":34,"column":15},"end":{"line":34,"column":20}},"loc":{"start":{"line":34,"column":62},"end":{"line":46,"column":9}}},"4":{"name":"(anonymous_4)","decl":{"start":{"line":49,"column":11},"end":{"line":49,"column":20}},"loc":{"start":{"line":49,"column":20},"end":{"line":51,"column":5}}},"5":{"name":"(anonymous_5)","decl":{"start":{"line":53,"column":11},"end":{"line":53,"column":18}},"loc":{"start":{"line":53,"column":18},"end":{"line":55,"column":5}}},"6":{"name":"(anonymous_6)","decl":{"start":{"line":57,"column":12},"end":{"line":57,"column":25}},"loc":{"start":{"line":57,"column":55},"end":{"line":70,"column":5}}}},"branchMap":{},"s":{"0":1,"1":1,"2":1,"3":1,"4":1,"5":0,"6":0,"7":0,"8":0,"9":0,"10":1,"11":1,"12":0},"f":{"0":1,"1":1,"2":1,"3":0,"4":1,"5":1,"6":0},"b":{}}
,"\\\\weg.net\\DFSWEG\\GROUPS\\BR_SC_ITJ_WMO_FABRICACAO_FIOS\\FABRICACAO_FIOS\\Gustavo dos Santos Fernandes\\07 - Projetos\\Fieiras\\back-end\\src\\infra\\api\\express\\routes\\stock\\find-by-id\\find-stock-by-id.express.route.ts": {"path":"\\\\weg.net\\DFSWEG\\GROUPS\\BR_SC_ITJ_WMO_FABRICACAO_FIOS\\FABRICACAO_FIOS\\Gustavo dos Santos Fernandes\\07 - Projetos\\Fieiras\\back-end\\src\\infra\\api\\express\\routes\\stock\\find-by-id\\find-stock-by-id.express.route.ts","statementMap":{"0":{"start":{"line":8,"column":25},"end":{"line":8,"column":37}},"1":{"start":{"line":9,"column":25},"end":{"line":9,"column":43}},"2":{"start":{"line":10,"column":25},"end":{"line":10,"column":67}},"3":{"start":{"line":14,"column":8},"end":{"line":14,"column":90}},"4":{"start":{"line":18,"column":8},"end":{"line":34,"column":10}},"5":{"start":{"line":19,"column":12},"end":{"line":33,"column":13}},"6":{"start":{"line":20,"column":27},"end":{"line":20,"column":52}},"7":{"start":{"line":22,"column":16},"end":{"line":26,"column":17}},"8":{"start":{"line":23,"column":20},"end":{"line":25,"column":22}},"9":{"start":{"line":28,"column":31},"end":{"line":28,"column":78}},"10":{"start":{"line":30,"column":16},"end":{"line":30,"column":50}},"11":{"start":{"line":32,"column":16},"end":{"line":32,"column":90}},"12":{"start":{"line":38,"column":8},"end":{"line":38,"column":25}},"13":{"start":{"line":42,"column":8},"end":{"line":42,"column":27}}},"fnMap":{"0":{"name":"(anonymous_0)","decl":{"start":{"line":7,"column":4},"end":{"line":7,"column":null}},"loc":{"start":{"line":10,"column":67},"end":{"line":11,"column":8}}},"1":{"name":"(anonymous_1)","decl":{"start":{"line":13,"column":11},"end":{"line":13,"column":17}},"loc":{"start":{"line":13,"column":67},"end":{"line":15,"column":5}}},"2":{"name":"(anonymous_2)","decl":{"start":{"line":17,"column":11},"end":{"line":17,"column":21}},"loc":{"start":{"line":17,"column":21},"end":{"line":35,"column":5}}},"3":{"name":"(anonymous_3)","decl":{"start":{"line":18,"column":15},"end":{"line":18,"column":20}},"loc":{"start":{"line":18,"column":62},"end":{"line":34,"column":9}}},"4":{"name":"(anonymous_4)","decl":{"start":{"line":37,"column":11},"end":{"line":37,"column":18}},"loc":{"start":{"line":37,"column":18},"end":{"line":39,"column":5}}},"5":{"name":"(anonymous_5)","decl":{"start":{"line":41,"column":11},"end":{"line":41,"column":20}},"loc":{"start":{"line":41,"column":20},"end":{"line":43,"column":5}}}},"branchMap":{"0":{"loc":{"start":{"line":22,"column":16},"end":{"line":26,"column":17}},"type":"if","locations":[{"start":{"line":22,"column":16},"end":{"line":26,"column":17}}]},"1":{"loc":{"start":{"line":32,"column":32},"end":{"line":32,"column":55}},"type":"binary-expr","locations":[{"start":{"line":32,"column":32},"end":{"line":32,"column":48}},{"start":{"line":32,"column":52},"end":{"line":32,"column":55}}]}},"s":{"0":1,"1":1,"2":1,"3":1,"4":1,"5":0,"6":0,"7":0,"8":0,"9":0,"10":0,"11":0,"12":1,"13":1},"f":{"0":1,"1":1,"2":1,"3":0,"4":1,"5":1},"b":{"0":[0],"1":[0,0]}}
[...]
,"\\\\weg.net\\DFSWEG\\GROUPS\\BR_SC_ITJ_WMO_FABRICACAO_FIOS\\FABRICACAO_FIOS\\Gustavo dos Santos Fernandes\\07 - Projetos\\Fieiras\\back-end\\src\\usecases\\stock-history\\delete-stock-history\\delete-stock-history.usecase.ts": {"path":"\\\\weg.net\\DFSWEG\\GROUPS\\BR_SC_ITJ_WMO_FABRICACAO_FIOS\\FABRICACAO_FIOS\\Gustavo dos Santos Fernandes\\07 - Projetos\\Fieiras\\back-end\\src\\usecases\\stock-history\\delete-stock-history\\delete-stock-history.usecase.ts","statementMap":{"0":{"start":{"line":28,"column":25},"end":{"line":28,"column":60}},"1":{"start":{"line":29,"column":25},"end":{"line":29,"column":51}},"2":{"start":{"line":36,"column":8},"end":{"line":36,"column":75}},"3":{"start":{"line":42,"column":35},"end":{"line":42,"column":79}},"4":{"start":{"line":44,"column":8},"end":{"line":48,"column":9}},"5":{"start":{"line":45,"column":12},"end":{"line":47,"column":14}},"6":{"start":{"line":50,"column":25},"end":{"line":51,"column":null}},"7":{"start":{"line":54,"column":8},"end":{"line":56,"column":9}},"8":{"start":{"line":55,"column":12},"end":{"line":55,"column":90}},"9":{"start":{"line":58,"column":8},"end":{"line":58,"column":52}},"10":{"start":{"line":60,"column":8},"end":{"line":60,"column":64}},"11":{"start":{"line":62,"column":31},"end":{"line":63,"column":null}},"12":{"start":{"line":63,"column":22},"end":{"line":63,"column":55}},"13":{"start":{"line":66,"column":31},"end":{"line":66,"column":80}},"14":{"start":{"line":66,"column":66},"end":{"line":66,"column":79}},"15":{"start":{"line":68,"column":28},"end":{"line":69,"column":null}},"16":{"start":{"line":72,"column":8},"end":{"line":74,"column":9}},"17":{"start":{"line":73,"column":12},"end":{"line":73,"column":90}},"18":{"start":{"line":76,"column":8},"end":{"line":76,"column":62}},"19":{"start":{"line":78,"column":8},"end":{"line":78,"column":59}},"20":{"start":{"line":80,"column":8},"end":{"line":80,"column":61}},"21":{"start":{"line":82,"column":8},"end":{"line":82,"column":52}},"22":{"start":{"line":84,"column":23},"end":{"line":84,"column":61}},"23":{"start":{"line":86,"column":8},"end":{"line":86,"column":22}},"24":{"start":{"line":90,"column":52},"end":{"line":99,"column":10}},"25":{"start":{"line":101,"column":8},"end":{"line":101,"column":22}}},"fnMap":{"0":{"name":"(anonymous_0)","decl":{"start":{"line":27,"column":4},"end":{"line":27,"column":null}},"loc":{"start":{"line":29,"column":51},"end":{"line":30,"column":8}}},"1":{"name":"(anonymous_1)","decl":{"start":{"line":32,"column":11},"end":{"line":32,"column":17}},"loc":{"start":{"line":34,"column":34},"end":{"line":37,"column":5}}},"2":{"name":"(anonymous_2)","decl":{"start":{"line":39,"column":11},"end":{"line":39,"column":16}},"loc":{"start":{"line":40,"column":41},"end":{"line":87,"column":5}}},"3":{"name":"(anonymous_3)","decl":{"start":{"line":63,"column":12},"end":{"line":63,"column":13}},"loc":{"start":{"line":63,"column":22},"end":{"line":63,"column":55}}},"4":{"name":"(anonymous_4)","decl":{"start":{"line":66,"column":56},"end":{"line":66,"column":57}},"loc":{"start":{"line":66,"column":66},"end":{"line":66,"column":79}}},"5":{"name":"(anonymous_5)","decl":{"start":{"line":89,"column":12},"end":{"line":89,"column":25}},"loc":{"start":{"line":89,"column":52},"end":{"line":102,"column":5}}}},"branchMap":{"0":{"loc":{"start":{"line":44,"column":8},"end":{"line":48,"column":9}},"type":"if","locations":[{"start":{"line":44,"column":8},"end":{"line":48,"column":9}}]},"1":{"loc":{"start":{"line":54,"column":8},"end":{"line":56,"column":9}},"type":"if","locations":[{"start":{"line":54,"column":8},"end":{"line":56,"column":9}}]},"2":{"loc":{"start":{"line":72,"column":8},"end":{"line":74,"column":9}},"type":"if","locations":[{"start":{"line":72,"column":8},"end":{"line":74,"column":9}}]}},"s":{"0":5,"1":5,"2":5,"3":4,"4":4,"5":1,"6":3,"7":3,"8":1,"9":2,"10":2,"11":2,"12":6,"13":2,"14":2,"15":2,"16":2,"17":1,"18":1,"19":1,"20":1,"21":1,"22":1,"23":1,"24":1,"25":1},"f":{"0":5,"1":5,"2":4,"3":6,"4":2,"5":1},"b":{"0":[1],"1":[1],"2":[1]}}
,"\\\\weg.net\\DFSWEG\\GROUPS\\BR_SC_ITJ_WMO_FABRICACAO_FIOS\\FABRICACAO_FIOS\\Gustavo dos Santos Fernandes\\07 - Projetos\\Fieiras\\back-end\\src\\usecases\\stock\\create-stock\\create-stock.usecase.ts": {"path":"\\\\weg.net\\DFSWEG\\GROUPS\\BR_SC_ITJ_WMO_FABRICACAO_FIOS\\FABRICACAO_FIOS\\Gustavo dos Santos Fernandes\\07 - Projetos\\Fieiras\\back-end\\src\\usecases\\stock\\create-stock\\create-stock.usecase.ts","statementMap":{"0":{"start":{"line":24,"column":41},"end":{"line":24,"column":67}},"1":{"start":{"line":27,"column":8},"end":{"line":27,"column":52}},"2":{"start":{"line":31,"column":26},"end":{"line":31,"column":88}},"3":{"start":{"line":33,"column":8},"end":{"line":35,"column":9}},"4":{"start":{"line":34,"column":12},"end":{"line":34,"column":90}},"5":{"start":{"line":37,"column":25},"end":{"line":37,"column":82}},"6":{"start":{"line":39,"column":8},"end":{"line":43,"column":9}},"7":{"start":{"line":40,"column":12},"end":{"line":42,"column":14}},"8":{"start":{"line":45,"column":28},"end":{"line":45,"column":63}},"9":{"start":{"line":47,"column":8},"end":{"line":47,"column":50}},"10":{"start":{"line":49,"column":28},"end":{"line":49,"column":85}},"11":{"start":{"line":51,"column":8},"end":{"line":55,"column":9}},"12":{"start":{"line":52,"column":12},"end":{"line":54,"column":14}},"13":{"start":{"line":57,"column":8},"end":{"line":64,"column":11}},"14":{"start":{"line":66,"column":23},"end":{"line":66,"column":54}},"15":{"start":{"line":68,"column":8},"end":{"line":68,"column":22}},"16":{"start":{"line":72,"column":45},"end":{"line":78,"column":10}},"17":{"start":{"line":80,"column":8},"end":{"line":80,"column":22}}},"fnMap":{"0":{"name":"(anonymous_0)","decl":{"start":{"line":24,"column":4},"end":{"line":24,"column":41}},"loc":{"start":{"line":24,"column":67},"end":{"line":24,"column":71}}},"1":{"name":"(anonymous_1)","decl":{"start":{"line":26,"column":11},"end":{"line":26,"column":17}},"loc":{"start":{"line":26,"column":51},"end":{"line":28,"column":5}}},"2":{"name":"(anonymous_2)","decl":{"start":{"line":30,"column":11},"end":{"line":30,"column":16}},"loc":{"start":{"line":30,"column":51},"end":{"line":69,"column":5}}},"3":{"name":"(anonymous_3)","decl":{"start":{"line":71,"column":12},"end":{"line":71,"column":25}},"loc":{"start":{"line":71,"column":38},"end":{"line":81,"column":5}}}},"branchMap":{"0":{"loc":{"start":{"line":33,"column":8},"end":{"line":35,"column":9}},"type":"if","locations":[{"start":{"line":33,"column":8},"end":{"line":35,"column":9}}]},"1":{"loc":{"start":{"line":39,"column":8},"end":{"line":43,"column":9}},"type":"if","locations":[{"start":{"line":39,"column":8},"end":{"line":43,"column":9}}]},"2":{"loc":{"start":{"line":51,"column":8},"end":{"line":55,"column":9}},"type":"if","locations":[{"start":{"line":51,"column":8},"end":{"line":55,"column":9}}]}},"s":{"0":5,"1":5,"2":5,"3":5,"4":1,"5":4,"6":4,"7":2,"8":2,"9":2,"10":2,"11":2,"12":1,"13":1,"14":1,"15":1,"16":1,"17":1},"f":{"0":5,"1":5,"2":5,"3":1},"b":{"0":[1],"1":[2],"2":[1]}}
,"\\\\weg.net\\DFSWEG\\GROUPS\\BR_SC_ITJ_WMO_FABRICACAO_FIOS\\FABRICACAO_FIOS\\Gustavo dos Santos Fernandes\\07 - Projetos\\Fieiras\\back-end\\src\\usecases\\stock\\delete-stock\\delete-stock.usecase.ts": {"path":"\\\\weg.net\\DFSWEG\\GROUPS\\BR_SC_ITJ_WMO_FABRICACAO_FIOS\\FABRICACAO_FIOS\\Gustavo dos Santos Fernandes\\07 - Projetos\\Fieiras\\back-end\\src\\usecases\\stock\\delete-stock\\delete-stock.usecase.ts","statementMap":{"0":{"start":{"line":27,"column":33},"end":{"line":27,"column":59}},"1":{"start":{"line":30,"column":8},"end":{"line":30,"column":52}},"2":{"start":{"line":34,"column":28},"end":{"line":34,"column":70}},"3":{"start":{"line":36,"column":8},"end":{"line":36,"column":87}},"4":{"start":{"line":36,"column":26},"end":{"line":36,"column":87}},"5":{"start":{"line":38,"column":8},"end":{"line":38,"column":56}},"6":{"start":{"line":40,"column":23},"end":{"line":40,"column":54}},"7":{"start":{"line":42,"column":8},"end":{"line":42,"column":22}},"8":{"start":{"line":46,"column":45},"end":{"line":57,"column":10}},"9":{"start":{"line":58,"column":8},"end":{"line":58,"column":22}}},"fnMap":{"0":{"name":"(anonymous_0)","decl":{"start":{"line":27,"column":4},"end":{"line":27,"column":33}},"loc":{"start":{"line":27,"column":59},"end":{"line":27,"column":63}}},"1":{"name":"(anonymous_1)","decl":{"start":{"line":29,"column":11},"end":{"line":29,"column":17}},"loc":{"start":{"line":29,"column":51},"end":{"line":31,"column":5}}},"2":{"name":"(anonymous_2)","decl":{"start":{"line":33,"column":11},"end":{"line":33,"column":16}},"loc":{"start":{"line":33,"column":51},"end":{"line":43,"column":5}}},"3":{"name":"(anonymous_3)","decl":{"start":{"line":45,"column":12},"end":{"line":45,"column":25}},"loc":{"start":{"line":45,"column":38},"end":{"line":59,"column":5}}}},"branchMap":{"0":{"loc":{"start":{"line":36,"column":8},"end":{"line":36,"column":87}},"type":"if","locations":[{"start":{"line":36,"column":8},"end":{"line":36,"column":87}}]}},"s":{"0":3,"1":3,"2":2,"3":2,"4":1,"5":1,"6":0,"7":0,"8":0,"9":0},"f":{"0":3,"1":3,"2":2,"3":0},"b":{"0":[1]}}
,"\\\\weg.net\\DFSWEG\\GROUPS\\BR_SC_ITJ_WMO_FABRICACAO_FIOS\\FABRICACAO_FIOS\\Gustavo dos Santos Fernandes\\07 - Projetos\\Fieiras\\back-end\\src\\usecases\\stock\\find-stock-by-id\\find-stock-by-id.usecase.ts": {"path":"\\\\weg.net\\DFSWEG\\GROUPS\\BR_SC_ITJ_WMO_FABRICACAO_FIOS\\FABRICACAO_FIOS\\Gustavo dos Santos Fernandes\\07 - Projetos\\Fieiras\\back-end\\src\\usecases\\stock\\find-stock-by-id\\find-stock-by-id.usecase.ts","statementMap":{"0":{"start":{"line":23,"column":33},"end":{"line":23,"column":59}},"1":{"start":{"line":26,"column":8},"end":{"line":26,"column":53}},"2":{"start":{"line":30,"column":22},"end":{"line":30,"column":64}},"3":{"start":{"line":32,"column":8},"end":{"line":36,"column":9}},"4":{"start":{"line":33,"column":12},"end":{"line":35,"column":14}},"5":{"start":{"line":38,"column":23},"end":{"line":38,"column":48}},"6":{"start":{"line":40,"column":8},"end":{"line":40,"column":22}},"7":{"start":{"line":44,"column":47},"end":{"line":55,"column":10}},"8":{"start":{"line":57,"column":8},"end":{"line":57,"column":22}}},"fnMap":{"0":{"name":"(anonymous_0)","decl":{"start":{"line":23,"column":4},"end":{"line":23,"column":33}},"loc":{"start":{"line":23,"column":59},"end":{"line":23,"column":63}}},"1":{"name":"(anonymous_1)","decl":{"start":{"line":25,"column":11},"end":{"line":25,"column":17}},"loc":{"start":{"line":25,"column":50},"end":{"line":27,"column":5}}},"2":{"name":"(anonymous_2)","decl":{"start":{"line":29,"column":11},"end":{"line":29,"column":16}},"loc":{"start":{"line":29,"column":53},"end":{"line":41,"column":5}}},"3":{"name":"(anonymous_3)","decl":{"start":{"line":43,"column":12},"end":{"line":43,"column":25}},"loc":{"start":{"line":43,"column":38},"end":{"line":58,"column":5}}}},"branchMap":{"0":{"loc":{"start":{"line":32,"column":8},"end":{"line":36,"column":9}},"type":"if","locations":[{"start":{"line":32,"column":8},"end":{"line":36,"column":9}}]},"1":{"loc":{"start":{"line":51,"column":24},"end":{"line":51,"column":45}},"type":"binary-expr","locations":[{"start":{"line":51,"column":24},"end":{"line":51,"column":40}},{"start":{"line":51,"column":44},"end":{"line":51,"column":45}}]},"2":{"loc":{"start":{"line":52,"column":25},"end":{"line":52,"column":47}},"type":"binary-expr","locations":[{"start":{"line":52,"column":25},"end":{"line":52,"column":42}},{"start":{"line":52,"column":46},"end":{"line":52,"column":47}}]}},"s":{"0":3,"1":3,"2":2,"3":2,"4":1,"5":1,"6":1,"7":1,"8":1},"f":{"0":3,"1":3,"2":2,"3":1},"b":{"0":[1],"1":[1,0],"2":[1,0]}}
,"\\\\weg.net\\DFSWEG\\GROUPS\\BR_SC_ITJ_WMO_FABRICACAO_FIOS\\FABRICACAO_FIOS\\Gustavo dos Santos Fernandes\\07 - Projetos\\Fieiras\\back-end\\src\\usecases\\stock\\list-estoque\\list-stock.usecase.ts": {"path":"\\\\weg.net\\DFSWEG\\GROUPS\\BR_SC_ITJ_WMO_FABRICACAO_FIOS\\FABRICACAO_FIOS\\Gustavo dos Santos Fernandes\\07 - Projetos\\Fieiras\\back-end\\src\\usecases\\stock\\list-estoque\\list-stock.usecase.ts","statementMap":{"0":{"start":{"line":23,"column":41},"end":{"line":23,"column":67}},"1":{"start":{"line":26,"column":8},"end":{"line":26,"column":49}},"2":{"start":{"line":30,"column":28},"end":{"line":30,"column":58}},"3":{"start":{"line":32,"column":23},"end":{"line":32,"column":54}},"4":{"start":{"line":34,"column":8},"end":{"line":34,"column":22}},"5":{"start":{"line":38,"column":8},"end":{"line":53,"column":10}},"6":{"start":{"line":40,"column":16},"end":{"line":51,"column":18}}},"fnMap":{"0":{"name":"(anonymous_0)","decl":{"start":{"line":23,"column":4},"end":{"line":23,"column":41}},"loc":{"start":{"line":23,"column":67},"end":{"line":23,"column":71}}},"1":{"name":"(anonymous_1)","decl":{"start":{"line":25,"column":11},"end":{"line":25,"column":17}},"loc":{"start":{"line":25,"column":50},"end":{"line":27,"column":5}}},"2":{"name":"(anonymous_2)","decl":{"start":{"line":29,"column":11},"end":{"line":29,"column":16}},"loc":{"start":{"line":29,"column":24},"end":{"line":35,"column":5}}},"3":{"name":"(anonymous_3)","decl":{"start":{"line":37,"column":12},"end":{"line":37,"column":25}},"loc":{"start":{"line":37,"column":40},"end":{"line":54,"column":5}}},"4":{"name":"(anonymous_4)","decl":{"start":{"line":39,"column":29},"end":{"line":39,"column":30}},"loc":{"start":{"line":39,"column":39},"end":{"line":52,"column":13}}}},"branchMap":{"0":{"loc":{"start":{"line":45,"column":38},"end":{"line":45,"column":68}},"type":"binary-expr","locations":[{"start":{"line":45,"column":38},"end":{"line":45,"column":60}},{"start":{"line":45,"column":64},"end":{"line":45,"column":68}}]},"1":{"loc":{"start":{"line":46,"column":34},"end":{"line":46,"column":60}},"type":"binary-expr","locations":[{"start":{"line":46,"column":34},"end":{"line":46,"column":52}},{"start":{"line":46,"column":56},"end":{"line":46,"column":60}}]},"2":{"loc":{"start":{"line":47,"column":33},"end":{"line":47,"column":55}},"type":"binary-expr","locations":[{"start":{"line":47,"column":33},"end":{"line":47,"column":50}},{"start":{"line":47,"column":54},"end":{"line":47,"column":55}}]},"3":{"loc":{"start":{"line":48,"column":32},"end":{"line":48,"column":53}},"type":"binary-expr","locations":[{"start":{"line":48,"column":32},"end":{"line":48,"column":48}},{"start":{"line":48,"column":52},"end":{"line":48,"column":53}}]}},"s":{"0":3,"1":3,"2":2,"3":2,"4":2,"5":2,"6":1},"f":{"0":3,"1":3,"2":2,"3":2,"4":1},"b":{"0":[1,1],"1":[1,1],"2":[1,0],"3":[1,0]}}
,"\\\\weg.net\\DFSWEG\\GROUPS\\BR_SC_ITJ_WMO_FABRICACAO_FIOS\\FABRICACAO_FIOS\\Gustavo dos Santos Fernandes\\07 - Projetos\\Fieiras\\back-end\\src\\usecases\\stock\\update-stock\\update-stock.usecase.ts": {"path":"\\\\weg.net\\DFSWEG\\GROUPS\\BR_SC_ITJ_WMO_FABRICACAO_FIOS\\FABRICACAO_FIOS\\Gustavo dos Santos Fernandes\\07 - Projetos\\Fieiras\\back-end\\src\\usecases\\stock\\update-stock\\update-stock.usecase.ts","statementMap":{"0":{"start":{"line":33,"column":41},"end":{"line":33,"column":67}},"1":{"start":{"line":36,"column":8},"end":{"line":36,"column":52}},"2":{"start":{"line":40,"column":26},"end":{"line":40,"column":88}},"3":{"start":{"line":42,"column":8},"end":{"line":44,"column":9}},"4":{"start":{"line":43,"column":12},"end":{"line":43,"column":88}},"5":{"start":{"line":46,"column":28},"end":{"line":46,"column":85}},"6":{"start":{"line":48,"column":8},"end":{"line":52,"column":9}},"7":{"start":{"line":49,"column":12},"end":{"line":51,"column":14}},"8":{"start":{"line":54,"column":28},"end":{"line":54,"column":61}},"9":{"start":{"line":57,"column":12},"end":{"line":66,"column":27}},"10":{"start":{"line":68,"column":8},"end":{"line":68,"column":50}},"11":{"start":{"line":70,"column":8},"end":{"line":70,"column":52}},"12":{"start":{"line":72,"column":8},"end":{"line":90,"column":9}},"13":{"start":{"line":73,"column":12},"end":{"line":80,"column":15}},"14":{"start":{"line":81,"column":15},"end":{"line":90,"column":9}},"15":{"start":{"line":82,"column":12},"end":{"line":89,"column":15}},"16":{"start":{"line":92,"column":23},"end":{"line":92,"column":54}},"17":{"start":{"line":94,"column":8},"end":{"line":94,"column":22}},"18":{"start":{"line":98,"column":45},"end":{"line":107,"column":10}},"19":{"start":{"line":109,"column":8},"end":{"line":111,"column":9}},"20":{"start":{"line":110,"column":12},"end":{"line":110,"column":61}},"21":{"start":{"line":113,"column":8},"end":{"line":115,"column":9}},"22":{"start":{"line":114,"column":12},"end":{"line":114,"column":53}},"23":{"start":{"line":117,"column":8},"end":{"line":117,"column":22}}},"fnMap":{"0":{"name":"(anonymous_0)","decl":{"start":{"line":33,"column":4},"end":{"line":33,"column":41}},"loc":{"start":{"line":33,"column":67},"end":{"line":33,"column":71}}},"1":{"name":"(anonymous_1)","decl":{"start":{"line":35,"column":11},"end":{"line":35,"column":17}},"loc":{"start":{"line":35,"column":51},"end":{"line":37,"column":5}}},"2":{"name":"(anonymous_2)","decl":{"start":{"line":39,"column":11},"end":{"line":39,"column":16}},"loc":{"start":{"line":39,"column":51},"end":{"line":95,"column":5}}},"3":{"name":"(anonymous_3)","decl":{"start":{"line":97,"column":12},"end":{"line":97,"column":25}},"loc":{"start":{"line":97,"column":38},"end":{"line":118,"column":5}}}},"branchMap":{"0":{"loc":{"start":{"line":42,"column":8},"end":{"line":44,"column":9}},"type":"if","locations":[{"start":{"line":42,"column":8},"end":{"line":44,"column":9}}]},"1":{"loc":{"start":{"line":48,"column":8},"end":{"line":52,"column":9}},"type":"if","locations":[{"start":{"line":48,"column":8},"end":{"line":52,"column":9}}]},"2":{"loc":{"start":{"line":57,"column":12},"end":{"line":66,"column":27}},"type":"cond-expr","locations":[{"start":{"line":61,"column":18},"end":{"line":65,"column":null}},{"start":{"line":66,"column":18},"end":{"line":66,"column":27}}]},"3":{"loc":{"start":{"line":57,"column":12},"end":{"line":60,"column":42}},"type":"binary-expr","locations":[{"start":{"line":57,"column":12},"end":{"line":57,"column":24}},{"start":{"line":58,"column":12},"end":{"line":58,"column":41}},{"start":{"line":59,"column":12},"end":{"line":59,"column":37}},{"start":{"line":60,"column":12},"end":{"line":60,"column":42}}]},"4":{"loc":{"start":{"line":72,"column":8},"end":{"line":90,"column":9}},"type":"if","locations":[{"start":{"line":72,"column":8},"end":{"line":90,"column":9}},{"start":{"line":81,"column":15},"end":{"line":90,"column":9}}]},"5":{"loc":{"start":{"line":81,"column":15},"end":{"line":90,"column":9}},"type":"if","locations":[{"start":{"line":81,"column":15},"end":{"line":90,"column":9}}]},"6":{"loc":{"start":{"line":104,"column":24},"end":{"line":104,"column":45}},"type":"binary-expr","locations":[{"start":{"line":104,"column":24},"end":{"line":104,"column":40}},{"start":{"line":104,"column":44},"end":{"line":104,"column":45}}]},"7":{"loc":{"start":{"line":109,"column":8},"end":{"line":111,"column":9}},"type":"if","locations":[{"start":{"line":109,"column":8},"end":{"line":111,"column":9}}]},"8":{"loc":{"start":{"line":113,"column":8},"end":{"line":115,"column":9}},"type":"if","locations":[{"start":{"line":113,"column":8},"end":{"line":115,"column":9}}]}},"s":{"0":5,"1":5,"2":4,"3":4,"4":1,"5":3,"6":3,"7":1,"8":2,"9":2,"10":2,"11":2,"12":2,"13":1,"14":1,"15":1,"16":2,"17":2,"18":2,"19":2,"20":1,"21":2,"22":1,"23":2},"f":{"0":5,"1":5,"2":4,"3":2},"b":{"0":[1],"1":[1],"2":[1,1],"3":[2,1,1,1],"4":[1,1],"5":[1],"6":[2,0],"7":[1],"8":[1]}}
}
