TN:
SF:\\weg.net\DFSWEG\GROUPS\BR_SC_ITJ_WMO_FABRICACAO_FIOS\FABRICACAO_FIOS\Gustavo dos Santos Fernandes\07 - Projetos\Fieiras\back-end\src\app.ts
FNF:0
FNH:0
DA:20,1
DA:21,1
DA:23,1
DA:24,1
DA:25,1
DA:26,1
DA:27,1
DA:31,1
DA:35,1
DA:37,1
DA:38,1
DA:39,1
DA:40,1
DA:41,1
DA:44,1
DA:45,1
DA:47,1
DA:57,1
LF:18
LH:18
BRF:0
BRH:0
end_of_record
TN:
SF:\\weg.net\DFSWEG\GROUPS\BR_SC_ITJ_WMO_FABRICACAO_FIOS\FABRICACAO_FIOS\Gustavo dos Santos Fernandes\07 - Projetos\Fieiras\back-end\src\config\db.ts
FNF:0
FNH:0
DA:6,1
DA:8,1
DA:10,1
DA:12,1
DA:14,1
LF:5
LH:5
BRF:0
BRH:0
end_of_record
TN:
SF:\\weg.net\DFSWEG\GROUPS\BR_SC_ITJ_WMO_FABRICACAO_FIOS\FABRICACAO_FIOS\Gustavo dos Santos Fernandes\07 - Projetos\Fieiras\back-end\src\core\shared\errors\baseError.ts
FN:5,(anonymous_0)
FN:16,(anonymous_1)
FNF:2
FNH:1
FNDA:54,(anonymous_0)
FNDA:0,(anonymous_1)
DA:10,54
DA:11,54
DA:12,54
DA:13,54
DA:17,0
LF:5
LH:4
BRDA:6,0,0,0
BRDA:7,1,0,0
BRF:2
BRH:0
end_of_record
TN:
SF:\\weg.net\DFSWEG\GROUPS\BR_SC_ITJ_WMO_FABRICACAO_FIOS\FABRICACAO_FIOS\Gustavo dos Santos Fernandes\07 - Projetos\Fieiras\back-end\src\core\shared\errors\incorrectRequest.ts
FN:4,(anonymous_0)
FNF:1
FNH:1
FNDA:42,(anonymous_0)
DA:8,42
DA:9,42
DA:11,42
LF:3
LH:3
BRDA:5,0,0,0
BRF:1
BRH:0
end_of_record
TN:
SF:\\weg.net\DFSWEG\GROUPS\BR_SC_ITJ_WMO_FABRICACAO_FIOS\FABRICACAO_FIOS\Gustavo dos Santos Fernandes\07 - Projetos\Fieiras\back-end\src\core\shared\errors\notFound.ts
FN:4,(anonymous_0)
FNF:1
FNH:1
FNDA:12,(anonymous_0)
DA:5,12
LF:1
LH:1
BRDA:4,0,0,0
BRF:1
BRH:0
end_of_record
TN:
SF:\\weg.net\DFSWEG\GROUPS\BR_SC_ITJ_WMO_FABRICACAO_FIOS\FABRICACAO_FIOS\Gustavo dos Santos Fernandes\07 - Projetos\Fieiras\back-end\src\domain\stock\entity\stock-history.ts
FN:17,(anonymous_0)
FN:19,(anonymous_1)
FN:23,(anonymous_2)
FN:40,(anonymous_3)
FN:62,(anonymous_4)
FN:70,(anonymous_5)
FN:78,(anonymous_6)
FN:84,(anonymous_7)
FN:93,(anonymous_8)
FN:103,(anonymous_9)
FN:119,(anonymous_10)
FN:129,(anonymous_11)
FN:140,(anonymous_12)
FN:155,(anonymous_13)
FN:169,(anonymous_14)
FN:202,(anonymous_15)
FN:218,(anonymous_16)
FN:242,(anonymous_17)
FN:247,(anonymous_18)
FN:250,(anonymous_19)
FN:255,(anonymous_20)
FN:258,(anonymous_21)
FN:262,(anonymous_22)
FN:299,(anonymous_23)
FN:313,(anonymous_24)
FN:314,(anonymous_25)
FN:371,(anonymous_26)
FN:378,(anonymous_27)
FN:379,(anonymous_28)
FN:384,(anonymous_29)
FN:387,(anonymous_30)
FN:397,(anonymous_31)
FN:401,(anonymous_32)
FN:404,(anonymous_33)
FN:415,(anonymous_34)
FN:419,(anonymous_35)
FN:423,(anonymous_36)
FN:426,(anonymous_37)
FN:429,(anonymous_38)
FN:433,(anonymous_39)
FN:436,(anonymous_40)
FN:439,(anonymous_41)
FN:442,(anonymous_42)
FNF:43
FNH:28
FNDA:79,(anonymous_0)
FNDA:79,(anonymous_1)
FNDA:0,(anonymous_2)
FNDA:28,(anonymous_3)
FNDA:0,(anonymous_4)
FNDA:0,(anonymous_5)
FNDA:0,(anonymous_6)
FNDA:0,(anonymous_7)
FNDA:0,(anonymous_8)
FNDA:0,(anonymous_9)
FNDA:0,(anonymous_10)
FNDA:0,(anonymous_11)
FNDA:0,(anonymous_12)
FNDA:0,(anonymous_13)
FNDA:3,(anonymous_14)
FNDA:0,(anonymous_15)
FNDA:0,(anonymous_16)
FNDA:3,(anonymous_17)
FNDA:4,(anonymous_18)
FNDA:3,(anonymous_19)
FNDA:0,(anonymous_20)
FNDA:0,(anonymous_21)
FNDA:3,(anonymous_22)
FNDA:28,(anonymous_23)
FNDA:34,(anonymous_24)
FNDA:57,(anonymous_25)
FNDA:4,(anonymous_26)
FNDA:7,(anonymous_27)
FNDA:8,(anonymous_28)
FNDA:1,(anonymous_29)
FNDA:2,(anonymous_30)
FNDA:6,(anonymous_31)
FNDA:2,(anonymous_32)
FNDA:6,(anonymous_33)
FNDA:237,(anonymous_34)
FNDA:11,(anonymous_35)
FNDA:21,(anonymous_36)
FNDA:4,(anonymous_37)
FNDA:4,(anonymous_38)
FNDA:9,(anonymous_39)
FNDA:5,(anonymous_40)
FNDA:7,(anonymous_41)
FNDA:3,(anonymous_42)
DA:17,79
DA:20,79
DA:29,0
DA:36,0
DA:47,28
DA:51,28
DA:56,25
DA:63,0
DA:64,0
DA:71,0
DA:72,0
DA:82,0
DA:83,0
DA:84,0
DA:86,0
DA:87,0
DA:92,0
DA:93,0
DA:95,0
DA:96,0
DA:110,0
DA:111,0
DA:118,0
DA:119,0
DA:122,0
DA:123,0
DA:128,0
DA:129,0
DA:132,0
DA:133,0
DA:146,0
DA:153,0
DA:155,0
DA:157,0
DA:158,0
DA:162,0
DA:177,3
DA:178,3
DA:179,1
DA:185,2
DA:187,0
DA:188,0
DA:191,0
DA:198,0
DA:209,0
DA:210,0
DA:211,0
DA:215,0
DA:216,0
DA:218,0
DA:220,0
DA:221,0
DA:226,0
DA:231,0
DA:232,0
DA:245,3
DA:247,4
DA:253,3
DA:255,0
DA:259,0
DA:268,3
DA:270,3
DA:272,3
DA:273,0
DA:277,0
DA:283,3
DA:284,0
DA:292,0
DA:306,28
DA:308,28
DA:310,28
DA:311,28
DA:313,34
DA:314,57
DA:316,28
DA:317,28
DA:319,28
DA:326,3
DA:333,3
DA:335,0
DA:336,0
DA:339,0
DA:340,0
DA:343,3
DA:351,2
DA:354,0
DA:361,0
DA:364,2
DA:365,2
DA:366,2
DA:367,2
DA:368,2
DA:372,4
DA:373,1
DA:378,7
DA:379,8
DA:380,3
DA:382,3
DA:383,1
DA:384,1
DA:386,1
DA:387,2
DA:389,1
DA:390,1
DA:398,6
DA:402,2
DA:404,2
DA:405,6
DA:410,6
DA:411,6
DA:416,237
DA:420,11
DA:424,21
DA:427,4
DA:430,4
DA:434,9
DA:437,5
DA:440,7
DA:443,3
LF:119
LH:61
BRDA:29,0,0,0
BRDA:30,1,0,0
BRDA:30,1,1,0
BRDA:30,1,2,0
BRDA:30,1,3,0
BRDA:30,1,4,0
BRDA:47,2,0,28
BRDA:47,2,1,28
BRDA:47,2,2,27
BRDA:47,2,3,27
BRDA:47,2,4,25
BRDA:47,2,5,25
BRDA:51,3,0,25
BRDA:52,4,0,28
BRDA:52,4,1,28
BRDA:52,4,2,28
BRDA:63,5,0,0
BRDA:71,6,0,0
BRDA:82,7,0,0
BRDA:86,8,0,0
BRDA:95,9,0,0
BRDA:110,10,0,0
BRDA:122,11,0,0
BRDA:132,12,0,0
BRDA:155,13,0,0
BRDA:155,13,1,0
BRDA:157,14,0,0
BRDA:158,15,0,0
BRDA:159,16,0,0
BRDA:159,16,1,0
BRDA:177,17,0,3
BRDA:178,18,0,1
BRDA:185,19,0,0
BRDA:185,19,1,0
BRDA:209,20,0,0
BRDA:210,21,0,0
BRDA:215,22,0,0
BRDA:220,23,0,0
BRDA:231,24,0,0
BRDA:247,25,0,4
BRDA:247,25,1,0
BRDA:255,26,0,0
BRDA:255,26,1,0
BRDA:272,27,0,0
BRDA:272,28,0,3
BRDA:272,28,1,0
BRDA:272,28,2,0
BRDA:273,29,0,0
BRDA:274,30,0,0
BRDA:274,30,1,0
BRDA:274,30,2,0
BRDA:274,30,3,0
BRDA:283,31,0,0
BRDA:283,32,0,3
BRDA:283,32,1,0
BRDA:283,32,2,0
BRDA:284,33,0,0
BRDA:285,34,0,0
BRDA:285,34,1,0
BRDA:285,34,2,0
BRDA:285,34,3,0
BRDA:285,34,4,0
BRDA:285,34,5,0
BRDA:306,35,0,28
BRDA:306,35,1,26
BRDA:308,36,0,2
BRDA:308,36,1,26
BRDA:308,37,0,26
BRDA:308,37,1,1
BRDA:310,38,0,2
BRDA:310,38,1,26
BRDA:310,39,0,26
BRDA:310,39,1,1
BRDA:311,40,0,28
BRDA:311,40,1,26
BRDA:333,41,0,0
BRDA:333,41,1,0
BRDA:333,41,2,3
BRDA:333,41,3,0
BRDA:365,42,0,2
BRDA:365,42,1,0
BRDA:366,43,0,2
BRDA:366,43,1,0
BRDA:372,44,0,1
BRDA:382,45,0,1
BRDA:389,46,0,1
BRDA:389,47,0,1
BRDA:389,47,1,0
BRDA:410,48,0,2
BRDA:410,48,1,4
BRDA:434,49,0,9
BRDA:434,49,1,4
BRDA:437,50,0,5
BRDA:437,50,1,0
BRF:94
BRH:39
end_of_record
TN:
SF:\\weg.net\DFSWEG\GROUPS\BR_SC_ITJ_WMO_FABRICACAO_FIOS\FABRICACAO_FIOS\Gustavo dos Santos Fernandes\07 - Projetos\Fieiras\back-end\src\domain\stock\entity\stock.ts
FN:4,(anonymous_0)
FN:31,(anonymous_1)
FN:33,(anonymous_2)
FN:47,(anonymous_3)
FN:51,(anonymous_4)
FN:62,(anonymous_5)
FN:73,(anonymous_6)
FN:83,(anonymous_7)
FN:91,(anonymous_8)
FN:99,(anonymous_9)
FN:131,(anonymous_10)
FN:138,(anonymous_11)
FN:145,(anonymous_12)
FN:169,(anonymous_13)
FN:175,(anonymous_14)
FN:199,(anonymous_15)
FN:202,(anonymous_16)
FN:205,(anonymous_17)
FN:208,(anonymous_18)
FN:211,(anonymous_19)
FN:214,(anonymous_20)
FN:218,(anonymous_21)
FN:221,(anonymous_22)
FN:224,(anonymous_23)
FN:227,(anonymous_24)
FNF:25
FNH:25
FNDA:10,(anonymous_0)
FNDA:27,(anonymous_1)
FNDA:17,(anonymous_2)
FNDA:10,(anonymous_3)
FNDA:33,(anonymous_4)
FNDA:32,(anonymous_5)
FNDA:31,(anonymous_6)
FNDA:35,(anonymous_7)
FNDA:34,(anonymous_8)
FNDA:15,(anonymous_9)
FNDA:15,(anonymous_10)
FNDA:9,(anonymous_11)
FNDA:35,(anonymous_12)
FNDA:2,(anonymous_13)
FNDA:3,(anonymous_14)
FNDA:8,(anonymous_15)
FNDA:6,(anonymous_16)
FNDA:6,(anonymous_17)
FNDA:10,(anonymous_18)
FNDA:8,(anonymous_19)
FNDA:8,(anonymous_20)
FNDA:8,(anonymous_21)
FNDA:8,(anonymous_22)
FNDA:8,(anonymous_23)
FNDA:7,(anonymous_24)
DA:4,10
DA:5,10
DA:6,10
DA:7,10
DA:8,10
DA:31,27
DA:34,17
DA:48,10
DA:52,33
DA:56,1
DA:63,32
DA:67,1
DA:74,31
DA:75,6
DA:76,2
DA:84,35
DA:85,1
DA:92,34
DA:93,1
DA:103,15
DA:104,1
DA:109,14
DA:110,3
DA:115,11
DA:119,1
DA:124,10
DA:125,1
DA:132,15
DA:133,15
DA:134,15
DA:135,15
DA:139,9
DA:140,9
DA:141,9
DA:142,9
DA:146,35
DA:148,34
DA:150,33
DA:152,32
DA:154,31
DA:155,15
DA:158,31
DA:160,29
DA:161,15
DA:162,9
DA:165,23
DA:166,23
DA:170,2
DA:171,2
DA:172,2
DA:173,2
DA:175,3
DA:177,2
DA:178,5
DA:182,1
DA:183,1
DA:185,1
DA:186,1
DA:188,1
DA:189,1
DA:192,1
DA:196,2
DA:200,8
DA:203,6
DA:206,6
DA:209,10
DA:212,8
DA:215,8
DA:219,8
DA:222,8
DA:225,8
DA:228,7
LF:72
LH:72
BRDA:4,0,0,10
BRDA:4,0,1,10
BRDA:52,1,0,1
BRDA:53,2,0,33
BRDA:53,2,1,15
BRDA:63,3,0,1
BRDA:64,4,0,32
BRDA:64,4,1,12
BRDA:74,5,0,6
BRDA:75,6,0,2
BRDA:75,7,0,6
BRDA:75,7,1,5
BRDA:84,8,0,1
BRDA:92,9,0,1
BRDA:92,10,0,34
BRDA:92,10,1,4
BRDA:103,11,0,1
BRDA:109,12,0,3
BRDA:109,13,0,14
BRDA:109,13,1,13
BRDA:109,13,2,12
BRDA:115,14,0,1
BRDA:116,15,0,11
BRDA:116,15,1,4
BRDA:124,16,0,1
BRDA:124,17,0,10
BRDA:124,17,1,3
BRDA:141,18,0,9
BRDA:141,18,1,0
BRDA:154,19,0,15
BRDA:160,20,0,15
BRDA:160,21,0,29
BRDA:160,21,1,28
BRDA:178,22,0,1
BRDA:179,23,0,5
BRDA:179,23,1,4
BRDA:185,24,0,1
BRDA:185,25,0,1
BRDA:185,25,1,1
BRDA:188,26,0,1
BRDA:188,27,0,1
BRDA:188,27,1,1
BRDA:219,28,0,8
BRDA:219,28,1,5
BRDA:222,29,0,8
BRDA:222,29,1,5
BRF:46
BRH:45
end_of_record
TN:
SF:\\weg.net\DFSWEG\GROUPS\BR_SC_ITJ_WMO_FABRICACAO_FIOS\FABRICACAO_FIOS\Gustavo dos Santos Fernandes\07 - Projetos\Fieiras\back-end\src\generated\prisma\client.ts
FNF:0
FNH:0
DA:16,1
DA:40,1
LF:2
LH:2
BRF:0
BRH:0
end_of_record
TN:
SF:\\weg.net\DFSWEG\GROUPS\BR_SC_ITJ_WMO_FABRICACAO_FIOS\FABRICACAO_FIOS\Gustavo dos Santos Fernandes\07 - Projetos\Fieiras\back-end\src\generated\prisma\enums.ts
FNF:0
FNH:0
DA:12,1
LF:1
LH:1
BRF:0
BRH:0
end_of_record
TN:
SF:\\weg.net\DFSWEG\GROUPS\BR_SC_ITJ_WMO_FABRICACAO_FIOS\FABRICACAO_FIOS\Gustavo dos Santos Fernandes\07 - Projetos\Fieiras\back-end\src\generated\prisma\internal\class.ts
FN:41,decodeBase64AsWasm
FN:48,(anonymous_1)
FN:50,(anonymous_2)
FN:272,getPrismaClientClass
FNF:4
FNH:4
FNDA:1,decodeBase64AsWasm
FNDA:1,(anonymous_1)
FNDA:1,(anonymous_2)
FNDA:1,getPrismaClientClass
DA:18,1
DA:35,1
DA:36,1
DA:42,1
DA:43,1
DA:44,1
DA:47,1
DA:48,1
DA:51,1
DA:52,1
DA:273,1
LF:11
LH:11
BRF:0
BRH:0
end_of_record
TN:
SF:\\weg.net\DFSWEG\GROUPS\BR_SC_ITJ_WMO_FABRICACAO_FIOS\FABRICACAO_FIOS\Gustavo dos Santos Fernandes\07 - Projetos\Fieiras\back-end\src\generated\prisma\internal\prismaNamespace.ts
FNF:0
FNH:0
DA:32,1
DA:35,1
DA:38,1
DA:41,1
DA:44,1
DA:50,1
DA:51,1
DA:52,1
DA:53,1
DA:54,1
DA:62,1
DA:71,1
DA:86,1
DA:104,1
DA:114,1
DA:121,1
DA:128,1
DA:386,1
DA:1035,1
DA:1045,1
DA:1055,1
DA:1070,1
DA:1088,1
DA:1104,1
DA:1116,1
DA:1125,1
DA:1134,1
DA:1149,1
DA:1157,1
DA:1165,1
DA:1269,1
LF:31
LH:31
BRF:0
BRH:0
end_of_record
TN:
SF:\\weg.net\DFSWEG\GROUPS\BR_SC_ITJ_WMO_FABRICACAO_FIOS\FABRICACAO_FIOS\Gustavo dos Santos Fernandes\07 - Projetos\Fieiras\back-end\src\infra\api\express\api.express.ts
FN:11,(anonymous_0)
FN:19,(anonymous_1)
FN:23,(anonymous_2)
FN:24,(anonymous_3)
FN:34,(anonymous_4)
FN:35,(anonymous_5)
FN:41,(anonymous_6)
FN:42,(anonymous_7)
FN:50,(anonymous_8)
FNF:9
FNH:5
FNDA:1,(anonymous_0)
FNDA:1,(anonymous_1)
FNDA:1,(anonymous_2)
FNDA:7,(anonymous_3)
FNDA:0,(anonymous_4)
FNDA:0,(anonymous_5)
FNDA:0,(anonymous_6)
FNDA:0,(anonymous_7)
FNDA:1,(anonymous_8)
DA:12,1
DA:13,1
DA:14,1
DA:15,1
DA:16,1
DA:20,1
DA:24,1
DA:25,7
DA:26,7
DA:27,7
DA:28,7
DA:30,7
DA:35,0
DA:36,0
DA:37,0
DA:42,0
DA:47,0
DA:51,1
LF:18
LH:13
BRDA:27,0,0,3
BRDA:27,0,1,4
BRF:2
BRH:2
end_of_record
TN:
SF:\\weg.net\DFSWEG\GROUPS\BR_SC_ITJ_WMO_FABRICACAO_FIOS\FABRICACAO_FIOS\Gustavo dos Santos Fernandes\07 - Projetos\Fieiras\back-end\src\infra\api\express\routes\route.ts
FNF:0
FNH:0
DA:6,1
LF:1
LH:1
BRF:0
BRH:0
end_of_record
TN:
SF:\\weg.net\DFSWEG\GROUPS\BR_SC_ITJ_WMO_FABRICACAO_FIOS\FABRICACAO_FIOS\Gustavo dos Santos Fernandes\07 - Projetos\Fieiras\back-end\src\infra\api\express\routes\stock-history\delete-stock-history.express.route.ts
FN:20,(anonymous_0)
FN:26,(anonymous_1)
FN:34,(anonymous_2)
FN:35,(anonymous_3)
FN:50,(anonymous_4)
FN:54,(anonymous_5)
FN:58,(anonymous_6)
FNF:7
FNH:5
FNDA:1,(anonymous_0)
FNDA:1,(anonymous_1)
FNDA:1,(anonymous_2)
FNDA:0,(anonymous_3)
FNDA:1,(anonymous_4)
FNDA:1,(anonymous_5)
FNDA:0,(anonymous_6)
DA:21,1
DA:22,1
DA:23,1
DA:27,1
DA:35,1
DA:36,0
DA:38,0
DA:42,0
DA:44,0
DA:46,0
DA:51,1
DA:55,1
DA:61,0
LF:13
LH:7
BRF:0
BRH:0
end_of_record
TN:
SF:\\weg.net\DFSWEG\GROUPS\BR_SC_ITJ_WMO_FABRICACAO_FIOS\FABRICACAO_FIOS\Gustavo dos Santos Fernandes\07 - Projetos\Fieiras\back-end\src\infra\api\express\routes\stock-history\update-stock-history.express.route.ts
FN:23,(anonymous_0)
FN:29,(anonymous_1)
FN:37,(anonymous_2)
FN:38,(anonymous_3)
FN:69,(anonymous_4)
FN:73,(anonymous_5)
FN:77,(anonymous_6)
FN:83,(anonymous_7)
FNF:8
FNH:6
FNDA:1,(anonymous_0)
FNDA:1,(anonymous_1)
FNDA:1,(anonymous_2)
FNDA:0,(anonymous_3)
FNDA:1,(anonymous_4)
FNDA:1,(anonymous_5)
FNDA:1,(anonymous_6)
FNDA:0,(anonymous_7)
DA:24,1
DA:25,1
DA:26,1
DA:30,1
DA:38,1
DA:39,0
DA:41,0
DA:43,0
DA:61,0
DA:63,0
DA:65,0
DA:70,1
DA:74,1
DA:78,1
DA:80,1
DA:86,0
LF:16
LH:9
BRDA:47,0,0,0
BRDA:47,0,1,0
BRDA:48,1,0,0
BRDA:48,1,1,0
BRDA:53,2,0,0
BRDA:53,2,1,0
BRDA:54,3,0,0
BRDA:54,3,1,0
BRDA:58,4,0,0
BRDA:58,4,1,0
BRF:10
BRH:0
end_of_record
TN:
SF:\\weg.net\DFSWEG\GROUPS\BR_SC_ITJ_WMO_FABRICACAO_FIOS\FABRICACAO_FIOS\Gustavo dos Santos Fernandes\07 - Projetos\Fieiras\back-end\src\infra\api\express\routes\stock\create\create-stock.express.route.ts
FN:20,(anonymous_0)
FN:26,(anonymous_1)
FN:30,(anonymous_2)
FN:31,(anonymous_3)
FN:46,(anonymous_4)
FN:50,(anonymous_5)
FN:54,(anonymous_6)
FN:60,(anonymous_7)
FNF:8
FNH:7
FNDA:1,(anonymous_0)
FNDA:1,(anonymous_1)
FNDA:1,(anonymous_2)
FNDA:1,(anonymous_3)
FNDA:1,(anonymous_4)
FNDA:1,(anonymous_5)
FNDA:1,(anonymous_6)
FNDA:0,(anonymous_7)
DA:21,1
DA:22,1
DA:23,1
DA:27,1
DA:31,1
DA:32,1
DA:38,1
DA:40,0
DA:42,0
DA:47,1
DA:51,1
DA:55,1
DA:57,1
DA:61,0
LF:14
LH:11
BRF:0
BRH:0
end_of_record
TN:
SF:\\weg.net\DFSWEG\GROUPS\BR_SC_ITJ_WMO_FABRICACAO_FIOS\FABRICACAO_FIOS\Gustavo dos Santos Fernandes\07 - Projetos\Fieiras\back-end\src\infra\api\express\routes\stock\delete\delete-stock.express.route.ts
FN:23,(anonymous_0)
FN:29,(anonymous_1)
FN:33,(anonymous_2)
FN:34,(anonymous_3)
FN:49,(anonymous_4)
FN:53,(anonymous_5)
FN:57,(anonymous_6)
FNF:7
FNH:5
FNDA:1,(anonymous_0)
FNDA:1,(anonymous_1)
FNDA:1,(anonymous_2)
FNDA:0,(anonymous_3)
FNDA:1,(anonymous_4)
FNDA:1,(anonymous_5)
FNDA:0,(anonymous_6)
DA:24,1
DA:25,1
DA:26,1
DA:30,1
DA:34,1
DA:35,0
DA:37,0
DA:41,0
DA:43,0
DA:45,0
DA:50,1
DA:54,1
DA:58,0
LF:13
LH:7
BRF:0
BRH:0
end_of_record
TN:
SF:\\weg.net\DFSWEG\GROUPS\BR_SC_ITJ_WMO_FABRICACAO_FIOS\FABRICACAO_FIOS\Gustavo dos Santos Fernandes\07 - Projetos\Fieiras\back-end\src\infra\api\express\routes\stock\find-by-id\find-stock-by-id.express.route.ts
FN:7,(anonymous_0)
FN:13,(anonymous_1)
FN:17,(anonymous_2)
FN:18,(anonymous_3)
FN:37,(anonymous_4)
FN:41,(anonymous_5)
FNF:6
FNH:5
FNDA:1,(anonymous_0)
FNDA:1,(anonymous_1)
FNDA:1,(anonymous_2)
FNDA:0,(anonymous_3)
FNDA:1,(anonymous_4)
FNDA:1,(anonymous_5)
DA:8,1
DA:9,1
DA:10,1
DA:14,1
DA:18,1
DA:19,0
DA:20,0
DA:22,0
DA:23,0
DA:28,0
DA:30,0
DA:32,0
DA:38,1
DA:42,1
LF:14
LH:7
BRDA:22,0,0,0
BRDA:32,1,0,0
BRDA:32,1,1,0
BRF:3
BRH:0
end_of_record
TN:
SF:\\weg.net\DFSWEG\GROUPS\BR_SC_ITJ_WMO_FABRICACAO_FIOS\FABRICACAO_FIOS\Gustavo dos Santos Fernandes\07 - Projetos\Fieiras\back-end\src\infra\api\express\routes\stock\list\list-stock.express.route.ts
FN:25,(anonymous_0)
FN:31,(anonymous_1)
FN:35,(anonymous_2)
FN:36,(anonymous_3)
FN:45,(anonymous_4)
FN:49,(anonymous_5)
FN:53,(anonymous_6)
FN:55,(anonymous_7)
FNF:8
FNH:5
FNDA:1,(anonymous_0)
FNDA:1,(anonymous_1)
FNDA:1,(anonymous_2)
FNDA:0,(anonymous_3)
FNDA:1,(anonymous_4)
FNDA:1,(anonymous_5)
FNDA:0,(anonymous_6)
FNDA:0,(anonymous_7)
DA:26,1
DA:27,1
DA:28,1
DA:32,1
DA:36,1
DA:37,0
DA:39,0
DA:41,0
DA:46,1
DA:50,1
DA:54,0
DA:55,0
DA:69,0
LF:13
LH:7
BRF:0
BRH:0
end_of_record
TN:
SF:\\weg.net\DFSWEG\GROUPS\BR_SC_ITJ_WMO_FABRICACAO_FIOS\FABRICACAO_FIOS\Gustavo dos Santos Fernandes\07 - Projetos\Fieiras\back-end\src\infra\api\express\routes\stock\update\update-stock.express.route.ts
FN:26,(anonymous_0)
FN:32,(anonymous_1)
FN:36,(anonymous_2)
FN:37,(anonymous_3)
FN:64,(anonymous_4)
FN:68,(anonymous_5)
FN:72,(anonymous_6)
FN:78,(anonymous_7)
FNF:8
FNH:6
FNDA:1,(anonymous_0)
FNDA:1,(anonymous_1)
FNDA:1,(anonymous_2)
FNDA:0,(anonymous_3)
FNDA:1,(anonymous_4)
FNDA:1,(anonymous_5)
FNDA:1,(anonymous_6)
FNDA:0,(anonymous_7)
DA:27,1
DA:28,1
DA:29,1
DA:33,1
DA:37,1
DA:39,0
DA:41,0
DA:52,0
DA:53,0
DA:56,0
DA:58,0
DA:60,0
DA:65,1
DA:69,1
DA:73,1
DA:75,1
DA:79,0
DA:92,0
LF:18
LH:9
BRDA:46,0,0,0
BRDA:46,0,1,0
BRDA:46,1,0,0
BRDA:46,1,1,0
BRDA:49,2,0,0
BRDA:49,2,1,0
BRDA:49,3,0,0
BRDA:49,3,1,0
BRDA:52,4,0,0
BRDA:52,5,0,0
BRDA:52,5,1,0
BRDA:85,6,0,0
BRDA:85,6,1,0
BRDA:86,7,0,0
BRDA:86,7,1,0
BRF:15
BRH:0
end_of_record
TN:
SF:\\weg.net\DFSWEG\GROUPS\BR_SC_ITJ_WMO_FABRICACAO_FIOS\FABRICACAO_FIOS\Gustavo dos Santos Fernandes\07 - Projetos\Fieiras\back-end\src\infra\api\express\validators\stock\create-stock.zod.validator.ts
FN:29,(anonymous_0)
FN:38,(anonymous_1)
FN:42,(anonymous_2)
FNF:3
FNH:2
FNDA:0,(anonymous_0)
FNDA:1,(anonymous_1)
FNDA:1,(anonymous_2)
DA:5,1
DA:12,1
DA:29,0
DA:39,1
DA:43,1
LF:5
LH:4
BRF:0
BRH:0
end_of_record
TN:
SF:\\weg.net\DFSWEG\GROUPS\BR_SC_ITJ_WMO_FABRICACAO_FIOS\FABRICACAO_FIOS\Gustavo dos Santos Fernandes\07 - Projetos\Fieiras\back-end\src\infra\api\express\validators\stock\update-stock.zod.validator.ts
FN:30,(anonymous_0)
FN:33,(anonymous_1)
FN:52,(anonymous_2)
FN:76,(anonymous_3)
FN:80,(anonymous_4)
FNF:5
FNH:1
FNDA:0,(anonymous_0)
FNDA:0,(anonymous_1)
FNDA:0,(anonymous_2)
FNDA:1,(anonymous_3)
FNDA:0,(anonymous_4)
DA:5,1
DA:12,1
DA:30,0
DA:33,0
DA:53,0
DA:57,0
DA:64,0
DA:77,1
DA:81,0
LF:9
LH:3
BRDA:53,0,0,0
BRDA:54,1,0,0
BRDA:54,1,1,0
BRDA:58,2,0,0
BRDA:58,2,1,0
BRDA:58,2,2,0
BRF:6
BRH:0
end_of_record
TN:
SF:\\weg.net\DFSWEG\GROUPS\BR_SC_ITJ_WMO_FABRICACAO_FIOS\FABRICACAO_FIOS\Gustavo dos Santos Fernandes\07 - Projetos\Fieiras\back-end\src\infra\api\express\validators\stock-history\correct-stock-history.zod.validator.ts
FN:15,(anonymous_0)
FN:18,(anonymous_1)
FN:43,(anonymous_2)
FN:47,(anonymous_3)
FNF:4
FNH:1
FNDA:0,(anonymous_0)
FNDA:0,(anonymous_1)
FNDA:1,(anonymous_2)
FNDA:0,(anonymous_3)
DA:5,1
DA:12,1
DA:15,0
DA:18,0
DA:44,1
DA:48,0
LF:6
LH:3
BRF:0
BRH:0
end_of_record
TN:
SF:\\weg.net\DFSWEG\GROUPS\BR_SC_ITJ_WMO_FABRICACAO_FIOS\FABRICACAO_FIOS\Gustavo dos Santos Fernandes\07 - Projetos\Fieiras\back-end\src\infra\middlewares\errorHandler.ts
FN:10,isAppError
FN:14,ErrorHandler
FNF:2
FNH:2
FNDA:1,isAppError
FNDA:1,ErrorHandler
DA:11,1
DA:20,1
DA:21,0
DA:24,1
DA:25,0
DA:27,0
DA:29,0
DA:31,0
DA:33,0
DA:37,1
DA:38,1
DA:40,1
DA:41,1
DA:47,0
DA:48,0
DA:54,0
DA:55,0
DA:63,0
DA:64,0
DA:67,0
DA:68,0
LF:21
LH:7
BRDA:11,0,0,1
BRDA:11,0,1,1
BRDA:11,0,2,1
BRDA:20,1,0,0
BRDA:24,2,0,0
BRDA:25,3,0,0
BRDA:25,3,1,0
BRDA:25,3,2,0
BRDA:25,3,3,0
BRDA:37,4,0,1
BRDA:40,5,0,1
BRDA:40,6,0,1
BRDA:40,6,1,0
BRDA:47,7,0,0
BRDA:47,8,0,0
BRDA:47,8,1,0
BRDA:54,9,0,0
BRDA:63,10,0,0
BRF:18
BRH:6
end_of_record
TN:
SF:\\weg.net\DFSWEG\GROUPS\BR_SC_ITJ_WMO_FABRICACAO_FIOS\FABRICACAO_FIOS\Gustavo dos Santos Fernandes\07 - Projetos\Fieiras\back-end\src\infra\middlewares\validationStock.ts
FN:6,validationStock
FN:7,(anonymous_1)
FN:13,(anonymous_2)
FNF:3
FNH:2
FNDA:3,validationStock
FNDA:1,(anonymous_1)
FNDA:0,(anonymous_2)
DA:7,3
DA:8,1
DA:9,1
DA:10,1
DA:12,0
DA:13,0
DA:18,0
DA:21,0
DA:22,0
DA:24,0
LF:10
LH:4
BRDA:12,0,0,0
BRDA:21,1,0,0
BRF:2
BRH:0
end_of_record
TN:
SF:\\weg.net\DFSWEG\GROUPS\BR_SC_ITJ_WMO_FABRICACAO_FIOS\FABRICACAO_FIOS\Gustavo dos Santos Fernandes\07 - Projetos\Fieiras\back-end\src\infra\repositories\stock\prisma\stock-history.repository.prisma.ts
FN:9,(anonymous_0)
FN:11,(anonymous_1)
FN:15,(anonymous_2)
FN:19,(anonymous_3)
FN:33,(anonymous_4)
FN:46,(anonymous_5)
FN:56,(anonymous_6)
FN:65,(anonymous_7)
FN:70,(anonymous_8)
FN:75,(anonymous_9)
FN:81,(anonymous_10)
FN:82,(anonymous_11)
FNF:12
FNH:2
FNDA:1,(anonymous_0)
FNDA:1,(anonymous_1)
FNDA:0,(anonymous_2)
FNDA:0,(anonymous_3)
FNDA:0,(anonymous_4)
FNDA:0,(anonymous_5)
FNDA:0,(anonymous_6)
FNDA:0,(anonymous_7)
FNDA:0,(anonymous_8)
FNDA:0,(anonymous_9)
FNDA:0,(anonymous_10)
FNDA:0,(anonymous_11)
DA:9,1
DA:12,1
DA:16,0
DA:20,0
DA:34,0
DA:47,0
DA:51,0
DA:53,0
DA:57,0
DA:59,0
DA:66,0
DA:70,0
DA:72,0
DA:76,0
DA:82,0
DA:83,0
DA:88,0
LF:17
LH:2
BRDA:16,0,0,0
BRDA:16,0,1,0
BRDA:51,1,0,0
BRDA:57,2,0,0
BRF:4
BRH:0
end_of_record
TN:
SF:\\weg.net\DFSWEG\GROUPS\BR_SC_ITJ_WMO_FABRICACAO_FIOS\FABRICACAO_FIOS\Gustavo dos Santos Fernandes\07 - Projetos\Fieiras\back-end\src\infra\repositories\stock\prisma\stock.repository.prisma.ts
FN:13,(anonymous_0)
FN:15,(anonymous_1)
FN:19,(anonymous_2)
FN:23,(anonymous_3)
FN:49,(anonymous_4)
FN:63,(anonymous_5)
FN:74,(anonymous_6)
FN:80,(anonymous_7)
FN:83,(anonymous_8)
FN:88,(anonymous_9)
FN:98,(anonymous_10)
FN:106,(anonymous_11)
FN:115,(anonymous_12)
FN:125,(anonymous_13)
FN:131,(anonymous_14)
FNF:15
FNH:6
FNDA:1,(anonymous_0)
FNDA:1,(anonymous_1)
FNDA:2,(anonymous_2)
FNDA:1,(anonymous_3)
FNDA:0,(anonymous_4)
FNDA:0,(anonymous_5)
FNDA:0,(anonymous_6)
FNDA:0,(anonymous_7)
FNDA:0,(anonymous_8)
FNDA:1,(anonymous_9)
FNDA:1,(anonymous_10)
FNDA:0,(anonymous_11)
FNDA:0,(anonymous_12)
FNDA:0,(anonymous_13)
FNDA:0,(anonymous_14)
DA:13,1
DA:16,1
DA:20,2
DA:35,1
DA:50,0
DA:64,0
DA:75,0
DA:81,0
DA:83,0
DA:85,0
DA:89,1
DA:93,1
DA:95,1
DA:99,1
DA:103,1
DA:107,0
DA:109,0
DA:116,0
DA:120,0
DA:122,0
DA:126,0
DA:132,0
LF:22
LH:9
BRDA:20,0,0,0
BRDA:20,0,1,2
BRDA:70,1,0,0
BRDA:70,1,1,0
BRDA:93,2,0,0
BRDA:103,3,0,1
BRDA:103,3,1,0
BRDA:107,4,0,0
BRDA:120,5,0,0
BRF:9
BRH:2
end_of_record
TN:
SF:\\weg.net\DFSWEG\GROUPS\BR_SC_ITJ_WMO_FABRICACAO_FIOS\FABRICACAO_FIOS\Gustavo dos Santos Fernandes\07 - Projetos\Fieiras\back-end\src\usecases\stock-history\correct-stock-history\correct-stock-history.usecase.ts
FN:31,(anonymous_0)
FN:36,(anonymous_1)
FN:43,(anonymous_2)
FN:85,(anonymous_3)
FNF:4
FNH:4
FNDA:5,(anonymous_0)
FNDA:5,(anonymous_1)
FNDA:4,(anonymous_2)
FNDA:1,(anonymous_3)
DA:32,5
DA:33,5
DA:40,5
DA:44,4
DA:46,4
DA:47,1
DA:52,3
DA:56,3
DA:57,1
DA:60,2
DA:68,2
DA:70,2
DA:72,2
DA:73,1
DA:76,1
DA:78,1
DA:80,1
DA:82,1
DA:86,1
DA:97,1
LF:20
LH:20
BRDA:46,0,0,1
BRDA:56,1,0,1
BRDA:62,2,0,2
BRDA:62,2,1,0
BRDA:63,3,0,2
BRDA:63,3,1,0
BRDA:64,4,0,2
BRDA:64,4,1,0
BRDA:65,5,0,2
BRDA:65,5,1,0
BRDA:72,6,0,1
BRF:11
BRH:7
end_of_record
TN:
SF:\\weg.net\DFSWEG\GROUPS\BR_SC_ITJ_WMO_FABRICACAO_FIOS\FABRICACAO_FIOS\Gustavo dos Santos Fernandes\07 - Projetos\Fieiras\back-end\src\usecases\stock-history\delete-stock-history\delete-stock-history.usecase.ts
FN:27,(anonymous_0)
FN:32,(anonymous_1)
FN:39,(anonymous_2)
FN:63,(anonymous_3)
FN:66,(anonymous_4)
FN:89,(anonymous_5)
FNF:6
FNH:6
FNDA:5,(anonymous_0)
FNDA:5,(anonymous_1)
FNDA:4,(anonymous_2)
FNDA:6,(anonymous_3)
FNDA:2,(anonymous_4)
FNDA:1,(anonymous_5)
DA:28,5
DA:29,5
DA:36,5
DA:42,4
DA:44,4
DA:45,1
DA:50,3
DA:54,3
DA:55,1
DA:58,2
DA:60,2
DA:62,2
DA:63,6
DA:66,2
DA:68,2
DA:72,2
DA:73,1
DA:76,1
DA:78,1
DA:80,1
DA:82,1
DA:84,1
DA:86,1
DA:90,1
DA:101,1
LF:25
LH:25
BRDA:44,0,0,1
BRDA:54,1,0,1
BRDA:72,2,0,1
BRF:3
BRH:3
end_of_record
TN:
SF:\\weg.net\DFSWEG\GROUPS\BR_SC_ITJ_WMO_FABRICACAO_FIOS\FABRICACAO_FIOS\Gustavo dos Santos Fernandes\07 - Projetos\Fieiras\back-end\src\usecases\stock\create-stock\create-stock.usecase.ts
FN:24,(anonymous_0)
FN:26,(anonymous_1)
FN:30,(anonymous_2)
FN:71,(anonymous_3)
FNF:4
FNH:4
FNDA:5,(anonymous_0)
FNDA:5,(anonymous_1)
FNDA:5,(anonymous_2)
FNDA:1,(anonymous_3)
DA:24,5
DA:27,5
DA:31,5
DA:33,5
DA:34,1
DA:37,4
DA:39,4
DA:40,2
DA:45,2
DA:47,2
DA:49,2
DA:51,2
DA:52,1
DA:57,1
DA:66,1
DA:68,1
DA:72,1
DA:80,1
LF:18
LH:18
BRDA:33,0,0,1
BRDA:39,1,0,2
BRDA:51,2,0,1
BRF:3
BRH:3
end_of_record
TN:
SF:\\weg.net\DFSWEG\GROUPS\BR_SC_ITJ_WMO_FABRICACAO_FIOS\FABRICACAO_FIOS\Gustavo dos Santos Fernandes\07 - Projetos\Fieiras\back-end\src\usecases\stock\delete-stock\delete-stock.usecase.ts
FN:27,(anonymous_0)
FN:29,(anonymous_1)
FN:33,(anonymous_2)
FN:45,(anonymous_3)
FNF:4
FNH:3
FNDA:3,(anonymous_0)
FNDA:3,(anonymous_1)
FNDA:2,(anonymous_2)
FNDA:0,(anonymous_3)
DA:27,3
DA:30,3
DA:34,2
DA:36,2
DA:38,1
DA:40,0
DA:42,0
DA:46,0
DA:58,0
LF:9
LH:5
BRDA:36,0,0,1
BRF:1
BRH:1
end_of_record
TN:
SF:\\weg.net\DFSWEG\GROUPS\BR_SC_ITJ_WMO_FABRICACAO_FIOS\FABRICACAO_FIOS\Gustavo dos Santos Fernandes\07 - Projetos\Fieiras\back-end\src\usecases\stock\find-stock-by-id\find-stock-by-id.usecase.ts
FN:23,(anonymous_0)
FN:25,(anonymous_1)
FN:29,(anonymous_2)
FN:43,(anonymous_3)
FNF:4
FNH:4
FNDA:3,(anonymous_0)
FNDA:3,(anonymous_1)
FNDA:2,(anonymous_2)
FNDA:1,(anonymous_3)
DA:23,3
DA:26,3
DA:30,2
DA:32,2
DA:33,1
DA:38,1
DA:40,1
DA:44,1
DA:57,1
LF:9
LH:9
BRDA:32,0,0,1
BRDA:51,1,0,1
BRDA:51,1,1,0
BRDA:52,2,0,1
BRDA:52,2,1,0
BRF:5
BRH:3
end_of_record
TN:
SF:\\weg.net\DFSWEG\GROUPS\BR_SC_ITJ_WMO_FABRICACAO_FIOS\FABRICACAO_FIOS\Gustavo dos Santos Fernandes\07 - Projetos\Fieiras\back-end\src\usecases\stock\list-estoque\list-stock.usecase.ts
FN:23,(anonymous_0)
FN:25,(anonymous_1)
FN:29,(anonymous_2)
FN:37,(anonymous_3)
FN:39,(anonymous_4)
FNF:5
FNH:5
FNDA:3,(anonymous_0)
FNDA:3,(anonymous_1)
FNDA:2,(anonymous_2)
FNDA:2,(anonymous_3)
FNDA:1,(anonymous_4)
DA:23,3
DA:26,3
DA:30,2
DA:32,2
DA:34,2
DA:38,2
DA:40,1
LF:7
LH:7
BRDA:45,0,0,1
BRDA:45,0,1,1
BRDA:46,1,0,1
BRDA:46,1,1,1
BRDA:47,2,0,1
BRDA:47,2,1,0
BRDA:48,3,0,1
BRDA:48,3,1,0
BRF:8
BRH:6
end_of_record
TN:
SF:\\weg.net\DFSWEG\GROUPS\BR_SC_ITJ_WMO_FABRICACAO_FIOS\FABRICACAO_FIOS\Gustavo dos Santos Fernandes\07 - Projetos\Fieiras\back-end\src\usecases\stock\update-stock\update-stock.usecase.ts
FN:33,(anonymous_0)
FN:35,(anonymous_1)
FN:39,(anonymous_2)
FN:97,(anonymous_3)
FNF:4
FNH:4
FNDA:5,(anonymous_0)
FNDA:5,(anonymous_1)
FNDA:4,(anonymous_2)
FNDA:2,(anonymous_3)
DA:33,5
DA:36,5
DA:40,4
DA:42,4
DA:43,1
DA:46,3
DA:48,3
DA:49,1
DA:54,2
DA:57,2
DA:68,2
DA:70,2
DA:72,2
DA:73,1
DA:81,1
DA:82,1
DA:92,2
DA:94,2
DA:98,2
DA:109,2
DA:110,1
DA:113,2
DA:114,1
DA:117,2
LF:24
LH:24
BRDA:42,0,0,1
BRDA:48,1,0,1
BRDA:57,2,0,1
BRDA:57,2,1,1
BRDA:57,3,0,2
BRDA:57,3,1,1
BRDA:57,3,2,1
BRDA:57,3,3,1
BRDA:72,4,0,1
BRDA:72,4,1,1
BRDA:81,5,0,1
BRDA:104,6,0,2
BRDA:104,6,1,0
BRDA:109,7,0,1
BRDA:113,8,0,1
BRF:15
BRH:14
end_of_record
